632219	广州南粤视听设备有限公司
632284	珠海鑫泰节能电子有限公司
632285	深圳市亿贝斯特电器有限公司成都办事处
632288	佛山市高明爱博广告材料厂
632289	东莞市同沙利羽彩艺印刷有限公司
632298	广州市驰铭叉车配件有限公司
632338	天龙王能源科技有限公司中山分工司
632352	深圳市新穗源塑胶材料有限公司
632409	佛山市高明区荷城国饰玻璃工艺厂
632453	深圳市亿镓电子科技有限公司
632458	深圳市鸿远电子锁有限公司
632479	东莞市正杰百货贸易有限公司
632489	江门市新会区诚信木制品厂
632516	广州致铭叉车设备有限公司
632517	广州塔沃尔塔贸易有限公司
632523	东莞市深辕发五金达克罗加工厂
632528	东莞市复临泰撕开留字包装材料有限公司
632753	新加坡凯发集团深圳市分公司
632764	深圳市创世磁铁制品有限公司
632791	东莞市长安德勤机械厂
632800	东莞虎门多贝普自动化设备厂
632804	广州欧雅艺术发展有限公司
632806	深圳市宝安区新安振华测试器材有限公司
632830	尙熙贸易有限公司
632932	佛山大良艾格玛工具商行
632939	潮安县东宇珠绣时装工艺厂
632966	深圳市金冠编织制品有限公司
633024	广州市番禺区钟村海纳川橡胶制品经营部
633045	v只需在西方
633071	郑走鬼海柳烟嘴烟具有限公司
633097	深圳市善翔塑化原材料有限公司
633100	深圳市凯力德智能器材有限公司
633101	广东省东莞市日进鑫电线有限公司
633120	万励黏胶制品有限公司
633192	广州番禺海纳川橡胶有限公司
633194	广州市美达垫片厂
633213	深圳市炬飞科技有限公司业务部2
633199	广州福来尔自动化控制技术有限公司
633240	广州上力包装设备有限公司
633252	深圳市德润机械有限公司营业部
633295	深圳市深发方圆家具有限公司销售部
633298	深圳市艾博威科技有限公司
633308	东莞市天地服装辅料制品厂
633349	热风器热风机广州市迪涛焊接设备有限公司
633404	深圳市博雄光电有限公司
633423	深圳麒菱科技有限公司
633424	东莞市东坑斯林锋箭五金加工店
633426	阳江市东昊有机玻璃制品工艺厂
633430	志亿箱包皮具手袋厂
633442	深圳市宝安区新嘉理胶袋制品厂
633463	中山市小榄镇七品五金工艺品厂
633503	喜东创科技有限公司
633511	深圳市龙岗区平湖鸿进五金加工厂
633517	广州威翔皮具厂
633570	永诚喷油丝印厂
633585	深圳市盛泰烫画服饰有限公司
633593	佛山安德生数码喷墨打印机有限公司
633604	中山市超时光照明有限公司
633647	广州众利达线路板有限公司
633706	伊诺斯亚洲有限公司
633824	东莞市大岭山威克硅胶材料经营部
633842	深圳市祥瑞磁业有限公司
633874	荣佳五金塑胶家具厂
633889	广东省宏鑫体育有限公司
633902	佛山市南海区双立户外用品有限公司
633908	深圳市亿镓电子科技有限公司
633927	惠州市惠阳区路林机械设备制造厂
633931	深圳市天臻源科技有限公司
633948	东莞市盛文五金皮具有限公司
634007	东莞市鑫柯硅胶制品厂业务部门
634010	广州兴越PVC成品厂
634129	深圳市美德利液压油泵有限公司
634133	广州丽源蛋制品有限公司
634145	东莞庆邦中旋旋转接头制造厂
634149	德利万电气珠海生产工厂
634244	深圳市伟利昌塑胶模具注塑有限公司
634273	深圳市剑敏实业科技有限公司
634276	深圳泰瑞国际货运代理有限公司业务部
634300	灵食数碼科技
634326	恒烽达模特衣架有限公司
634327	玖兴塑胶原料有限责任公司
634369	广州凯翔达汽车配件有限公司
634390	东莞虹旺电子胶贴制品厂
634452	广州凯达挖掘机配件有限公司
634494	东莞市大朗华磁磁铁加工厂
634513	东莞市黄江芸美电子制品厂
634517	深圳市华南验厂企业管理顾问有限公司
634565	广州启扬旗帜工艺品厂
634621	广州战地黑鹰户外用品有限公司
634626	东莞市谢岗镇耀荣返沙厂
634700	华晨色母有限公司
634733	永兴隆金属抛光厂
634747	香港富井機器人有限公司
634773	香港亿鼎电子科技有限公司
634792	东莞市龙森特殊钢有限公司
634793	广州市晶彩光电器材厂
634804	深圳市捷亨防雷科技有限公司
634816	东莞市凯诚自动化设备有限公司销售部
634826	深圳市马尔巴电子科技有限公司
634839	广州鑫瑞自动化设备有限公司
634840	深圳市菲斯凯尔电子厂
634855	东莞市樟木头志诚塑胶原料经营部
634859	东莞市富美达橡胶有限公司
634878	中山市古镇泰亨照明灯饰厂
634941	佛山市广钻机电有限公司
635000	佛山市禅城区元利泰金属材料有限公司石啃办事处
635002	東莞雄展試驗設備有限公司
635022	广州市摩恩实业有限公司
635032	东莞市小金刀珠宝有限公司
635081	深圳市亿宝龙特殊钢材有限公司
635082	中山市乐的锁业有限公司
635161	中山市璨华科技照明有限公司
635167	珠海鸿博石业装饰工程有限公司
635179	广东省深圳市粤旺印刷机械设备有限公司
635188	深圳市柏坷时代投资发展有限公司
635225	ABI涂料有限公司
635291	东莞市恒盟五金制品有限公司
635324	广州强盛制卡科技有限公司
635349	泽安有机硅新材料有限公司
635366	佛山市南海区里水精锐五金货架制造厂
635379	广东利达电子仪表分公司
635407	中山市周翔五金有限公司
635408	东莞市千代机电安装有限公司
635410	东莞市寮步镇宏顺包装材料制品厂
635411	东莞市寮步镇宏顺包装材料制品厂
635412	东莞市寮步镇宏顺包装材料制品厂
635413	东莞市寮步镇宏顺包装材料制品厂
635414	东莞市寮步镇宏顺包装材料制品厂
635424	乐清市虹桥伟佳通讯电子厂
635491	东莞市胜动新能源科技有限公司电商部
635492	福州盈泰自动化科技有限公司广州办事处
635507	深圳市祥瑞磁铁有限公司
635556	东莞秉顺制漆有限公司
635567	东莞黄江聚威相框工艺制品厂
635619	广东省茂名市化州沉香基地
635624	中山市柏晟科技照明有限公司
635633	深圳市五洲电子广场宝盛电子经营部
635643	东莞鼎立磨具制品厂
635672	广州保瓦电子科技有限公司销售部
635681	广州垭太广告灯箱厂
635701	琦欣防伪有限公司
635717	广东赢龙门业科技有限公司
635736	广州林海条码纸有限公司
635750	广州奥衣轩服装有限公司
635774	佛山市鑫淼展览用品有限公司
635788	东莞兴达建设广州分公司
635815	江门市新会再生物料有限公司
635819	东莞市技冠镭射科技有限公司
635826	深圳中进自控设备有限公司
635850	霄鹏控股有限公司
635853	佛山森德橡胶磁厂
635870	东莞市长安大谦五金厂
635933	锐洁清洁球加工厂
635940	深圳企新鸿电子科技有限公司
635964	广州鸿翔磁铁材料厂
635998	广州优创丝印喷油厂
636008	广州市德欣生物科技有限公司
636009	晶虹鑫科技股份有限公司
636033	阳东摩尼宝
636066	广东省东莞市谢岗兴达路灯厂
636082	东莞市虎门龙树鞋材厂
636098	广州晋思伞业有限公司
636106	科启达电子科技有限公司采购部
636116	深圳市光大佳廉电子有限公司
636134	益家亮照明有限公司
636161	深圳一诺首板模型设计有限公司
636166	深圳市辉丽胶袋制品有限公司
636178	东莞市正普塑胶原料有限公司
636297	广州诺亚美容仪器厂
636311	佛山南海煌阳五金压铸厂
636351	深圳市凯帝源科技有限公司
636376	奥普拓实业有限公司
636382	广州艾格模特演艺经纪有限公司
636385	东莞市幸福厨具热能科技有限公司
636404	华力织唛厂
636441	广州市花都区赤坭通达五金厂
636447	深圳飞尼特实业有限公司销售部
636457	广州汇顶喷绘广告材料公司
636476	深圳利雄金属材料有限公司
636492	深圳伯仲艺祥皮具厂
636501	全富制衣临工集团
636511	富美达橡胶有限公司
636522	深圳市源达丰电子有限公司、天气预报万年历
636554	东莞海煜五金商贸有限公司
636560	东莞市富津榜电子五金科技有限公司
636585	深圳利达仪表分公司
636662	迪威诺国际有限公司
636678	奔玛控股有限公司
636683	东莞中意软件有限公司
636704	深圳市技博电子有限公司营销部
636759	广东华泰煤业公司
636767	佛山市三水区创兆业橡胶厂
636796	广州市新兴电线缆实业有限公司
636824	上海宝龙气动泵阀厂广州办事处
636754	宗荣眼镜制造厂
636879	深圳市斯福士科技有限公司
636890	深圳市惠鸿海科技有限公司
636897	杨龙胶袋制品厂
636898	深圳市远创塑胶薄膜制品有限公司
636924	深圳市恒峰印刷有限公司
636933	广州德凯胶粘材料有限公司
636943	佑安二手商标机
636948	深圳市锋创发电子有限公司
636952	车载mp3厂家直销
636978	中山市鑫鸿打印耗材制造厂
637120	深圳富通废品废料回收公司
637155	创鑫盛鼠标外壳模具制品厂
637194	柏艺喷涂机械设备厂
637261	伟方成电子科技有限公司
637325	广州铨聚臭氧环保有限公司
637329	广州能点鑫印王有限公司
637373	新力集团佳速机械
637383	東莞市合美金屬製品有限公司
637388	东莞市谢岗圣鑫洗涤剂经营部
637420	广州倍亿汽车零配件有限公司
637424	香港华宇生物技术有限公司
637427	东莞市华格织带厂
637434	东莞37度生活家居用品有限公司
637590	辉鼎磨具厂
637595	悍高厨房功能五金公司
637657	中山市东升旗金诺泰机械设备厂
637700	东莞东晟磁电技术有限公司业务部
637709	佛山市宏兴螺丝五金商行
637716	广东云浮协力网布厂
637725	泓圣硅胶制品厂
637768	齐顺门窗配件厂
637769	珠海迈腾数码科技有限公司
637797	广州宏胜联盛塑胶加工厂
637889	深圳市富世通科技有限公司市场部
637916	广州迅驰汽车用品有限公司
637934	中国名裁时尚服饰制衣有限公司
637961	东莞市达盛工程塑料有限公司
637985	深圳市蓝精灵光学有限公司
637989	中山菲沃玛实业有限公司
637996	广州合锐汽车灯饰用品有限公司
638010	深圳卫士安电子股份有限公司
638014	深圳市超美环保设备有限公司
638029	骏腾织唛印刷厂
638034	广东省贝信通信科技有限公司深圳分公司
638057	快淘吧购物商城
638073	中山陞鴻機械科技有限公司
638096	广州市鑫辉电子游乐设备有限公司
638100	深圳远传国际智慧科技有限公司
638148	佛山市南海区桂城石肯建业塑料五金厂
638157	佛山鼎盛废品回收公司
638181	惠州市烨峰自动门有限公司
638196	广州联盛塑胶制品厂
638199	东莞虎门美莱伊佳服饰有限公司
638095	东莞港通进口车行
638118	东莞市长安大湾五金饰品配件厂
638246	高要市金利镇金龙汇表面处理厂
638259	佛山市铭瀚五金机电有限公司
638293	广州Bowen皮具有限公司
638322	汕头市冰鱼玩具有限公司
638324	东莞万科测量仪器有限公司
638358	广州星华玻璃工程有限公司
638371	东莞长安罗士电脑锣精雕加工厂
638463	广东省阳春市大麦虫养殖基地
638472	合发拉丝五金制品厂
638485	东莞市佳捷塑胶原料有限公司
638530	阳江市新力工业有限公司开平办事处
638533	顺鑫发塑胶行
638588	深圳市宏新制冷设备有限公司
638600	广州森耐胶粘剂有限公司
638606	深圳市创诺兄弟贸易有限公司
638613	佛山市顺德区容桂新生包装印刷厂
638622	广州宏鑫工程机械配件有限公司
638624	八度电声器材厂
638635	广州澳菲斯金属建材有限公司
638645	广东美可达防霉片公司
638670	煜钗广告设计公司
638695	红裕手袋制品厂
638720	广州蔓佗萝香料有限公司
638753	深圳市欧爷科贸有限公司
638762	东莞市精铜铝业有限公司
638779	佛山市斯克尔金刚石刀具有限公司
638793	佛山市添褀电路板有限公司
638820	佛山市顺德区东朋工贸有限公司
638825	深圳市玖鼎光源有限公司
638850	东莞子情服饰有限公司
638860	瑞金市象湖镇华悦制衣厂
638872	佛山辉勇超洁亮抛光配件厂
638873	营美钮扣行
638881	深圳市龙华镇新德利威包装材料有限公司
638904	深圳市桂隆建筑工程有限公司
638914	东莞益和吸塑包装材料有限公司
638982	高明新益塑料厂
638991	佛山高明火星机制炭厂
639019	佛山市裕成金属废品回收公司
639026	深圳恒信玻纤有限公司
639040	佛山市南海区炳辉网业制造有限公司
639117	东莞日东测量商行有限公司
639186	东莞市鑫颢塑胶贸易有限公司销售部
639193	深圳市明茂劳务派遣公司
639219	联发贝壳钮扣厂
639243	阳东县联达精细化工厂
639293	广州鹏拓科技有限公司
639336	开平市月山镇鑫星电子设备经营部
639340	深圳市富喆激光有限公司
639360	尚别商贸中心
639364	深圳宝利热能设备有限公司
639381	深圳市合成标牌制品有限公司
639432	惠州市安泰安防实业发展有限公司销售部
639433	深圳市宏华通胶粘材料有限公司
639470	东莞市宇帆礼品有限公司
639476	深圳市卓利芯智能卡厂
639482	诺依信香港有限公司
639495	广州市骏江泡沫橡胶制品有限公司
639499	深圳市安鹏电源科技有限公司
639558	东莞市宏昇硅橡胶模具制品厂
639562	中山红霸王电器有限公司
639575	huakaidi科技有限公司
639577	栋梁科技实业有限公司
639578	深圳市精控伺服有限公司
639611	深圳市安琦康科技有限公司
639619	东莞奔鑫机械厂
639625	艾八威集团有限公司
639650	顺德俊丽五金电器厂
639665	深圳市索日光新能源科技有限公司
639704	广州铨聚臭氧贸易科技有限公司
639744	广州高治柏公司
639779	深圳市弗蓝迪科技有限公司
639815	埃默瑞科技有限公司
639838	东莞鸿茂精密量仪有限公司
639601	深圳生龙条码科技有限公司
639925	广州堡鹂鸿制服有限公司
639927	广州国华文具五金有限公司
639995	共景国际企业有限公司
639997	集思联创系统有限公司
640000	陕西今世发门窗有限公司西安防盗门
640073	深圳市坪山新区华远轴承经销部
640080	揭阳粤欣电线厂
640090	深圳市明速自动化设备有限公司苏州办事处
640095	佛山市千兴盈钢材有限公司
640126	利迪国际实业有限公司
640129	佛山市诺信门业
640132	广东肇庆致远饰品有限公司
640134	神州禹业装饰材料有限公司
640136	中山市柏晟科技照明电器有限公司
640137	东莞市大岭山稳泰铝制品加工厂
640140	深圳市易德利塑胶制品有限公司
640145	东莞市大岭山隆宏五金电子厂
640172	广州市全程纸品有限公司
640184	丹利美五金压铸加工厂
640045	东莞市虎门怡锋电子厂
640228	东莞市大朗锦扬包装材料制品厂
640245	广州悦邦酒店皮具用品厂
640262	深圳市炫华红外摄像机实业有限公司
640279	广州骏荣塑料包装厂
640285	深圳市知音仕视听科技有限公司
640303	广东飞跃电子科技有限公司
640350	广州市朗宁电子有限公司
640351	广州中沃重型汽车配件贸易公司
640407	广州環誉电子有限公司
640408	深圳市顺德兴五金玻璃钢制品有限公司
640437	中山市小榄镇远东机械设备厂
640490	鑫福鴻金属模具材料有限公司
640519	东莞市台索机械设备有限公司
640554	深圳天普厚科技有限公司
640612	深圳市奥航伟业电子有限公司
640667	康利时钟表制品厂
640699	佛山市盛大伸缩门厂
640714	优尼惠普实业有限公司
640825	东莞永盛绝缘材料有限公司
640852	东莞视美电子商务有限公司
640855	深圳市五环螺丝紧固件五金制品厂
640890	深圳红酒包装厂
640894	新力轻胶制品厂
640899	广东顺德PPG涂料有限公司
640906	金祥盛科技有现公司
640907	广州亚津电子衡器有限公司
640916	東莞市山地電子有限公司
640937	康裕醫療有限公司
640942	深圳弘瑞电器电线厂
640964	佛山市顺德区大今焊机厂
640971	创艺支架厂
640996	众利达线路板有限公司
641047	东莞市皇城包装材料有限公司
641128	广州精彩同方印刷厂
641203	利诚服饰辅料配件厂
641248	深圳市优算电子制品厂
641291	深圳希灿威电子有限公司
641337	广东健和集团股份有限公司
641344	深圳市新宇科斯有限公司
641372	航苑参茸土特产有限公司
641400	揭阳市鸿运家具铰链厂
641410	广州合强暧通空调材料有限公司
641414	东莞市李恒机电设备有限公司
641432	东莞市长安喜华商标织带加工店
641458	东莞市万江豪尔威防伪制品厂
641467	荞潾家具厂
641472	东莞市虎门吉富塑胶制品厂
641499	深圳高时捷电业有限公司
641576	深圳市聚龍豐科技有限公司
641613	东莞市鹤立特种纸厂有限公司
641664	优乐美陶瓷礼品有限公司
641685	富俬达家具有限公司深圳分公司
641722	深圳市奥尼索勒科技有限公司
641771	东莞市同巨硅橡胶制品厂
641780	佛山鸿越塑料包装制品有限公司
641848	广东佛山童心毛绒玩具厂
641850	东莞市通达硅橡胶制品厂
641851	东莞市厚街智德印刷器材商店
641860	尼可时尚女装批发网
641905	丰盛茄科技有限公司
641924	深圳市鸿明粘扣带有限公司
641952	东莞市峥芸五金螺丝厂
641957	深圳C度珠宝公司
642149	深圳市世润达塑胶电子有限公司
642154	广州力索工艺礼品有限公司
642278	广东铝单板塑板有限公司
642286	佛山灏溢电子五金制品有限公司
642335	佛山远光照明电器有限公司
642361	广州虹特科技有限公司
642367	东莞市大岭山志高五金厂
642389	东莞市黄江大田塑胶机械厂
642414	佛山文绕陶瓷拼画有限公司
642419	广州纳力富服装铺料有限公司
642441	莱色时尚饰品店
642458	深圳市SLS电子科技有限公司
642464	佛山市志满纺织机械配件经营部
642472	汕头万吉吹泡水玩具厂
642477	惠州百灵乐器配件厂
642526	佛山市順德區勒流聯龍五金有限公司
642557	东莞市联华废品回收公司
642571	深圳市鸿曜达科技有限公司
642596	佛山市顺德区乐从镇金雅兰家具厂
642632	上海亮腾电子科技有限公司
642633	广州邦顺托运公司
642650	东莞市富景包装制品加工厂
642685	深圳市恒升鑫机电设备有限公司
642713	深圳市邦佳橡胶漆涂料厂
642715	广州市番禺区涂安实业公司
642728	卓悦彩昌有限公司
642756	深圳市禾佳金属材料有限公司
642778	东莞市黄江达利来硅胶模具厂
642841	广州市莫凡纸品厂
642845	华记丝印
642847	龙珠电子/双良软件
642853	深圳市久固橡胶五金制品有限公司
642867	深圳市邦迪尔科技有限公司
642919	香港斯布莱格国际进出口集团有限公司
642928	深圳市吉龙模具钢材有限公司
642964	广州市金壶保温材料有限公司
643006	广东省广州市嘉亿百货有限公司
643025	深圳市安亮照明科技有限公司
643050	佛山利金晟制衣设备有限公司
643062	广州雷腾斯实业有限公司
643066	广州市亨龙精密机电有限公司
643094	深龙杰Loge有限公司
643098	东莞市锦莱塑胶有限公司
643117	中山市东凤镇浩林电子厂
643120	深圳市利特门业有限公司
643176	广州市能点机械设备清远分公司
643180	深圳赛铃精益科技发展有限公司
643187	泰琪塑胶五金厂
643204	台湾油机工业股份有限公司佛山办事处
643211	佛山诗婷日用品有限公司国内业务部
643215	深圳市精工远大科技有限公司
643218	深圳市亿德宝橡塑海绵制品厂
643260	深圳市三海化妆品厂
643268	深圳市滔谭太阳能科技有限公司
643272	香港卡利达科技有限责任公司
643274	美国福诺国际集团有限公司
643291	香港弘峰科技电子有限公司
643312	深圳市东浩线缆有限公司
643319	东莞市联翔通信技术有限公司
643328	浙江游戏机厂家
643334	东莞市宏力塑胶制品厂
643342	鹤山市锐科染整机械厂有限公司
643354	惠州市惠阳区金鑫达过滤器材厂
643362	东莞市大岭山科朗通风设备厂
643373	东莞市仙凯半导体有限公司
643401	珠海市斗门区万宝服饰辅料厂
643406	东莞市诚立信塑胶原料有限公司
643412	深圳升宏钴酸锂回收公司
643414	东莞市美洋塑胶镜片制品有限公司
643432	广州市番禺区东环康大金属制品厂
643445	广州敬业无纺布制品厂
643476	广州鹏威海产
643480	广州市粤宇隔音材料有限公司
643497	标诚眼镜制造厂
643498	珠三角工控科技有限公司
643529	顺德俊丽五金电器厂
643539	深圳市智配建皮具有限公司
643556	深圳市凌宝电子有限公司销售五部
643564	深圳市凤蓝天净化设备有限公司
643569	广州市晋一汽车零部件制造有限公司
643600	深圳市创新佳电子标签有限公司内贸部
643610	深圳海德龙科技有限公司销售部
643648	东莞市稳浩五金制品有限公司
643677	东莞市恒达合金切削刀具有限公司
643696	广州三普美业发展有限公司
643722	广州市钰狐不锈钢餐具有限公司
643744	昌广塑胶五金生产加工厂
643748	广东少中山市凯美办公家具有限公司
643757	深圳市城市快印达印刷有限公司
643806	川井塑料辅机制造有限公司
643807	佛山市顺德区亿丰机电设备有限公司
643835	东莞湖荣手袋厂
643843	深圳益胜电子经营部
643878	菲沃玛实业有限公司
643889	东莞市石龙源安灯具厂
643916	广州市宾慕斯照明有限公司
643918	东莞市大岭山三越精密钨钢零件有限公司
643923	深圳迈劲机电有限公司
643931	东莞市立诚手板模型有限公司
643933	浙江东明不绣钢制品股份有限公司广州分公司
643960	星辰水晶饰品厂
643967	ENB专业音响厂
643974	东莞市魅旎电子科技有限公司
643996	深圳詮鼎新科技股份有限公司
644011	广州浪贝尔制衣厂
644014	东莞市鹏达防水补漏工程公司
644039	进口再生塑料改性加工厂
644040	广州罗町服饰有限公司
644064	厦门付费迪雅电有限公司
644066	佛山市顺德区陈村镇爱立创电器厂
644069	东莞市实地包装材料有限公司
644070	广州优卡斯汽车用品有限公司
644082	TOP液晶屏贸易有限公司
644128	战友通风节能公司
644130	北京阿尔泰科技发展有限公司深圳福田区办事处
644140	东莞市鸿择进口报关公司
644148	佛山市振立塑料有限公司
644154	东莞市凤岗彩妍五金制品厂
644176	東莞佳強印刷有限公司
644244	广东省广州市力索工艺礼品有限公司
644248	东奚市百纳通用机械有限公司
644318	上海君豪盛不锈钢材料有限公司
644321	携成精密铸造有限公司
644337	中山市古镇协城玻璃制品厂
644377	佛山南海小塘荣发五金厂
644386	成都思立可科技有限公司东莞分公司
644397	深圳协发EVA自粘贴合厂
644428	德国巴斯夫漆广州有限公司
644492	中山市古镇永祥塑料五金灯具厂
644495	佛山市顺德区容桂东烁仪表厂
644509	汕头灵彩工艺有限公司
644533	东莞市长安国晶模具五金制品厂
644536	佛山创亿有色贵金属有限公司
644547	深圳市全新光电技术有限公司
644574	深圳佰|斯|德光电科技
644580	胜江丝印设备有限公司
644584	厦门赛特勒电子东莞分公司
644627	新添润万能打印机有限公司
644643	钎偲金属制品厂
644645	广东省江门市盈晖贸易有限公司
644676	深圳鸿鑫厵机电设备有限公司
644677	深圳市圣道户外家具用品厂
644692	深圳市吉朴齐力电子有限公司
644710	中山市三角鎮雄锋五金有限公司
644739	迈腾五金礼品厂业务部
644756	东莞市丽奥塑胶原料有限公司
644772	东莞健特工艺饰品有限公司
644775	源诚不锈钢机械厂
644787	广州昌翔金属制品有限公司
644789	东莞市升威服饰辅料有限公司
644830	上海妙智工艺制品有限公司
644831	佛山市花向东展示道具制造有限公司
644859	祺丰多属家具
644884	派乐天户外用品有限公司
644892	东莞市一鸣电子科技有限公司
644898	中山市小榄骏蕊五金厂
644921	广东中山市开元达贸易有限公司
644975	佛山福威废金属回收有限公司
645092	台湾琉明斯光电股份有限公司
645128	广州金芯智能卡科技有限公司黄埔分公司
645131	惠州市绿诚家具配件厂
645216	深圳市越达彩印科技有限公司销售部
645223	宏瑞鑫礼品有限公司
645253	皆安电子五金制品厂
645258	东莞市宇杰化工有限公司
645271	东莞市长安德勤机械厂
645276	东莞金兆林精密五金制品厂
645336	广州市宝莱广告气球彩印厂
645361	佛山市南海力丰机床有限公司营销中心
645412	广州市戈雅艺术砂岩装饰公司
645425	深圳市蜀之美广告设计有限公司
645471	广州市我们装饰材料有限公司
645474	创佳饰物制品厂
645479	東莞市東豐橡塑原料有限公司
645513	菲沃玛实业有限公司
645534	9d肇庆搬家有限责任公司
645539	广州市番禺区振达超声波设备厂
645555	深圳市良机冷却塔销售服务有限公司
645558	东莞新祥利服装铺料有限公司
645563	东莞市盛镱隆塑胶原料有限公司
645567	新兴县金鳄砖厂
645592	中山市古镇镇格利亚玻璃工艺灯饰厂
645629	佛山兴业展览铝材有限公司
645668	广州市白云区新市天麦音箱设备厂
645716	广州市科艺达贸易有限公司
645733	狮岭冠盛皮具
645737	香港飞讯通实业有限公司
645744	东莞市长安恒亮玻璃制品店
645765	深圳瑞稳顾工控设备有限公司
645805	台湾科锦集团有限公司
645812	广东罗港皮革贸易公司
645829	金馬來國際有限公司
645851	達利國際電子有限公司
645889	远山骑行贸易有限公司
645727	深圳市拉美西斯酒业有限公司
645892	LEISTER广州市衡力实业有限公司
645906	佛山市南海区西莱克空调设备有限公司销售部
645915	深圳信亿特电子科技有限公司
645933	东莞市永略工艺品有限公司3D部
645936	东莞市永略工艺品有限公司3D部
645940	广州天天国美空调冷气维修公司
645941	东莞市永略工艺品有限公司3D部
645951	深圳市南星E路航有限公司
645952	东莞市鸿择进出口有限公司
645974	深圳纳斯特卫浴有限公司
646017	东莞市杰辰照明科技有限公司
646023	上海御风暧通机电有限公司
646027	深圳市远阳芯电子科技有限公司
646067	诚兴祥物资贸易有限公司
646113	深圳市荃鼎康科技有限公司
646121	深圳圣康保电子保健礼品有限公司
646133	东莞新晶不锈钢材料有限公司
646204	深圳市领先康体实业有限公司事业部
646232	汕头市煌达商贸有限公司
646233	汕头市煌达商贸有限公司
646237	江苏星光发电设备有限公司广东办事处
646247	广州市富可士多媒体有限公司
646268	深圳市嘉美特精品制造有限公司
646277	深圳HUBY340贸易有限公司
646284	迷妮欧品牌服饰有限公司
646297	深圳市杰诚工具有限公司
646341	深圳鸿发自动门有限公司罗湖分公司
646348	佛山市坚拓金属有限公司业务一部
646381	帝铨塑化科技有限公司
646430	东莞市飞乐真空设备有限公司
646436	惠州市惠阳区镇隆汇邦机械经营部
646439	广州福特汽车专卖店
646460	深圳市彩骉印刷实业有限公司
646478	汕头市澄海区奥邦玩具公司
646498	东莞市樟木头鑫顺塑胶原料经营部
646537	惠州基达刨花木墩厂
646539	广州铭信玻璃贸易公司
646565	海河电泳厂
646567	中山市古镇璨华照明灯饰厂
646582	成发模具五金钻石工具厂
646596	惠州鸿发管道疏通公司
646608	深圳精益印刷包装有限公司
646609	珠海瑞成祥机电设备有限公司
646614	惠州市飞歌特殊模具公司
646626	深圳市志卓越科技有限公司业务部
646629	深圳市深特工业气体有限公司销售部
646732	通达电业制品厂
646772	广东佛山南海盛成铝门厂
646791	东莞市凤岗一通电子厂
646793	东莞市雅丽丝油墨有限公司
646809	广州衣都拉链有限公司
646813	广州市保标全息防伪印刷制品厂
646823	东莞市富凯工业设备有限公司
646831	深圳宝安区涌新源电机厂
646860	華基自動化設備有限公司
646881	佛山市博展不锈钢电镀加工厂
646898	佛山市远胜不锈钢制管有限公司
646923	茂发永久日用制品厂
646954	中山市小榄镇安益塑料机械厂
646962	佛山鼎盛金属废料废品回收公司
646978	广州市塎德机电产品科技有限公司
646994	科莱迪国际电子有限公司
646997	中山市冠兴再生资源回收公司
647006	新又新专业玻璃制漆有限公司
646763	鸿丰数码彩印有限公司
647091	广州时景户外家具公司
647094	广州市嘉煌纸业有限公司
647105	广州志通国际货运贸易有限公司
647149	銘方電子有限公司
647212	广州万美舞台灯光设备有限公司
647215	诺斯贝尔无妨日化有限公司
647238	济南宇博数控有限公司广州办事处
647270	中科大白鲨科贸有限公司深圳分公司
647284	深圳市伏欧尔科技有限公司销售部
647299	广东顺德南详办公家具厂
647313	东莞厚街尚胜亚克力制品厂
647325	东莞市环瑞不境测试设备厂
647386	江门市荷塘镇太子不锈钢制品厂
647395	东莞市益通体育用品有限公司
647399	东莞市麦风橡塑制品有限公司
647415	美可珠光颜料有限公司莞深办事处
647417	深圳市杰晟纸品有限公司
647428	东莞市布纬压铸模具有限公司
647439	中山市古镇花牌灯饰厂
647446	广东省信宜市永兴美龙玉器工艺品厂
647478	中山市坚创钮扣五金制品厂
647508	东莞鸿瑞皮革制品加工厂
647510	佛山优胜建材有限公司
647512	广州全自动制冷生磨椰子汁机器厂
647516	东莞市源鹏仓储设备有限公司
647539	深圳市广磊石材厂
647600	中山市中天鼎盛营销有限公司珠海批发部
647638	君发弹簧五金制品厂
647650	广东快渍洗涤的限公司
647677	崇裕科技股份有限公司
647695	深圳市旋辉光电
647699	东莞市台炬机械有限公司
647728	中山市古镇宝丽晶照明厂
647737	佛山市顺德区杏坛镇上地新兴塑料五金厂
647749	广州朝胜行皮具厂
647762	远隆瓷业有限公司
647775	远隆瓷业有限公司
647796	佛山巧艺家商贸有限公司
647798	深圳伯阳贸易有限公司
647800	广东耀宇包装塑料制品有限公司
647806	山东欧润油品有限公司深圳办事处
647853	洪峰五金抛光厂
647888	星期二卫浴实业有限公司
647914	深圳市邦佳橡胶漆涂料厂
647919	深圳市金鑫电泳有限公司
647923	广州顺建展示柜厂
647942	高要市金利镇科塑金属制品厂
647949	东莞市莞城昊宇精密轴承商行
647969	东莞能盛电池厂
647973	恒展真空镀膜机维修有限公司
647974	中山协强照明电器厂
648014	新兴隆吸塑制品有限公司
648022	佛山衣思路灯具有限公司
648028	雄布有机玻璃制品厂
648031	浩达丝印机械有限公司
648037	和平刀模包装制品厂
648044	中山市永泰烫画工艺有限公司
648069	广东南国铜铝金属材料有限公司
648074	广州绿塔康体设施有限公司市场开发部
648076	广州圆辰科贸有限公司
648094	佛山市南海名盛铝制品有限公司
648112	中山市古镇金森照明电器厂
648115	东莞市银络包装材料有限公司
648129	东莞市石排吉胜包装材料厂
648133	东莞铭奥电子有限责任公司
648142	佛山市凎丰贸易有限公司
648171	广州市番禺区南村天勇电子加工厂
648191	东莞雨欣精密五金电子厂
648198	环艺设计包装制品厂
648201	捷登静电防护劳保有限公司
648209	深圳旭博五金加工厂
648215	东莞市常平俊鑫塑胶原料经营部
648223	东莞市创嘉塑胶原料厂
648426	深圳市馳蒙科技有限公司
648437	深圳市华达自动门有限公司
648441	佛山市南海区俊益模具制品厂
648488	华邦海视硬盘录像机科技有限公司
648503	广州力本橡胶原料贸易销售有限公司
648538	中山市古镇中天灯胶厂
648549	东莞市恒顺达饰品厂
648589	东莞市创旭工程塑胶绝缘材料有限公司
648596	深圳市儒林光电有限公司
648670	莱尔崴光照科技有限公司
648696	东莞市美华涂装设备加工厂
648700	潮州荣盛灯饰厂
648722	东莞市长安东瑞激光工艺品加工店
648727	深圳市珍维照明有限公司
648729	广州市榕晟化工有限公司市场营销部
648737	广州多咔特包装设备有限公司
648761	恒生二手电子仪器回收有限公司
648769	佛山鸿涛办公家具制造有限公司
648782	深圳市日本东日工具有限公司
648804	东莞雨欣精密五金厂
648815	得望股份有限公司
648833	志達科技配件有限公司
648811	广州天使之源服装有限公司
648903	深圳市速飞尔电子有限公司
648935	深圳桂丰交通标志杆交通标志牌制造厂
648940	深圳西高电器集团有限公司
648981	东莞恒晖彩印机械厂有限公司
648994	佛山市顺德区伊之派电器有限公司
649003	中山市古镇立创路灯厂
649015	深圳富威皮艺编织厂
649021	广州市好旺客餐厅家具有限公司
649045	深圳市真意水贴纸厂
649104	深圳奥斯邦化学材料有限公司
649140	中山古镇品芯照明电器厂
649144	深圳洛贝琦机电设备有限公司
649179	广东信鑫达五金制品厂
649182	深圳航景科技有限公司业务部
649202	江门辉煌五金制品有限公司
649226	广州市锐鑫汽配有限公司
649237	江门市奥派特灯业有限公司
649303	東莞巨貿電子金屬有限公司
649320	广州市中信液压油缸厂
649355	东莞和田速干性润滑剂有限公司
649380	深圳华壹新材料有限公司
649384	东莞市石碣裕诚纸品加工店
649437	珠海阳普EMI磁珠电感公司
649500	珠海文治照明科技有限公司
649519	佛山市南海区丹灶聚韬塑料制品厂
649520	深圳市攀高电子有限公司市场经营部
649556	雅咏皮具厂
649571	嘉田工程塑胶原料有限公司
649572	乐乐轻工日用有限公司
649582	乐乐轻工日用有限公司
649595	潮州亮丽陶瓷小夜灯厂
649619	东莞协瑞塑胶模具制品厂
649620	东莞市绿鑫金属回收有限公司
649627	深圳市仙海电脑有限公司
649648	透镜圆形平面镜加工厂
649693	中山市际华照明科技有限公司
649697	东莞意贸传动配件有限公司
649711	昇威塑胶喷油模厂
649717	深圳杰龙先创科技发展有限公司
649735	深圳市提醒安防有限公司
649738	广州粤福迪汽车有限公司
649739	宁波昌鸿机器
649758	广东省东莞市企石镇荣威五金饰品厂
649767	鸿利模具五金刀具有限公司
649769	广州翔方化工有限公司
649772	广东宏升鞋材化工厂
649774	创丰数控刀具批发行
649785	深圳市鑫鸿塑胶原料有限公司
649848	深圳伟业德电脑绣花厂
649852	东莞市鸿运工程塑胶原料有限公司
649857	东莞市长安华茂手板厂
649892	广州嘉威打印配件厂
649919	金银废料回收有很公司
649936	广州市陆森保温材料有限公司
649958	中山市万事洁卫厨制品有限公司
650006	东莞市派诺纸塑制品有限公司
650055	中山市欣宇灯饰配件厂
650077	广东斯派莎克阀门销售有限公司
650092	佛山市古驰卫浴洁具有限公司
650104	东莞旭通自动化科技有限公司
650122	建鑫真空电镀厂
650127	深鹏泰光电显示科技有限公司
650135	深圳市鑫胜废料模具回收公司
650141	佛山市润通船港设备有限公司
650152	广州市飞帆帆篷有限公司
650195	东莞市樟木头诚固电子厂
650229	深圳顺易捷科技有限公司市场部
650248	广东张浦不锈钢材料有限公司
650263	香港騰飛志遠國際有限公司
650285	揭阳市鸿胜五金塑料制品有限公司
650022	广州卓海进口贸易有限公司
650304	广州泰达酒业有限公司
650315	深圳市极之朗实业发展有限公司
650320	东莞市大朗集发珍珠棉制品厂
650341	上海东盛不锈钢材料厂
650342	东莞市技冠镭射科技有限公司
650368	中山市中为电子有限公司市场部
650371	佛山中环制服有限公司
650413	东莞易斯特检测仪器设备有限公司
650419	广州市皇晶不锈钢餐具厂
650476	中山市精科化玻仪器有限公司
650481	中山市港口镇铿锐卫浴配件厂
650482	广东森一橡胶磁磁业
650516	中山市东升镇尚怡泡塑包装制品厂
650518	深圳市宝安区中图泰格尔气动元件商行
650522	深圳市宝安区大浪宏光塑胶制品经营部
650529	柯普光电中国有限公司
650559	中山市小榄镇安益塑料机械厂
650587	广州市欧兴包装有限公司市场部
650599	东莞长安旭斯数控刀具有限公司
650623	信祥特种电线厂
650624	开平鸣升脚轮厂
650639	东莞市乔科液晶金属技术有限公司
650648	珠海祈中祺电子科技有限公司
650684	中山市尚格电子有限公司
650707	东莞市大岭山恒鑫机械设备厂
650738	广东佛山艾申特办公配件有限公司
650742	清远市清城区龙塘镇联发精密模具加工厂
650746	亚美欧液压油泵有限公司
650752	东莞中宇质检仪器设备有限公司
650818	东莞英业电子科技有限公司
650823	荃鼎康科技有限公司
650854	广州国来伟机械设备有限公司销售部
650860	东莞超强化工有限公司
650893	惠州市盟思拓热熔胶机电设备有限公司
650896	广州市白云区国龙装饰工艺品厂
650905	福克仕照明电器厂
650907	福克仕照明电器厂
650914	广州启达臭氧设备科技有限公司
650922	珠海市南屏汇源成电子厂
650932	深圳港隆盛模具钢材有限公司
650968	东莞市邦行橡塑制品有限公司
650973	华安劳俣用品有限公司
651015	中山市古镇开太照明电器厂
651017	广州顺达舞台灯光设备厂
651027	阳西县沙扒镇民恒皮革加工厂
651042	深圳市维友玩具发展有限公司
651051	广州永浩电主轴有限公司
651059	昀康鞋业有限公司
651074	东莞市横沥维德玩具礼品厂
651112	东莞广廉橡胶原料有限公司
651115	深圳金黄尚喷涂设备有限公司
651129	广州市立方格展示用品有限公司
651130	菲沃玛实业有限公司
651138	深圳威利管道有限公司
651142	汕头市煌达商贸有限公司
651173	普睿迪灯饰
651180	深圳福吉国际空运
651208	中山市小榄镇超锐五金有限公司
651216	江门市蓬江区迪亚斯工艺品厂
651219	广州德永盛专业音响器材厂
651234	奥斯丝印移印厂
651264	德福玛聚氨酯设备厂
651266	旭景耳机加工厂
651295	佛山蓝创机械设备厂
651349	珠海市诺亚印刷厂
651369	广州艺趣礼品有限公司
651401	中山市古镇卡多利拉照明电器厂
651485	深圳市娜安丽实业有限公司
651496	东莞市常平敏欣机电设备厂
651501	香港鴻奇實業有限公司
651512	东莞薪隆硅胶制品有限公司
651562	广州展宝展示器材有限公司销售部
651575	广州亮彩无纺布制品厂
651600	中山市璨华照明灯饰厂
651623	东莞市鼎炬电子材料有限公司
651647	广东省顺德区美极包装材料厂
651649	东莞市茶山辉煌包装材料厂
651666	名珠板式家具制造有限公司
651697	台湾阳宏变频电源股份公司
651703	东莞市合航五金压铸有限公司
651705	东莞市合航五金压铸有限公司
651707	东莞市合航五金压铸有限公司
651748	广州菱田袋式过滤袋厂
651752	广州市鼎丰广告标识制作有限公司
651760	东莞市虎门澳莎家具制造有限公司
651763	广东省东莞市华星塑胶原料有限公司
651785	广州英坤仪博商贸有限公司
651834	东莞市石排吉胜包装材料厂
651850	广东省深圳市振新电脑电源厂
651862	惠州市源立实业有限公司市场直销部
651864	江门市新会诗诺琦五金制品厂
651887	东莞市长安忠安塑胶五金工模加工厂
651934	东莞市捷力刀钢有限公司
651947	广州汇佳织带厂
651949	广州市海珠区雅褀织带商行
651958	雷松投资中国
651964	晋盛科技深圳分公司
651975	东莞市和鸿绝缘材料有限公司
651979	深圳市欧米峰科技有限公司
651980	香港铭通达实业有限公司
651987	深圳宗阳通艺传动液压有限公司
652005	彬彬数码科技实业有限公司
652028	复方丹参滴丸有限公司
652040	广州旷野户外用品制品厂
652113	普宁市模力模具塑料制品厂
652126	天晨漆画工艺制品有限公司
652151	广东金钰陶瓷原料有限公司
652156	广州欧尚窗帘有限公司
652178	佛山市高明爱博广告材料厂
652180	茂名市中海南联石化有限公司
652210	广州鸿鹄酒业有限公司
652219	东莞市高埗德川塑胶制品厂
652223	东莞百花花边厂
652273	深圳市联创达包装材料制品厂
652280	深圳市盈源电子有限公司销售部
652372	东莞巨宏照明有限公司
652386	愉乐未来纸制品开发有限公司
652393	东莞巨鑫塑胶原料有限公司
652413	广州依纯特皮具制品有限公司
652439	东莞市大朗邦捷精密五金制品厂
652453	深圳市亚辉EVA包装材料有限公司
652517	揭阳市昱星不锈钢门吸厂
652518	中国广东佛山市林欣机电有限公司
652523	深圳宝安西乡泰利达挂绳织带礼品厂
652632	乾诚硅胶制品厂
652658	协力地毯厂
652685	广州市三湘防伪印刷有限公司
652701	中山市简凡照明有限公司
652703	东莞市茂利塑胶原料有限公司
652704	东莞市星发五金制罐厂
652705	广州永亨礼品公司
652733	深圳市金河田工业滚筒有限公司
652737	阳江市天林竹木制品有限公司
652744	广东省深圳市涌新源马达厂
652749	深圳市涌新源马达厂
652770	宏瑞鑫礼品有限公司
652786	东莞市乾威五金有限公司业务部
652826	东莞南德发泡制品厂
652834	怡春胶粘剂深圳有限公司
652846	佛山市赢龙门业设备制造有限公司
652890	合广玻璃转盘厂
652912	深圳市溢林源红外摄像机实业有限公司
652958	深圳市坚美铜铝有限公司
652961	亨得信电子实业有限公司
652992	广州市克格博演展器材有限公司
653024	广州市番禺区迈进捆条机厂
653113	江门市晶元光电科技照明有限公司
653122	广州科赫机械设备有限公司
653147	云浮市长旺砂岩石材有限公司
653155	利盈辉包装材料经营部
653157	中山市立富日用品有限公司
653158	东莞市万江豪尔威防伪制品厂
653164	深圳同富电气设备经销部
653191	深圳虎桥进口供应链公司
653196	中山市古镇奥亮路灯厂
653198	东莞市康捷喷砂机械设备有限公司
653207	深圳市深安通消防实业有限公司
653298	深圳市常华塑胶模具有限公司
653044	深圳新添润彩印机械设备有限公司销售部
653412	广州诺金游艺机械公司
653456	广州兴腾塑料镀膜厂
653457	广州兴腾塑料镀膜厂
653487	广州顺达舞台灯光设备厂
653490	鸿兆中港货运公司
653495	广州市浩大石化有限公司
653521	深圳市易亚欣电子科技有限公司
653536	深圳市合众达铭牌有限公司
653552	东莞捷天电子厂
653574	狩猎灯厂家
653587	广东省深圳市臻佳数码科技有限公司
653618	广州富华特殊印花材料有限公司
653642	葛清圆
653648	广州澳力特专业音响有限公司
653668	广东省中山馨雅灯具有限公司
653682	中山朗祺园林家居配饰中心
653683	犮传电子有限公司
653685	佛山市新利五金模具有限公司
653686	佛山市蜘蛛网络科技有限公司
653691	宏锐达塑胶有限公司
653725	深圳市楚天伟业镜片厂
653753	广州盛驰热风机有限公司
653768	友圣精雕有限公司
653858	珠海诚创打印耗材有限公司
653861	广州水晶爵服装厂
653892	开平先特龙头配件有限公司
653903	广州市山嗳恩光通讯器材有限公司
653921	广州市金科粒塑料有限公司
653926	东莞市鸿历PE南韩雨布厂
653999	东莞兴腾钛金属电镀设备制品厂
654012	东莞市富印导热胶有限公司
654023	深圳市宝安区沙井力达胶粘材料有限公司
654036	东莞帅兴织带厂
654049	深圳君達包裝有限公司
654053	苏州顶裕节能设备有限公司广州办事处
654063	湛爲塑膠五金有限公司
654074	深圳市九井机械制造有限公司
654075	金来鸡眼厂
654081	东莞科瑞传动件有限公司
654126	深圳飞腾宇盟科技有限公司
654134	广州三普美业发展有限公司
654155	中山市古镇璀璨灯饰电器厂
654170	东莞慧威电子有限公司
654186	东莞众志检测仪器有信公司
654238	广州市国标花边有限公司
654240	深圳市宇极春光光电有限公司
654241	东莞市大岭山信诚橡胶制品厂
654247	深圳市广佳时代电子科技有限公司
654260	广东天安进口阀门销售有限公司
654269	紫金县紫城镇兴龙五金加工厂
654271	东莞市铭皓电子有限公司营销部
654328	东莞市欣光源电子有限公司
654378	东莞市立捷办公家具厂
654398	佛山福来达灯饰照明有限公司
654425	深圳棣仔服装有限公司
654427	潮州市龙湖镇龙兴不锈钢配件厂
654436	东莞市骏翔塑胶原料厂
654438	广州市番禺区榄核亿达塑料五金厂
654467	东莞东城废铁回收公司
654547	麗能光電有限公司
654583	中山市南头镇荣恒电子电器厂
654646	东莞市智航电子科技发展有限公司
654651	美新隆铁罐集团有限公司
654698	深圳太阳风广告发光标识厂
654709	佛山森德橡胶磁厂
654717	广东天煜塑胶制品有限公司
654723	中山市永亮光电科技有限公司
654736	东莞螺升机电设备有限公司
654806	深圳市竑立电子有限公司
654813	佛山市诚利盈铝业有限公司
654863	佛山市顺德区德派祺森板饰实业有限公司
654873	中山市元通照明科技有限公司
654897	广州市金帛防辐射材料有限公司
654984	广州登盛装饰工程有限公司
655031	深圳安防集团股份联网报警中心系统有限公司
655036	广州忆宏标识设备有限公司
655119	深圳市吉友数控设备有限公司
655132	深圳宝利来数码万能打印机科技公司
655155	深圳金汇能电子科技有限公司业务部
655158	深圳市蓝标广告有限公司
655199	深圳市越达特种印花设备有限公司
655227	東莞友俊電子有限公司
655318	惠翔摩纳凯销售有限公司
655386	深圳市福田区亿皇达电子商行
655393	裕盛玻璃工艺厂
655401	广州宏烨收购库存服装布料公司
655406	广东凯霖回收库存服装布料有限公司
655454	深圳市创永佳数码印刷有限公司
655506	伦敦马丁贸易公司
655392	深圳市德尔制冷设备有限公司业务部
655422	乐城股份猫头鹰科技有限公司
655424	闽越眼镜盒厂
655526	广州市斯特拉迪提琴有限公司
655596	广州市众望金属塑胶制品有限公司
655607	深圳中原精工数控设备有限公司
655617	广州幸业纱窗有限公司
655621	广州永益名车配件有限公司
655675	深圳阿艾夫通信有限公司
655698	广州顺达针织贸易有限公司
655720	广州市威讯配电设备有限公司
655726	佛山高明华悦环保装饰材料
655764	銘鴻眼鏡廠
655768	东莞石碣琪顺包装材料经营部
655823	安泰德黑兰国际贸易有限公司
655837	中山市小榄调顺五金制品厂
655841	佛山市顺德区蓝恒泰塑胶材料有限公司
655842	广州市博傲皮具厂
655847	广东天宝不锈钢有限公司
655871	雨露水文化传播有限公司
655925	广州番禺区佳美泡棉橡塑制品厂
655939	深圳市博飞仪器有限公司广州分公司
655966	东莞市谢岗云尚饰品工艺厂
655977	中山市古镇如凯灯饰配件加工厂
656012	金棚首饰加工厂
656018	广州市永丰烫钻贴钻有限公司
656062	深圳洁能照明电子有限公司
656072	佛山创意五金扣件厂
656084	深圳市恵源晶工电子有限公司
656112	广州市晶美电子有限公司
656115	雨露水文化传播有限公司
656136	深圳市在线测厚仪有限公司
656143	精电年加贸易有限公司
656153	深圳广粤货架厂
656169	广州佛郎斯设备有限公司
656173	广东省东莞市厚街镇厚街村工业区吉祥路
656199	东莞市勤邦工程塑料有限公司
656209	中山市港口镇华韵卫浴加工厂
656227	广州市花都区新华宏宇机械厂
656286	银格塑胶电子公司
656303	广东鹤山花坪薄膜有限公司
656369	珠海JIB电子有限公司
656380	鑫铭深圳热压成型机械设备厂
656383	仁化县凡口丰艺五金厂
656397	广东省广州市刚辉锐力橡胶制品有限公司
656421	深圳市精灵皮具制品厂
656424	广东理能半岛石英砂公司
656436	深圳模具厂宏盛发
656452	广东肇庆航佳PE蜡厂
656470	广州骐利全自动电脑钉扣加工厂
656481	利源煤碳供应有限公司
656511	奖源發服装辅料有限公司
656512	中山市兴港电脑针车有限公司
656565	東莞市緯度織帶有限公司
656601	广州潇鑫化工科技有限公司
656610	东莞市柯润精密模具有限公司
656611	广东省中山智诚硅胶制品有限公司
656619	广州市金彩福电子科技有限公司
656623	八喜电脑网络广告
656635	羅傑電子有限公司
656647	江苏无锡锡昌金属材料有限公司深圳分公司
656717	鑫福鸿铜铝合金有限公司
656724	深圳市飞鸿达科技股份有限公司
656664	广州米雪制冷设备工程有限公司
656742	东莞市凯恩温控器有限公司
656749	东莞PE南韩雨布厂
656759	广州煌牌自动化设备有限公司
656771	中胜建材中山分公司
656792	深圳市记永属唯空气净化科技有限公司
656850	深圳市利光发真空镀膜加工厂
656856	正源电脑车平车车线加工厂
656872	深圳市佳贝尔净水器有限公司
656880	台湾劲耐斯气动元件国际股份有限公司
656908	广州易能自动化设备有限公司
656921	东莞联翔数控刀具有限公司
656937	叶兴文具印刷包装材料批发城
656949	深圳市龙岗区平湖宏晟五金行
656958	包括红枪会不但
656964	中堂银安润滑油
656967	东莞市达信塑胶板材制品有限公司
656968	东莞市常平镇捷成亿达电子设备厂
657038	深圳合兴达手袋厂
657051	广州重汽陕汽配件中沃汽配公司
656914	东莞市伽立纸业有限公司
657208	广东省广州思源标牌工艺厂
657213	海云注塑礼品包装有限公司
657225	惠州市实宏木具加工厂
657231	广州市佰穗通电子科技有限公司
657251	深圳奥普真空镀膜材料科技有限公司
657276	东莞市鑫欧丽宝商贸有限公司市场二部
657303	深圳威尼尊纳国际有限公司
657326	深圳格影网络科技有限公司
657344	香港华林国际科技照明有限公司
657396	深圳市炜源光纤照明有限公司
657441	广州鑫艺支架厂
657510	广州市蝶彩涂料有限公司
657545	深圳腾飞废料回收公司
657564	新意匠切削工具有限公司
657571	仁兴注塑机深圳有限公司
657578	雅波模特道具衣架厂
657605	东莞市技冠镭射科技有限公司
657610	台山市建兴焊接设备有限公司
657647	汇艺树脂配件厂
657707	东莞市常平敏欣机电设备厂
657753	中山市东升镇威剑五金弹簧制品厂
657758	阳江市天焱工贸有限公司
657837	深圳市奥泰鑫塑胶模具有限公司
657921	广州旭天伟拓条码科技有限公司
657928	深圳市银海懈装制品有限公司
657935	深圳市壹加捌投资发展有限公司
657954	深圳市秉禾家纺服饰有限公司
657963	南海永宏胶粘制品厂
657982	广州幸运饰品辅料有限公司
657987	中山市骏淇制衣厂
658011	佛山市顺德区铸诚炉架制造厂
658095	中山市胜威输送设备厂
658117	东莞市塘厦志鑫五金压铸制品厂
658241	中山市鑫利华电子材料有限公司华东销售部
658058	深圳市纳科尔检测科技有限公司
658261	揭阳富量五金制品厂
658279	新仕利塑胶制品厂
658297	东莞市恒通五金塑胶制造有限公司
658298	广东永生达电子有限公司
658325	东莞市黄江达利来硅胶模具厂
658348	佛山市南海区丹灶镇金沙伟豪塑料厂
658373	揭阳市榕城区金骏达机械加工厂
658378	佛山鸿钰橡塑制品厂
658380	东莞市华丰防水补漏公司
658436	东莞市展创应用材料有限公司
658481	广东乐昌市朝歌竹业有限公司
658493	揭阳盛宇微型电机厂
658536	广州冠博五金电镀厂
658563	东莞众博成五金制品厂
658566	广州市万江通实业有限公司东莞分公司
658652	广州市金壶保温材料有限公司
658658	香港德尚乐器《ZIKO》有限公司
658690	广州万象胶粘剂有限公司
658699	东莞市亿和光电有限公司
658721	深圳市唐正电子有限公司市场部
658745	志成中压风机厂
658797	东莞市万江鸿兴机械厂
658809	东莞市虎门威亚电子厂
658843	台湾宏齐科技股份有限公司
658866	深圳市里奥纸业制品有限公司
658929	东莞雅之冠纺织品有限公司
658935	正科电器实业有限公司广佛门市部
658937	深圳市欧立捷电极片科技有限公司
658940	深圳市兆丰百年节能科技有限公司
658955	钧宝电子工业股份有限公司
658960	锋泰纸品印刷有限公司
658965	广州绿源无纺布制品有限公司
658966	深圳市宝安区华邦润滑油有限公司
658987	东莞市皖江机械厂
659016	深圳市天富佑电子有限公司
659056	中山市丰之源照明科技有限公司
659070	东莞市塘厦旺达机械加工厂
658967	深圳纳科尔检测科技有限公司
659149	华丰旧抛光风轮有限公司
659155	东莞市毅鑫打印耗材配件有限公司
659172	东莞市杜邦工程塑料有限公司
659174	深圳市捷嘉源电子有限公司
659183	广州市白云区石井顺兴益锋制衣配件厂
659184	广州恒威烫钻厂
659193	东莞市得宏服饰辅料有限公司
659255	鸿邦pvc礼品包装制品厂
659304	东城科技.台湾庆丰注塑机械有限公司
659310	广州市天河区五星不干胶印刷厂
659355	江门市新会区司前尚荣五金厂
659460	中山市协成蓄电池有限公司
659505	其缘塑胶原料有限公司
659514	金馬來國際有限公司
659555	中山启泰照明科技有限公司
659564	深圳市恒宾利科技有限公司
659599	银黛玉珠宝首饰有限公司
659623	深圳诚鑫PCB开发有限公司
659640	广州市广京铝业装饰材料有限公司
659642	深圳微特迈科技有限公司市场部
659676	深圳市鑫丰盛塑胶五金制品厂
659681	东莞市茂泽光电科技有限公司
659704	鸿兴裁床胶板有限公司
659713	广州市白云区粤彩纸品厂
659735	东莞市马力模型科技有限公司
659747	科士达卫视有限公司
659770	香港锦德股份有限公司
659783	珠海丽泽回收有限公司
659789	深圳市杰兴泰防水拉链厂
659796	I韩国诺泰中国有限公司
659810	广东友通金属材料有限公司
659830	广州雅沁制笔有限公司
659831	宏锦有色金属提炼厂
659846	TOP液晶屏贸易有限公司
659871	广州市白云区精业五金包装制品厂
659911	东莞市横沥新恒龙电子五金厂
659913	深圳市王牌电子科技有些公司
660003	东莞市龙威服饰有限公司
660023	香港金蚂蚁工艺礼品有限公司
660025	利郎经典皮具实业有限公司
660038	广州快乐之家园艺有限公司
660057	广东粤西塑胶扫把厂
660058	挺業科技深圳有限公司
660060	广州市新徕测绘仪器有限公司江门分公司
660069	佛山市车管通科技有限公司
660085	广东宏宇机械输送链条有限公司
660117	深圳市兆丰百年节能科技有限公司
660190	东莞市胡杨塑胶原料有限责任公司
660209	东莞依诗黛尔服饰有限责任公司
660256	深圳市宝安宏建重力试验设备制造总厂
660257	深圳市新添润彩印机械设备有限公司销售部
660265	深圳市锐特视讯电子有限公司
660306	佛山远泓不锈钢制品加工厂
660309	惠阳区松源实业有限公司
660382	深圳市易科特工艺品有限公司
660404	深圳市亿达利机电设备有限公司宁波办事处
660445	佛山东铭五金标牌铝铭牌厂
660457	赢联塑业有限公司
660469	佛山市滢丰塑料厂
660501	深圳市钧多立企业集团
660507	深圳市昭华光电技术有限公司
660558	中山市古镇茗景路灯厂
660575	广州亚雷森高分子材料有限公司东莞分公司
