2157279	佛山市精艺达不锈钢装饰板厂
2157295	深圳市亿世依商务咨询公司
2157297	深圳诚泰不锈钢有限公司
2157299	感力传感器批发
2157315	深圳市汀兰科技有限公司工厂店
2157322	东莞浩源叉车维修有限公司
2158143	广州涟漪工业设计有限公司
2158214	汕头市千道广告*设计*印刷有限公司
2158246	凯纳尔电声器材
2158279	东莞华美电子辅材有限公司
2158336	梦想家美妆
2158347	天酬办公设备经营部
2158385	广州演奏者乐器制造公司
2158404	中国广东省东莞市厚瑞五金制品有限公司
2158413	科茜米化妆品有限公司
2158416	智丽电解板室内门
2158457	广东珠海中拍国际艺术品拍卖有限公司
2158467	深圳大唐国际艺术品拍卖公司深圳总部
2158483	dany检测
2158493	东莞市领航商标专利事务所
2158515	东莞市文毅工业地坪有限公司
2158581	深圳市新添润印刷设备有限公司
2158619	送福网推荐ID:福隆
2158658	愽远实业有限公司
2158662	浙江科斯达粘合剂有限公司
2158675	湛江市斯诺特电子有限公司
2158680	广东深圳戈志服饰有限公司
2158688	中山五十九灯饰有限以司
2158702	深圳桂森塑胶耐高温绝缘厂
2158721	佛山卷闸门搭棚厂
2158730	中山广达输送设备制造厂
2158734	中山佳力仕输送设备制造厂
2158736	深圳鑫龙酒店用品厂
2158741	东莞市广达输送设备制造厂
2158744	东莞市佳力仕输送设备制造厂
2158753	中山市广达输送设备制造厂
2158802	0795盛世豪杰
2158867	广州市越秀区高翔制冷设备经营部
2158879	东莞市龙锦电子科技
2158884	中山市鸿腾机械实业有限公司
2158920	欧莱宝皮具
2158668	深圳市彩佳智能科技有限公司
2158908	狮山龙兴物流
2158935	汕头潮南钢焊仓库货架
2158942	侨氏达塑胶材料有限公司
2158984	东莞市奇一包装胶带厂
2159003	深圳市龙岗区创格通塑胶原材料厂
2159015	尚晋珠宝厂
2159016	深圳市位嘉宝科技有限公司
2159042	广州市越秀区诗尔美容用品商行
2159091	星火电子废料回收利用有限公司
2159125	东莞市竂步磐恒电子厂
2159164	东莞市洛克新爵
2159177	深圳鸿仁达建设工程有限公司
2159180	潮兴泰进口贸易
2159187	深圳市宝安区公明公彩塑胶颜料行
2159189	350装修模板官方
2159199	欧阳氏屋顶露天无土栽培花卉专利公司
2159235	深圳市理顿工业设备广州公司
2159248	Shenzhouluoputradingco.,ltd
2159253	肇庆市新华桩基础工程有限公司
2159257	振兴国际投资集团东莞市环盛电子有限公司
2159258	广州靓舒美化妆品批发有限公司
2159272	东莞佳城不锈钢组合水箱厂
2159346	东莞市英泰胶业有限公司
2159401	东莞市十八铃精密机械有限公司
2159429	深圳美鑫特报关有限公司
2159445	东莞市日泰纸业有限公司莫显凤
2159462	广州市上百皮具有限公司
2159464	深圳市华欣茂科技有限公司华南区
2159468	佛山市腾派家居建材有限公司
2159471	香港安格斯光电有限公司
2159476	广州市番禺区石基美煜来塑胶制品厂
2159500	小额批发个体经营
2159256	深圳南山兼职女qq1348542248
2159478	广州新宏鑫电子有限公司
2159511	深圳聚科达电子才来有限公司
2159552	深圳市宜速达国际物流有限公司
2159566	兰菩缇面膜微商
2159620	兰皙格蕾雅
2159625	电商之家人才网
2159631	广州雅知包装工艺公司
2159654	龚喜电子通讯有限公司
2159677	广州美日达皮革实业有限公司
2159684	广州高仿包包工厂
2159698	洪雅县学车之星驾驶模拟器经营部
2159715	深圳市卡诺斯实业有限公司
2159717	富友手袋牛仔特种绣品工艺厂
2159732	荣鑫空压机配件批发
2159535	皓娱明星经纪公司
2159585	中国香港宏誉国际物流有限公司
2159770	深圳市云深科技有限公司销售部
2159776	中山市三桥机械设备经营部
2159784	东莞市迎照塑胶有限公司
2159803	东莞数控刀片回收公司
2159833	东莞市黄江国苍发电机经营部
2159865	广州市番禺区市桥街美庭装饰材料商行
2159903	绿萝批发直销
2159918	汕头唯诺婚纱摄影机构
2159921	东莞市天晟金属材料有限公司经营部
2159932	中国店配网深圳宝安
2159945	香港欣通达国际物流
2159954	深圳好神奇有限公司
2159957	深圳市迪康科技有限公司营销部
2159996	佛山市豪百顺门业有限公司
2160045	佛山南海晶沙五金飾品有限公司
2160069	广东华盛食化有限公司广州分翁
2160072	深圳市力韬伟业科技有限公司
2160119	中山市联和从邦物流设备有限公司
2160155	超航门花管
2160162	深圳市百利丰塑胶原料有限公司韩小姐
2160172	折扣品牌女装库存品牌女装尾货批发春夏装品牌女装库存
2160239	深圳市联维微电机有限公司
2160263	深圳宝安开天数据恢复
2160276	深圳市欣德电路有限公司
2160290	东莞市科文试验设备有限公司振动台工厂
2160324	深圳格蕾斯服饰有限公司华南城
2160333	东莞市凡通塑胶原料有限公司
2160353	深圳市艾华电容器有限公司
2160369	深圳市腾波新能源科技有限公司销售部
2160371	深圳利丰树脂雕花家具配件厂
2160380	珠海斗门区乾务镇馨悦床上用品有限公司
2160381	宾逸脚杯厂
2160110	深圳市旭翔电子有限公司营销部
2160432	爱特品atobs
2160447	深圳市锦绣顺航国际货运代理有限公司seven
2160460	深圳市老字号财务集团有限公司
2160463	黎兆佳个体经营
2160466	广州思埠集团总代小巨人团队
2160514	东莞市丰元制罐有限公司{陈燕康]
2160555	东莞展宇硅橡胶制品有限公司
2160574	广州派卫格包装材料有限公司销售部
2160578	加德基贸易有限公司1
2160635	佛山市英盛不秀刚有限公司
2160452	汕头市龙湖区蓬兴隆日用品商行
2160648	广州协宝企业发展有限公司华南区
2160674	深圳市韩今庄生物科技有限公司0
2160723	昆山双面沉头拉钉生产有限公司
2160759	深圳市超凡展柜有限公司　
2160777	星灵床垫厂
2160800	广州高方空调设备有限公司
2160819	深圳安厦科技有限公司廖志钢
2160847	佛山裕扬不锈钢有限公司
2160857	比亚迪电动叉车华北
2160866	旭美五金展示制品厂
2160891	广东欧品铝业装饰材料有限公司.
2160742	凯达树脂工艺品材料经营部
2160926	大韩薇姿生物医药集团
2160967	东莞市澳特地坪漆工程有限公司
2161007	广东巴特利热能科技有限公司1
2161037	东莞刀片回收公司
2161040	东莞数控铣刀刀片回收公司
2161042	东莞数控丝攻刀粒回收公司
2161044	东莞钨钢刀片回收公司
2161048	东莞钨钢废料回收公司
2161076	广州顺丰密封技术有限公司
2161090	东莞刀片钻头钨钢回收公司
2161093	广东欧式家具馆
2161095	东莞进口国产刀片回收公司
2161114	深圳市万泉达净水器科技有限公司
2161132	冯佰宋现磨五杂粮粉有限公司
2161187	韶关市玻璃钢生产厂13602498408
2161205	东莞合金刀片回收公司
2161224	东莞新废钨钢回收公司
2161240	深圳市汇能国际货运代理有限公司业务部
2161246	东莞二手物质回收公司
2161255	东莞旧物质回收公司
2161266	东莞旧新刀片回收公司
2161280	东莞数控铣刀刀片回收
2161285	广东信荣化工商贸有限公司
2161294	东莞全新刀片回收公司
2161300	中山铭德检测技术服务有限公司梁小姐
2161302	东莞高价回收公司
2161314	深圳华进联合专利商标事务所
2161317	广州建软软件技术有限公司张才才
2161346	东莞物质服务回收公司
2161349	松奇照明科技有限公司销售部
2161388	中山市宇宸照明有限公司
2161411	深圳市万鑫隆制罐有限公司
2161438	东莞市振东工业皮带有限公司1
2161520	茂达兴科技有限公司李杰
2161546	眯咻兔童装服饰有限公司
2161552	雷霆数码精品店
2161560	玉林市福锦区爵士果服饰厂
2161566	东莞数控合金刀片回收
2161569	东莞刀粒回收公司
2161570	东莞数控合金刀片回收公司
2161573	东莞数控合金车刀片回收公司
2161575	东莞数控合金铣刀片回收
2161579	东莞数控合金铣刀片回收公司
2161585	东莞新废数控刀具回收
2161586	东莞新废数控刀具回收公司
2161591	东莞新数控刀具回收公司
2161592	眯咻兔童装
2161594	东莞合金刀具回收公司
2161596	东莞二手合金刀具回收
2161598	东莞废合金刀具回收
2161600	东莞新合金刀具回收公司
2161602	东莞二手合金刀具回收公司
2161605	东莞废合金刀具回收公司
2161606	东莞物质环保回收公司
2161607	佛山市英盛不锈钢有限公司
2161613	东莞数控废料回收公司
2161614	东莞数控成品回收公司
2161645	广州资凡皮具厂
2161656	深圳58同城推广
2161658	稅票,開稅票,開發票公司网站
2161665	东莞闲置物品回收公司
2161668	东莞数控成品废料回收公司
2161705	深圳典雅丝足会所
2161721	广州昊天物资回收
2161723	广浩摄影设计
2161739	深圳市海目星激光科技有限公司精密事业部
2161754	广东燊玛氏服装有限公司
2161758	深圳市升华会计服务有限公司赖生
2161766	深圳佳源朔胶有限公司
2161780	东莞市东业大拓铝合金有限公司
2161781	深圳市翔瑞通塑料包装有限公司
2161812	深圳市阿尔贝斯科技有限公司siner
2161827	广东永宸不锈钢节能环保设备制造有限公司
2161842	深圳市星霖国际货运代理有限公司业务部
2161949	东北亚0178号会员大连德金公司
2161967	长毅装饰联盟广州白云
2161990	长毅装饰联盟惠州站
2162009	长毅装饰联盟东莞站
2162035	佛山市万顺模具配件禅个
2162099	东莞市浩铭辉印花机械
2162125	广州市瑞敏水泥制品有限公司
2162137	触摸一体机厂家
2162147	深圳市深鸿电路版有限公司
2162179	深圳市华语传媒营运管理有限公司川
2162182	深圳市乘龙霸龙商用车销售有限公司
2161903	深圳市旭翔电子有限公司销售部
2162214	广州市金鸶鸟服饰有限公司殷锋
2162243	揭阳市东山区东升好万佳五金制品厂
2162249	广东企业家电维修连锁工程部
2162255	东莞市大郎华基再生资源回收店
2162279	兄弟五金吕件加工
2162301	深圳市东方龙科市场部
2162337	广州佳永酒店用品有限公司伟
2162352	佛山市乔雅五金有限公司
2162376	中山市海璐灯饰有限公司
2162379	满婷《中华神皂》
2162385	广州市雅丽宝舞台灯光设备有限公司
2162404	东莞市徳鑫光学仪器有限公司
2162472	广州市时歌家具有限公司销售部
2162489	虹彩数码喷墨有限公司
2162492	深圳市广信油墨科技有限公司
2162497	奥美篷房制造东莞有限公司
2162500	达妃雅面包加盟
2162574	FOSHANWANDAYEMACHINERYEQUIPMENGTCO.,LTD
2162609	深圳市宝安区沙井中茂和金属材料批发行
2162620	華芯电子科技
2162626	广印牌东莞市幸运印花材料有限公司
2162652	CheapeTechnologyInternationalLtd.
2162656	凱恩power
2162663	LED照明李小姐
2162677	惠州市金乐盾胶水公司
2162680	东莞市正普塑化有限公司
2162692	广东豪美尼家居有限公司
2162695	深圳市星诺激光科技有限公司
2162697	深圳上进物流有限公司
2162709	广东省阳江市宏骏脚轮制品厂
2162879	艾薇格诗有限公司
2162784	深圳市环东物流有限公司业务部
2162889	广州合富刷卡管理系统
2162985	龙洋+个体经营
2162988	夜信你懂的
2162997	深圳市银星化工油墨科技有限公司
2163030	东莞市石排创升服装吊粒经营部
2163039	东莞市跃腾石化有限公司
2163047	东莞市亿灿塑胶化工有限公司
2163129	深圳凯蒂印刷包装有限公司
2163152	香港东影电子有限公司深圳分公司
2163183	东莞天昊纸箱厂
2163225	广州市利恒烧花压折厂
2163232	东莞市蓝迪毛织针织厂
2163250	佛山市禅城华冠职业培训学校
2163252	广州启亨国际物流
2163265	深圳市坚城自动化科技有限公司
2163276	东莞市清溪香耳机械厂
2163294	广州市蓝新机电设备有限公司汕头分公司
2163303	摩客钢化玻璃
2163376	香港六福化工集团有限公司.
2163421	广州挚业化工有限公司福建销售部
2163438	深圳市龙岗区锦东隆橡胶制品厂
2163441	东莞市清溪香耳机械厂
2163499	广州乐赢机器自动化有限公司
2163529	深圳南北小吃培训中心
2163553	金鼎焊锡回收公司
2163583	东莞市天霖纸业包装有限公司陈小姐
2163596	深圳市莱普斯顿商务咨询有限公司
2163597	佛山市禅城区欧蔓尼职业培训学校
2163598	微光年灯饰照明厂
2163562	广州海陆空国际物流有限公司
2163637	东莞市利嘉农产品配送有限公司
2163669	湘友天花材料行
2163716	美亚预约中心
2163736	shenzhenLongshineLightingCo.LTD
2163744	深圳市飞鸿气动批发部
2163763	广州赵成冷媒有限公司
2163790	广州森亮制衣有限公司
2163815	深圳市进口木材报关公司
2163837	佛山市宝之花设备制冷有限公司
2163818	深圳御宴餐饮有限公司小曾
2163868	广州市荔湾区启顺建材经营部
2163881	广州鸿源智能电动门业
2163886	广东省鹤山市龙口镇贤丰内衣公司
2163952	深圳和爵科技有限公司1
2163976	中山市天怡乐器有限公司
2164007	深圳市顺昌门机电设备有限公司江门经营部
2164029	广州催乳仕催乳通乳中心
2164032	广东国晖律师事务所深圳分所
2164068	深圳市越达有限公司大陆区
2164070	金牛区豪运来动漫科技开发部曹小姐
2164073	深圳市元鼎光电科技有限公司夏小翠
2164085	东莞市丹心缘家政公司
2164105	东北亚1078号会员诚邀招商
2164120	佛山市天九成不锈钢制品有限公司销售一部
2164153	广州市涵春轩古董交易平台
2164173	广州涵春轩艺术品交易平台
2164175	广州好袋子塑料包装制品有限公司面膜袋
2164210	深圳市鑫松厦汽车电子有限公司贾伟
2164211	中山市开能奔泰环保电器有限公司
2164218	广州达宜信物流有限公司
2164241	深圳市飞剑有机玻璃制品厂
2164244	深圳福衡泡棉有限公司
2164246	58同城深圳分公司
2164263	陈小姐+个体经营
2164264	广州安德开锁
2164281	深圳市森乐皮具有限公司
2164297	阳江市江城区平岗镇精工五金加工厂
2164318	福兴装修材料总汇
2164329	深圳市理锋机电科技有限公司销售部
2164340	深圳市诚源达喷雾净化科技有限公司
2164139	乌克兰中国商贸服务有限公司
2164358	佛山市顺德区鑫才达木工机械有限公司
2164371	中山市古镇方智照明灯饰厂
2164380	汉王实业股份有限公司
2164464	深圳艾尼亚光电科技有限公司王举
2164482	东莞市发业电子材料
2164487	佛山市南海区声泰声学材料厂
2164512	深圳市永华制冷机电设备有限公司总公司
2164520	深圳阿尔法商品检验有限公司江小姐
2164526	世亨宝石建材有限公司
2164542	广州市黄埔东路骏雅北街3号金碧领秀国际商务811
2164613	丽新，聚钢豪
2164619	东莞市佰榕思家具有限公司
2164646	广东德庆东氏肉桂苗种植场
2164651	佛山市南海耀达建材有限公司办事处
2164671	菱川变频器厂家
2164638	二手石油钻头进口清关代理公司
2164693	深证市鑫光道科技有限公司
2164756	领翔美缝剂华南地区
2164759	东莞市硕德实业有限公司陈志强
2164771	深圳市深华创电路板有限公司陈生
2164772	东莞永能电子有限公司业务部
2164794	胜辉LED配件
2164837	深圳市高尔夫雨伞厂
2164891	广东祺顺汽车有限公司
2164893	东莞市酷浪网络技术有限公司
2164900	中山市古镇嘉士顿照明灯饰门部市
2164798	深圳强瑞化工
2164966	香港嘉颢玻璃有限公司
2164984	深圳市峥嵘机械刀具有限公司
2164985	东莞市清溪宏越五金加工店
2165028	GW12580电子商务有限公司
2165057	腾源汽车改装用品有限公司
2165111	珠海震寰装饰工程股份有限公司
2165155	中山无限文化策划工作室
2165181	佛山南海腾达纸箱厂
2165184	广州兴彩丝印器材有限公司
2165191	钟建飞+个体经营
2165207	深圳诺胜技术发展有限公司业务部
2165210	肇庆市广润测绘仪器有限公司
2165225	广州龙涛酒业有限公司
2165253	深圳市智显达科技有限公司华南地区
2165265	三黄昌隆国际货运代理有限公司廖小姐
2165287	斑马衣架有限公司1
2165294	深圳沙井到厦门物流货运公司
2165296	深圳市龙岗区昊威门窗五金商行
2165302	长毅装饰联盟广州天河
2165311	长毅装饰联盟深圳龙华站
2165331	惠州市远航工业设备有限公司
2165349	深圳市高德源塑胶材料有限公司
2165362	盟安macroleagu包装机械打包工具有限公司
2165369	深圳市华瑞申礼品科技有限公司
2165381	深圳圆融达微电子技术有限公司1
2165385	桂花岗木马皮具
2165395	深圳市圣卡罗酒窖工程有限公司杜总
2165399	标杆灯饰厂
2165405	深圳市鑫琪邦物流有限公司
2165411	深圳安博鹏程化学检测
2165420	立升展览广州分公司
2165430	龙海环宇阿鑫
2165437	潮安区庵埠萬安鞋材商行
2165448	深圳市百利祥科技有限公司蒋小姐
2165454	精质胶垫制品厂
2165464	东莞市凤岗厦兴磨具磨料抛光材料商行
2165465	东莞市彤星服饰有限公司网站
2165497	广州市豪迈音响设备有限公司
2165525	普锐斯国际科技有限公司
2165536	深圳市东恒塑胶材料商行
2165574	广东省珠峰挖掘机电器维修店
2165593	深圳市联腾科技有限公司深圳总部
2165599	深圳豪迈家具集团
2165604	惠州鸿博通办公设备有限公司
2165607	伊卡欣制衣厂
2165613	深圳维迈店铺
2165657	阿达撒旦s
2165707	东莞市常平佰盛包装制品厂
2165732	肇庆源科超声波机电
2165733	深圳市安广传媒有限公司营业部
2165784	广州东莞鸿伟饰品
2165800	澳门华夏国际展览拍卖有限公司
2165828	深圳市山海光通信技术有限公司马艳华
2165848	慧意人皮革
2165857	佛山市金辉命不锈钢有限公司
2165903	佛山市南海顺德三水禅城高明危险废物处理有限公司
2165914	澳门华夏国际拍卖有限公司
2165960	集美尚妆培训学校
2165966	广州市比帝富塑胶五金制品有限公司罗小灵
2165979	深圳富皇电子发展有限贵司
2165993	广州怡众电子科技有限公司美车达呀
2166003	深圳市赶集推广营销中心
2166043	深圳市展盛胶粘制品有限公司
2166065	东莞市宏源金属材料有限公司
2166171	深圳市宝安区福永镇和平德鑫源五金劳保文具贸易部
2166178	香港魅尚化妆品有限公司
2165899	深圳市峰明生物科技有限公司
2165961	东莞市回收散热膏有限公司
2166191	富仕莱五金
2166212	深圳忠億精密五金设备有限公司
2166215	富仕莱五金厂
2166227	顺德温而新电机有限公司
2166298	顺德大良新雅居窗帘装饰
2166306	深圳市名仕缤纷发制品有限公司工厂
2166308	东莞市大朗镇隆利毛行有限公司
2166338	瑞金市象湖镇天丰电子经营部
2166368	潮阳百货日用百货日杂百货进兴日用品批发商行
2166376	远标回收库存
2166387	新鼎福防霉制品
2166420	天马纽扣电池批发店
2166438	广州市誉丰电器设备厂
2166300	深圳丝抒丝足养生会所
2166458	柔饰软膜天花装饰材料公司
2166474	深圳子乐光学科技有限公司
2166481	东莞市天宇电子设备厂
2166489	中国金伟华良农有限公司
2166602	广东佛山尚诺铝业
2166634	广州雪峰数码科技
2166635	佛山至信软膜天花有限公司
2166643	梦娜儿1124
2166645	广东东盛再生资源回收公司
2166686	宏达镍钴回收有限公司
2166703	东莞市益彩真空钠米涂层有限公司
2166704	荣威商贸洗发城
2166475	朗博万欣科技
2166638	阿坚牌技娱乐有限公司
2166735	深圳市华璟净化机电工程有限公司
2166737	郑邓批发部
2166738	广州市剑火工业设备有限公司北京分公司
2166750	广州魔力挺有限公司
2166754	科兴通模块
2166783	永华成玻璃工艺加工有限公司
2166829	广州鹏达塑胶产品加工厂
2166832	中山市拓浦斯灯饰照明有限公司
2166841	深圳市玛尔瑞科技有限公司徐生
2166849	潮州市潮安区龙湖镇奇艺陶瓷经营部
2166872	佛山市南海区桂城耀荣数控刀具店
2166877	广州捕霸机电
2166885	广州防水卷材宏牛防水有限公司
2166905	杨丽个体经营
2166993	石碣高埗石排寮步东城线切割销售维修
2167177	八景园背景墙
2167185	新富兴劳保文具包装材料批发商行
2167214	杰士安行业渠道1部
2167245	深圳市义创包装制品有限公司axidi
2167259	深证恒大通宝艺术品投资管理公司
2167294	深圳荣创通国际快递有限公司
2167304	好实再厂家店
2167366	广东省东莞越发订珠厂
2167371	广东顺德永宸节能设备执照有限公司
2167377	广州傲视电子科技有限公司
2167402	不锈钢材料李生
2167418	深圳荃锋家具有限公司
2167312	深圳市旭翔电子有限公司营销2部
2167452	CAMERAYELECTRONICCO.,LTD
2167469	益柯门窗五金配件
2167525	智利葡萄酒专家
2167559	鑫胜烤漆厂
2167568	广州市万利电脑喷绘有限公司
2167577	广东深圳市麦克木业有限公司
2167593	TCL钛金中央空调广州分公司
2167595	佛山永隆销售服装有限公司
2167636	有江彩装膜工厂
2167657	深圳市劲驰科技有限公司运营部
2167658	广州汇金添美化妆品有限公司1
2167661	深圳欣鑫游戏软件开发技术有限公司开发
2167671	汕头新洋气动液压有限公司
2167781	s深圳金帝再生资源回收有限公司
2167786	东莞市黄江鸿昌胶粘制品厂
2167792	深圳贝勒海餐饮管理有限公司{sz}
2167804	双林精品阁
2167830	深油所前海油招商
2167849	深圳市博视锐科技有限公司易
2167871	中山市兄达液压机械有限公司
2167893	香港好孕医疗
2167719	蚊一多商贸
2167896	广州市吉祥锁具经营部
2167924	深圳市龙岗区思华禄印刷制品厂
2167955	深圳市易路通进出口有限公司anna
2167986	莱福五金抛光厂
2168000	深圳网邦商务秘书有限公司罗湖总公司
2168086	广州市白云区龙归墨意堂文化用品经营部
2168098	专业无痕品牌质量
2168114	东莞常平宇艺手板
2168146	深圳市金华利制冷设备营销部
2168147	深圳市恒达胜微电子经营部
2168162	康宝莉化工集团股份有限公司.
2168165	广州态度雕花展架皮雕装饰厂
2168167	深圳市宝凤泽光电有限公司
2168176	SamDoo化妆品有限公司
2168178	精美检测中心门店
2168211	东莞嘉达磁铁电制有限公司
2168226	博远纸塑商行
2168171	横岗鸿博兴图文数码快印
2168251	迈创万能平板打印机
2168254	深圳东和彩印科技有限公司
2168277	东莞市星河网络运营推广服务有限公司
2168303	科创美机械设备翻新喷漆厂
2168309	USANANA宝贝
2168317	恒源兴净化科技有限公司
2168353	广州嘉福农产品有限公司
2168358	军腾纸品包装有限公司
2168393	惠州高卓发展有限公司
2168407	伊莎大姨妈
2168414	广州市广欣纸箱厂
2168415	东莞市韩资服饰有限公司
2168422	路路通达FPC
2168442	广州市荔湾区富励铝型材厂
2168452	佛山市雲彩服装有限公司
2168454	缘意翡翠有限公司
2168297	鼎丰商行+王永辉+个体经营
2168473	佛山尚诺铝业有限公司
2168485	佛山美宜家彩装膜营销中心
2168575	广州汉马激光
2168580	珠海德力兄弟缝纫设备有限公司
2168586	深圳中测通科技有限公司汪义龙
2168597	深圳市八一财富商务秘书有限公司黄小姐
2168605	祝博士辅导班
2168666	中山市欢欢劳务派遣公司
2168668	香港合旭股份有限公司
2168687	深圳市臻芯电子
2168691	佛山市顺德区北滘镇雷行通风设备厂
2168695	深圳市宝安区伟正硅材料有限公司
2168726	深圳市佳峰金属标牌有限公司
2168753	广东恒星高岭土矿业
2168772	天涯路服饰公司涯
2168777	3xin员工福利
2168813	东莞市铂艺机械设备厂销售部
2168827	华哥办公室曹操老板
2168836	永威五金饰品厂
2168838	金色阳光电动平衡车
2168839	万利金融集团
2168865	天顺福一元一件
2168895	东莞市大岭山木歌木业经营总部
2168896	广州市志诚印刷机配件有限公司
2168934	广州番禺区南村启翔电子厂1
2168950	勃发五金弹簧厂
2168985	深圳市喜登酒窖酒架有限公司
2168997	东莞市欣宇超声波机械有限公司温S
2169064	深圳市万兴泰塑胶材料
2169078	东莞市文毅地坪工程有限公司
2169131	中国测试技术研究院广东实验中心
2169148	佳豪游戏机座椅
2169154	深圳市宝雅艺术品展览服务有限公司谢小花
2169156	揭阳市口福金属制品厂
2169190	兴跃星舞台灯光
2169196	美可芯xq
2169257	金耘百得集团德金
2169069	广州市回天精细化工有限公司郭勇
2169214	香港港达顺国际物流有限公司
2169277	广东蓝调首饰有限公司
2169287	广州i星亚纸业科技有限公司
2169291	珠海九洲国际艺术品投资管理公司小郑
2169293	深圳市怡诚橱柜有限公司
2169338	东莞市樟木头鸿锦塑胶原料经销部
2169340	深圳日之成胶带
2169347	东莞市鑫盛自动化设备有限公司
2169376	三航广达自动化设备有限公司
2169386	广州市镁丽速动汽车改装部品有限公司
2169399	名利厨卫有限公司
2169437	安防显示系统供应商
2169450	广州市白云区黄石衣忆宝服装经营部林小姐
2169460	深圳红叶杰集团
2169446	广州天姿丝足艺术主题馆
2169492	杨才金个体经营
2169521	科茜米香港开润化妆品有限公司
2169540	至尚优品家饰有限公司
2169587	深圳信测标准技术服务股份有限公司苏同华
2169594	中山市纵横LED照明
2169611	东莞汇金金属模具表面处理有限公司
2169613	中国广州百恩展览有限公司
2169637	深圳市腾景澎科技有限公司
2169655	陈安之课程
2169658	东莞源熙金属模具表面处理有限公司
2169659	中山兴宝莱五金制品有限公司
2169670	刘娟+个体经营
2169690	深圳品轩酒水贸易有限公司
2169693	龙达滋补品回收行
2169707	良优衣服装批发公司
2169717	深圳市坪山新区日得利百货商行
2169551	广州明星演绎经纪公司
2169675	天成国际教育集团
2169724	佛山赶集网18577519913
2169736	香港联动纵横国际物流有限公司
2169748	广州卡丝生物科技有限公司广州总部
2169782	奥雷特铝业有限公司
2169786	佛山赶集网有限公司
2169801	国辉塑胶电子厂
2169808	飞天手绘厂
2169813	佛山安启脚手架
2169814	思埠莉致团队
2169817	香港宏誉国际物流公司
2169840	卓粤灯饰电器配重加工厂
2169842	惠州市中意汽车内饰科技有限公司
2169926	深圳市新顺亿五金制品厂
2169969	中山市三铭旋梭制品有限公司
2169974	深圳长泽商贸有限公司
2169975	德国阿诺捷喷码机
2169983	广东心诚养殖器材
2170067	东莞黄江古道茗茶
2170078	佛山市路通搭棚工程部
2170091	冠杰塑胶原料有限公司
2170092	东莞市大岭山俊艺美五金饰品厂
2170103	深圳市至善美高尔夫用品有限公司
2170117	深圳市水立方通讯技术有限公司
2170120	贝婷娜服饰
2170127	弘旺五金家具厂
2170159	深圳金丽医疗美容门诊部
2170166	冯佰宋现磨五谷粉批发有限公司
2170221	科阳热泵高温烘干
2170231	深圳市立讯产品技术服务有限公司邓文武
2170233	惠州市成邦机器设备有限公司
2170287	东莞市四海搬家服务有限公司
2170305	李翔张小姐
2170317	东莞市正信激光科技有限公司塘厦总部
2170328	深圳欢智宝电子有限公司
2170339	意科德铸造厂
2170415	深圳市鼎广科技有限公司华东一部
2170420	广州建朝环境科技有限公司绿岛风销售中心
2170422	方远皮具厂
2170427	MantexAcousticMaterialCo.,Ltd
2170473	深圳市鼎广科技有限公司东北地区
2170489	佛山华雄化工回收公司
2170501	深圳市叁昆科技有限公司
2170510	中山降瑞公司
2170511	冯佰宋五谷养生粉有限公司
2170515	深圳市志盛微电子有限公司
2170545	广州诚娟酒店用品有限公司小阳
2170562	深圳恒成展览会议服务有限公司
2170567	深圳市鼎广科技有限公司华中地区
2170571	深圳市安速通科技有限公司国内销售
2170572	广州旺美斯家具有限公司
2170584	广州市华古汇动漫科技有限公司孔先生
2170596	深圳市鼎广科技有限公司西南地区
2170640	佛山市南海洪发五金铝制品厂
2170647	深圳市新添润机械彩印设备有限责任公司
2170568	广州市玉树堂生物科技有限公司池伟群
2170666	ShenzhenIBNOpticsCo.,Ltd
2170670	  广东崎美铜铝材料有限公司
2170700	广东省力索金属制品有限公司
2170735	卓雄實業有限公司
2170738	富记白铁不锈钢工程
2170793	网珍科技悦美图
2170807	东莞佳信胶粘材料制品厂
2170823	深圳市展嵘电子有限公司01
2170842	深圳芸韩电子材料有限公司
2170847	茂鑫旺CNC精密五金厂
2170850	魅尚雅制衣厂
2170854	深圳市创世纪台群机械有限公司
2170872	广东巨石机床附件有限公司
2170879	广州市汇通机械有限公司销售二部
2170889	金铮自动冲压设备重庆分公司
2170866	狼牙现货石油投资有限公司
2170908	浩业天城科技有限公司
2170927	承業鑫不鏽鋼
2170933	金耘百得德金公司
2170935	東莞銘揚五金製品廠
2170953	东莞市特奇易家居用品有限公司
2170973	创裕胶辊有限公司
2170989	易拉宝之家
2170990	雅馨现代照明工厂
2171015	广州永鑫钟表配件
2171018	德克标识激光应用事业部
2171026	天翔科技有限怎人公司
2171036	深圳市悅华科技有限公司
2171040	深圳国通塑胶提手挂钩制品厂
2171044	深圳市永图微盟有限公司
2171046	深圳旭翔电子有限公司销售部
2171137	馨惠叠膜加工厂
2171150	深圳市智云时代电子有限公司华中地区
2171170	广州捷开电子制锁有限公司
2171172	深圳市齐亚货运代理有限公司进口部
2171184	东莞市长安镇小红花网络科技有限公司
2171199	广州金乙金自动化机械设备有限公司
2171214	登报纸类包装
2171220	金销宝微信分销服务商
2171245	广州市荔湾区吴鸿枝水族有限公司
2171250	迪高彩塑胶色母制品有限公司
2171294	深圳志恒鑫集团
2171307	广东江门宝莹化工油漆有限公司
2171355	美美電池有限公司
2171205	祝博士中小学课外辅导班
2171219	何东林《个人经营》
2171246	深圳市乘翔国际物流有限公司
2171373	东莞优洁环保机械
2171375	郁鑫电子回收公司
2171409	广州裕丰存货商贸公司
2171424	深圳市联浩兴防爆制造厂
2171458	广州兰皙化妆品有限公司微商事业部
2171466	深圳市凯悦达电子商行
2171509	凯悦达电子商行
2171514	广州江宁物流有限公司总部
2171545	佛山市宏利恒钢业有限公司
2171583	惠州市巨丰地坪科技有限公司
2171607	深圳鸿杰镍钴技术回收有限公司
2171673	惠州康冠科技集团
2171674	广州增城新塘搜探客制衣厂
2171686	广州圣奥防水建材公司
2171693	广州迈辰报关有限公司总部
2171700	深圳是维也纳环保科技有限公司
2171702	隆力奇集团华中地区
2171706	广州诺信棋牌用品中心
2171718	江门盛世辉煌策划广告公司
2171720	广州航韵检测技术有限公司分公司
2171736	广州市伊梵家具有限公司地区
2171738	BoundlessTechsCo.,Ltd
2171747	广州浩源包装制品有限公司
2171823	张曼霞+个体经营
2171890	佛山市伟顿机械制造有限公司出口
2171895	博艺尚电子有限公司
2171903	深圳正芯源科电子
2171908	八号印相馆
2171951	广州大自然竹业有限公司
2171995	深圳市信特斯检测科技有限公司刘琳琳
2172019	自主品牌移动电源深圳市乔申科技有限公司
2172024	广州汇美皮具_1843.com.cn
2172034	深圳市聚谦商贸有限公司
2172035	深圳市韩今庄生物科技有限分公司
2172037	三友服装压折压花加工厂
2172040	深圳市集耀通实业有限公司唐先生
2172058	华泰恒通北石油交易
2172111	东莞市联昊包装材料有限公司
2171944	金耘百得德金集团
2172117	深圳恒飞达外贸玩具厂
2172127	一家人为奸
2172202	广州市青宏护栏网有限公司
2172213	欧雪制冷设备有限公司网络部
2172214	赶集网佛山分公司
2172229	深圳怀辉电子材料有限公司昆山办
2172240	顺扬电子原件
2172275	深圳源中瑞微智创
2172281	专业工商注册、代理记账，出口退税，免抵退税，进出口报关一站式服务！
2172302	广东华源兴盛进出口有限公司广东部
2172309	赐城jewelry
2172313	东莞市凯兴喷砂设备有限公司
2172323	赶集网佛山分公司13428725007
2172328	安利网上经销商
2172348	深圳市伟恒润科技有限公司
2172276	达夫数码科技
2172353	广州白云区弘祥特种建材经营部
2172371	广东欧格美实业有限公司
2172435	广州顶粤进口报关有限公司
2172453	深圳今朝服装有限公司销售部
2172461	香港越达国际宏业科技有限公司
2172468	中山市宏达白铁通风降温设备工程
2172474	深圳市越达有限公司白先生
2172530	深圳市倍视特科技有限公司
2172552	广州潮惠塑料制品有限公司
2172372	蓝鳯翔工作室
2172445	沃伦特娱乐设备
