2097583	爱尚护肤品
2097699	黄金台名车
2098405	微信广告机
2098428	赛茜莉雅
2098537	陈声力
2098675	佳宏塑胶
2098971	毛绒玩具街
2099146	奥美篷房
2099351	齐聚创科技
2099658	林生
2100341	公共开水器
2100226	永利八达通
2100855	德信电子
2100723	星力动漫城
2101671	皇家俱乐部
2101688	香港会计行
2101829	立隆机械
2101904	赵新成
2102197	王生
2103287	龙杰科技
2103402	富艺绣品
2103476	思普达
2103641	爱永恒爱具
2103796	经营继电器
2103985	中山佳宇
2104239	清远市万鑫
2104850	佛山金灿荣
2104699	唯苓皇后
2105814	法比亚卫浴
2105948	北龙中网
2106971	深圳市畅捷
2107032	中森缝纫机
2107446	百川商贸行
2107716	万盛兴灯饰
2108110	东莞银行
2108468	尚文娟
2108691	亨利元筛网
2108709	嘉宝纳时装
2108710	女人护肤品
2108723	爱多美灯饰
2109063	国正
2109239	鑫锐
2109732	永丰余纸业
2109742	华灵
2109827	天卓人才网
2110022	金稻蒸脸器
2110435	阿里巴巴
2110518	途特网
2111111	赢美护肤品
2111773	莲花山木业
2111985	斯雅护肤馆
2112076	陈张从
2112153	蓝国芬
2112156	杨美娟
2112575	海临硕照明
2112717	必有路玩具
2113116	企业开水器
2113245	邓先生
2113561	速热开水器
2113380	新百惠商行
2113631	永丰余纸业
