2020636	深圳市朗斯卧室隔音窗有限公司
2020640	河北哪里有棉服批发厂家
2020642	石家庄哪里有冬季棉服批发厂家
2020643	东莞市明辉现代有限公司
2020646	石家庄哪里有棉服批发市场
2020649	石家庄哪里有羽绒服批发厂家
2020651	潮安县豪盛兴不锈钢制品厂
2020653	石家庄哪里有冬季羽绒服批发市场
2020657	石家庄便宜棉服批发厂家
2020660	东莞市创新环氧地坪漆工程有限公司
2020665	石家庄哪里有冬季女装批发厂家
2020668	石家庄哪里有便宜冬季服装批发厂家
2020670	石家庄哪里有冬季童装批发厂家
2020671	石家庄哪里有冬季男装批发厂家
2020673	唐山哪里有冬季服装批发厂家
2020676	东莞市宇业不锈钢材料有限公司
2020683	蓝格国际语言2
2020684	深圳市景兴通道闸科技有限公司销售总部
2020689	唐山哪里有棉服批发厂家
2020694	唐山哪里有冬季羽绒服批发厂家
2020703	邯郸哪里有冬季羽绒服批发厂家
2020709	哪里有冬季服装批发市场
2020711	Plastic Navigation Industrial Ltd
2020716	东莞市鑫强机电有限公司（华南）
2020720	石碣一通防水补漏公司
2020735	深圳久熹电子有限公司
2020736	广州森洛礼品贸易有限公司
2020750	中山市红润泰精密钢球有限公司（销售部）
2020767	广东神马信息技术有限公司（王瑞姿）
2020781	东莞市拓尖自动化设备有限公司（冯兴蒙）
2020782	佛山子午建材有限公司
2020786	邯郸哪里有冬季服装批发货源
2020802	蔡德成个体经营
2020810	邢台哪里有冬季服装批发厂家
2020814	广东百年老字号张长合乐器厂
2020817	黄茂锋个体经营
2020826	保定哪里有冬季羽绒服批发厂家
2020832	环氧地坪漆
2020835	保定哪里有冬季便宜棉服批发厂家
2020840	张家口哪里有冬季服装批发厂家直销
2020842	深圳市超利维实业有限公司(华南地区)
2020843	深圳骄阳展示用品有限公司（吕乐）
2020852	兆鸿礼品有限公司
2020854	巴西红檀香进口报关公司
2020857	精诚镭雕加工
2020859	广州基深机电设备贸易有限公司
2020867	深圳市森澜机械科技有限责任公司
2020869	广州旺旺卷闸门业
2020874	东莞泓源机械传动设备有限公司TYC链条部
2020879	恒泰贸易批发
2020899	上海虎桥国际物流有限公司(深圳分公司）
2020906	深圳市敦冠科技有限公司（家庭影院）
2020912	东莞市博裕进口物流供应链有限公司
2020918	深圳市明亮安格科技开发有限公司-招商部
2020919	东莞市瓷韵装饰材料有限公司（塘厦分公司）
2020930	顶立装修施工
2020943	深圳阿尔法商品检验有限公司（实验室总部深圳)
2020951	深圳市深发源精密科技有限公司（宝安福永）
2020961	精艺达彩色不锈钢板
2020975	深圳市金点颜料有限公司
2020983	东莞市友盛冶炼厂
2021002	广州宝凯丽皮具（程七七）
2021006	广州市番禺区增铭家具厂
2021017	广州天说科技电子
2021020	东莞市塘厦宝来物流公司
2021022	神鸟电煤机
2021033	聚创宝信息科技有限制公司
2021034	深圳灌浆防水补漏公司
2021035	公明防水补漏公司
2021036	佛山誉高五金电器有限公司(黄生)
2021038	广东天保新材料有限责任公司（黄斌浩）
2021039	中山节能斯照明科技有限公司
2021062	乐康批发店
2021063	中国店配网佛山站
2021077	微信营销培训机构-企程咨询
2021082	爱羞娃娃商城
2021086	深圳市景祥彩盒制品有限公司
2021095	中国店配网清远站
2021103	广东智通职业培训学院（电商）
2021104	中山市富而美家具厂
2021105	佛山市宝寿源生物医药科技有限公司(华中地区）
2021109	佛山市鑫佳发不锈钢台面压花制品厂
2021111	广州汉科润滑材料有限公司（陈
2021124	科瑞特机械电子
2021133	惠州市星辉照明有限公司
2021136	东莞市高端达实业有限公司
2021139	万美饰品有限公司
2021142	惠州东乐五金塑胶制品厂
2021046	佛山市顺水流洋化工有限公司
2021159	东莞冠捷长安专业手板厂
2021160	深圳康之源泉科技有限公司（xuyun)
2021161	深圳市缔讯科技有限公司销售一部
2021163	中国店配网汕头站
2021170	穗恩国际精密工具有限公司
2021172	广州光亚展览贸易有限公司招商
2021179	佛山祥聚座椅制造有限公司（华南）
2021184	深圳市启望科文技术有限公司（市场部）
2021198	广州冠盈信息科技有限公司（华中区）
2021201	中山市领导者（冠宇）户外照明灯饰厂
2021218	东莞市沃海精细粉体有限公司
2021226	广东汇点品牌策划设计有限公司
2021227	深圳建豪视讯有限公司
2021241	深圳市阳光再生资源回收有限公司
2021248	深圳中测通科技有限公司（总部）
2021250	鹰潭市祥瑞物流有限公司佛山分公司
2021271	OBADA SEMICONDUCTOR LIMITED(tams)
2021275	深圳市永宏顺袋业有限公司（业务部）
2021282	中山天恩制衣厂
2021294	勤兴购物商店
2021312	珠海华博科技工业有限公司（台资）
2021314	中山市世通输送机械设备有限公司（华地地区）
2021315	深圳市宏美瑞科技有限公司（全国地区）
2021334	广州三和服饰有限公司
2021353	东莞寮步灌浆防水补漏公司
2021362	Gokdere mine
2021366	深圳市利彩陶瓷有限公司
2021368	森宏木业有限公司
2021370	广州新妈妈催乳通乳中心
2021378	广州亚贤宝贸易公司
2021387	深圳市铠卫安全技术有限公司（沙井部)
2021407	铭鑫展览服务有限公司
2021418	广东省茂名高州市华坤泥鳅养殖场
2021419	智桢鞋业有限公司
2021478	雪登娜皮具厂
2021496	帕迪泰餐饮用品实业有限公司
2021519	景嘉模型设计有限公司
2021520	深圳中测通红
2021532	广州市自由体美容科技有限公司
2021544	广发酒店布艺（布袋）厂
2021552	红色古都艺术建材
2021561	中国店配网广北站
2021602	上海虎桥国际物流有限公司华南深圳部
2021604	深圳市申瑞达科技有限公司销售二部
2021609	深圳三六零电子商务有限公司
2021616	深圳市融乐通投资担保有限公司（宋晓宇)
2021625	东莞市凯诚自动化设备有限公司商务部
2021632	深圳康之源泉科技有限公司ZT
2021634	深圳市锦旺源空压机有限公司
2021637	锦绣丽何花萍
2021641	广州市东鑫清洁服务有限公司
2021652	中国店配网厦门站
2021660	深圳市辉跃机械设备有限公司（刘小姐）
2021676	东影车载导航
2021683	公司注册、代理记账、财税咨询
2021687	深圳环宇防水补漏工程公司
2021703	环球电玩娱乐设备有限公司
2021707	鹏程（香港）会计行 Alvin
2021413	广州原单皮具有限公司
2021566	深圳市玫妮生物科技有限公司
2021712	肇庆市钢王金属铸造有限公司
2021726	5411工作室
2021763	鹏程国际商务（香港）有限公司
2021764	Shenzhen FED Global Logistics Co.,Ltd
2021765	深圳鑫立达网络科技有限公司
2021795	东莞市顺扬化工有限公司（何先生）
2021798	广州双马生物科技有限公司（华）
2021816	深圳银钟投资咨询-杨小姐
2021817	广东顺德华泉节能设备有限公司（湖南地区）
2021828	深圳市新安诚教职业培训中心
2021831	vav有限公司
2021833	佛山合辉五金发展有限公司
2021835	东莞品牌女装批发
2021840	广州泛德信息科技有限公司(官方）
2021843	广东皇玛进出口贸易集团
2021854	科航工业键盘厂家
2021862	中国店配网增城站
2021866	广州涵春轩投资管理有限公司（珠江新城）
2021875	深圳市运佳科技有限公司（深圳地区）
2021899	深圳市信成国际货运代理有限公司（华中地区）
2021909	深圳大唐国际艺术品投资管理有限公司（邓滢利）
2021912	深圳市国银支付科技有限公司（赵一）
2021916	深圳恒辉海绵材料有限公司
2021921	Shenzhen Unionpeak Technology Co., Ltd.
2021924	莱锋灯饰公司
2021930	广州全澳化工产品有限公司
2021943	东莞市同心机械设备有限公司(李四)
2021948	深圳市恒辉达实业有限公司（护家）
2021955	东莞市劲铁客有限公司
2021956	深圳市福田区乾程文体店
2021960	东莞市钦源水处理科技有限公司
2021968	同铭金属材料
2021976	广州顾德机械设备有限公司（王利华）
2021980	Kingmetal Resourcesco Co.,Limited
2021991	中国店配网从化站
2022002	佛山家用电器售后维修服务保养中心
2022010	东莞市娴平丽企业代理事务所
2022016	东莞大树国际木业经营部
2022017	中山市奥馨灯饰有限公司
2022038	深圳市吉宏达绝缘材料有限公司
2022052	东莞西黛尔五金首饰有限公司
2022058	深圳康力德斯空压系统(配件)有限公司
2022061	深圳市逸协（杨波）电子有限公司
2022065	东莞市锰磁金属科技有限公司刘生
2022066	东莞万江灌浆防水补漏公司
2022072	沙井驾校沙井学车
2022082	深圳市众嘉鑫电路科技有限公司(罗幼波)
2022090	东莞道滘灌浆防水补漏公司
2022095	深圳市丹凯科技销售部
2022097	揭阳市亿家锁业
2022118	深圳市鼎顺源机电设备有限公司业务部
2022119	深圳市宸瑞电子有限公司
2022124	东莞市盛捷纸业有限公司（华南地区）
2022130	东莞万恒废品回收.再生资源利用
2022135	东莞高埗灌浆防水补漏公司
2022167	广州艾弗网络科技有限公司客户部
2022168	深圳市世倡国际货运有限公司
2022182	深圳市腾尧伟业科技有限公司（郭琦）
2022014	特色小吃技术培训加盟
2022158	也品红酒网
2022214	深圳市华科科技有限公司网络部
2022217	MJ (China) Business Service CO., Ltd
2022223	广州宝特丽装饰材料有限公司
2022227	东莞晓天一生
2022239	银钟注册公司
2022242	时代锋帆货架厂
2022244	东莞市劲亿五金有限公司（张爱梅）
2022245	东莞黄江高宏文具店
2022248	北京阿尔泰科技发展有限公司深圳办
2022249	咪咪乐饮食传媒有限公司
2022260	深圳创友双误服务有限公司
2022280	东莞市中柏高分子有限公司(苏小姐)
2022283	广州德岑通用设备有限公司
2022285	深圳市超跃科技有限公司 Jason
2022298	深圳君池管业有限公司
2022301	佛山市拉威尼专业电声制造厂
2022302	东莞市伟益旧机械进口报关公司
2022306	深圳市同川自动化设备有限公司
2022320	北京合创盈丰商品经营有限公司广州营运中心
2022322	深圳市顺弘企业管理咨询有限公司（付工）
2022332	Universe Light Co.Ltd
2022333	寮步卡之林塑胶文具制品厂
2022335	滤中滤开水器
2022343	广州腾辉调车
2022349	翔宇运动鞋有限公司
2022370	HIT弘益泰克自动化设备有限公司
2022379	诚发机电有限公司
2022383	佛山金密仪器有限公司
2022384	广州索润环保科技有限公司高生
2022391	立煌遥控玩具
2022395	【精密陶瓷】深圳市明陶金工陶瓷制品有限公司
2022403	东莞市大朗路达五金有限公司
2022405	香港嘉鸿特注册海外公司
2022413	南美洲进口海运代理公司
2022415	广州多得医疗维修有限公司
2022416	傲来皮具有限公司
2022432	香港安琪国际化妆品有限公司
2022448	香港安德龙建材有限公司（广州）
2022449	广州欧珀源化妆品有限公司
2022461	广州富一液体分离技术有限公司（付工）
2022465	刘胜（个体经营）
2022474	深圳市精典网络设备有限公司（市场部）
2022476	安全光栅专家
2022492	深圳市三力电源科技有限公司（华南办）
2022495	汕头市潮南区峡山世锦电脑绣花厂
2022514	广州乐邦皮具厂家啊锋
2022518	深圳市百亿科技有限够公司
2022538	滤中滤开水器工厂
2022541	深圳市斯博特工业设备有限公司（广东地区）
2022549	豪信达精密模具经营部
2022555	深圳市凯瑞德电动车有限责任公司
2022556	中国店配网山东站
2022560	深圳市随意行智能科技有限公司（华南地区）
2022569	泽新香港会计行
2022571	制冷配件网
2022572	广州龙赢动漫科技有限公司（Heidi Li）
2022574	深圳市弘欣数码有限公司
2022557	广州全奥化工产品有限公司（潘玲）
2022575	深圳市布朗斯通科技有限公司（王杨波）
2022580	深圳优的电器股份有限公司（szyoudle）
2022584	东莞市修海纸业有限公司
2022587	深圳飞鸿信科技发展有限公司
2022597	深圳市博视锐科技有限公司销售部
2022604	东莞市新博源能源有限公司（李生）
2022612	深圳市金虹光科技有限公司  （朱先生）
2022616	购物狂飞飞
2022619	深圳捷锐泓电子有限公司-余’S
2022625	佛山市南海区国展钢结构厂 （厂部）
2022635	深圳诚信神火科技有限公司（厂家）
2022639	三金士不锈钢门业
2022687	阳西浩天帽袋厂
2022690	深圳市倍测科技有限公司（周）
2022693	广州雁辉服饰
2022709	广州雁辉服饰1
2022713	广州雁辉服饰2
2022716	博罗县亚通瓶盖加工厂（叶小姐）
2022729	东莞沙田灌浆防水补漏公司
2022735	润贵激光切割
2022739	广州五强无纺布袋制品厂
2022741	东莞洪梅灌浆防水补漏公司
2022749	深圳市精华包装制品有限公司（彭翔）
2022750	东莞常平灌浆防水补漏公司
2022751	廣州宏信塑膠工業有限公司（华南地区）
2022756	怀子电子厂
2022759	东莞麻涌灌浆防水补漏公司
2022760	angus watch
2022765	东莞大朗灌浆防水补漏公司
2022773	东莞黄江灌浆防水补漏公司
2022778	广州君达包装
2022779	东莞市名科塑业材料经营部
2022783	东莞市协盛橡塑材料有限公司（顺德办事处）
2022790	中山市毅杰照明有限公司
2022797	东莞石龙灌浆防水补漏公司
2022800	深圳捷诺富科技有限公司
2022802	东莞塘厦灌浆防水补漏公司
2022803	深圳捷诺富科技有限公司(捷诺富科技）
2022805	东莞东坑灌浆防水补漏公司
2022807	健搏LED灯饰
2022809	广州欧蒂芙实业有限公司（总部）
2022814	出售电缆|铜芯电线|铝芯电线|漆包线13662652982
2022815	厦门出售电缆线|厦门出售电线|厦门出售漆包线13662652982
2022816	广州市创联皮具有限公司
2022854	东莞市南风挤出机设备有限公司
2022889	广州富一液体分离技术有限公司（华南）
2022895	广州市天地人广告展示器材有限公司（张华娟）
2022903	深圳市华太电子有限公司（古生）
2022914	深圳市礼芳电子有限公司
2022917	深圳市巴可光科技有限公司（小朱）
2022918	广州鼎集广告有限公司
2022933	国软互动传媒（华南）
2022948	中通工程机械配件有限公司
2022950	深圳市迈思照明有限公司分公司
2022960	防水透气阀厂家直营店
2022964	广东欧佰装饰工程有限公司（华中地区）
2022978	广东顺德华泉节能设备有限公司（梁小姐）
2022981	重庆市圣珂生物能源投资有限公司
2022987	广州壹堂文化发展有限公司 李经理
2022892	深圳市鑫神州龙物流有限公司
2022989	汕头金石手板快速成型精雕成型有限公司
2022998	烨锋油封厂
2023000	江门胶合板厂_东亚建筑胶合板[网站]
2023002	欧蒂芙集团
2023012	沙井欧美成设计
2023021	尚民五金制品厂
2023038	江门建筑模板厂家--—广东省最便宜的模板
2023042	深圳市康博特技术公司
2023048	东莞大岭山货运运输公司
2023053	东莞市祥富电镀有限公司
2023056	深州市计量质量检测研究院
2023072	惠州市金凯利电子材料有限公司（叶辉云）
2023075	东莞市倍特包装材料有限公司（华中地区）
2023081	深圳坤鑫国际货运代理有限公司（华南地区）
2023090	广州豪精机电
2023091	深圳仟思盟科技有限公司（1）
2023120	东莞市富泰金属材料有限公司（销售部）
2023123	东莞市坚十装饰材料有限公司招商部
2023128	深圳市丹铭电子有限公司（华强北）
2023130	TDREAM真皮包包
2023131	青华模具培训学院
2023133	东莞市埃菲家居用品有线公司
2023137	厦门服装批发厂家有限公司
2023159	南京羽绒服装批发厂家有限公司
2023170	广州市清木网络工作室
2023175	辽宁省精神
2023177	深圳市易乐付科技有限公司（华中地区)
2023178	深圳市南方联合科技有限公司（深圳IDC）
2023045	深圳市华昌化工有限公司（李经理）
2023074	东莞城市快讯广告传媒有限公司
2023179	昆明服装批发厂家有限公司
2023191	深圳市易乐付科技有限公司（中国大陆）
2023197	广州云熙雨服饰
2023198	四季色彩顾问小琴
2023201	卓道国际商务有限公司
2023218	深圳市骏彩服饰科技有限公司
2023230	广州一维体育设施工程有限公司（吴艳）
2023258	中山市进销存软件
2023280	中山神湾华润顺创建库
2023283	中国店配网河北
2023285	卡罗琳贸易公司
2023288	肇哈工量1
2023289	映辉胶贴制品有限公司
2023292	群力油罐厂
2023297	广州凰腾通讯
2023299	深圳市欧瑞博电子有限公司（华中区）
2023302	东莞晓天服装厂
2023309	中山市工厂管理软件
2023323	凯旋球迷体育用品厂
2023327	东莞凤岗灌浆防水补漏公司
2023335	源研磨材料专营（研磨抛光拉丝产品 ）
2023343	中山坤尚电子有限公司业务部
2023364	深圳市贝莉丝化妆品有限公司（房小姐）
2023366	中国店配网安徽站
2023372	广州富一液体分离技术有限公司销售部
2023373	广州无线固话报装有限公司
2023383	川雄饰品配件
2023384	深圳市铭诚五金模具加工厂
2023180	禾之味时尚餐厅
2023186	深圳市森迅达电子技术有限公司
2023385	东莞市鑫润达国际快递有限公司
2023390	东莞新雅包装有限公司（曹雨亮）
2023393	广州奥格尔展览有限公司1
2023401	广州奥格尔展览公司（欧美地区）
2023409	小字符喷码机稀释剂专营
2023422	深圳市今辉时代科技有限公司（江爱琴）
2023427	广州永信表行
2023429	东莞桥头灌浆防水补漏公司
2023436	深圳特思德激光设备有限公司（华中地区）
2023448	东莞市宇博化工有限公司
2023451	深圳市莱博检测技术有限公司（防火产品部）
2023455	中国店配网花都站
2023456	斯维柯印花胶浆防粘剂（东莞）营销中心
2023463	绿道头盔有限公司
2023471	东莞横沥灌浆防水补漏公司
2023490	深圳越达彩印设备
2023497	珠海雷特电子科技有限公司销售部
2023499	东莞石排灌浆防水补漏公司
2023511	越达彩印万能打印机
2023513	广州思埠集团生物科技有限公司
2023520	一点服饰手绘喷绘厂
2023522	东莞虫控技术科研推广服务公司
2023528	深圳市新德尔音响有限公司
2023535	深圳市凯卓光电有限公司市场部
2023545	东莞企石灌浆防水补漏公司
2023549	广州典丰期货配资公司
2023550	佛山市洁诺科技有限公司（肖刚）
2023551	广东正规狗场
2023553	深圳市盈博达科技发展有限公司-吴献君
2023472	广州市和邦建筑工程有限公司（ 广州片区刷新服务施工单位）
2023563	东莞市清溪远恒五金制品厂
2023574	佛山云海瓷业有限公司销售部
2023579	广州正在打印设备有限公司
2023595	深圳市硕田食品事业部
2023601	东莞市鹏托姆进出口有限公司（进口报关部）
2023608	东莞清溪灌浆防水补漏公司
2023614	深圳米尔特科技有限公司(叶小姐)
2023617	广州市依通仪器设备有限公司（康清）
2023635	华视娱乐明星经纪公司
2023638	南宁代开住宿qq770699054
2023640	汕头市阳帆塑粉有限公司
2023644	深圳市荣泰易达科技有限公司（邓锦红）
2023652	科理企业管理顾问服务(深圳)有限公司
2023656	银宇布行Y
2023663	东莞市步麒麟智能科技有限公司
2023676	广州大立隔断装饰工程有限公司
2023681	东莞市特鹰铸造材料有限公司（广东地区）
2023696	深圳市美迪电子有限公司（邹）
2023707	铜仁市广州经营部
2023711	雁辉企业有限公司
2023719	华默特（中国）蓄电池有限公司
2023724	滤中滤开水器（i）
2023753	广州华业行皮具有限公司
2023762	成品牛皮进口报关公司
2023772	深圳鸿威胜投资有限公司（小杨）
2023787	广州专业PPT制作设计公司
2023793	铭骏摩托车有限责任公司
2023807	深圳市沃浩源新能源电器有限公司(深圳地区）
2023824	深圳英伦高科电子有限公司
2023688	娱乐高科技
2023826	广州奥迈捷数码科技有限公司
2023852	广州鸿亿企业信息咨询有限公司（网销部）
2023853	深圳市华亿娱乐用品有限公司
2023854	爱迪润滑油
2023856	美琪联汽车真皮座椅
2023860	万信达白铁不锈钢通风工程部
2023862	车小秘智能科技有限公司
2023881	深圳市北测检测认证有限公司
2023892	深圳康明网络科技有限公司
2023893	佛山皓进家具有限公司
2023899	深圳立高网络科技有限公司
2023911	中山市昇立科技有限公司
2023915	文辉设备厂
2023916	深圳霸特尔防爆科技有限公司刘强
2023918	深圳中电南方电力设备股份有限公司（Carrie）
2023943	广东个体经营者
2023946	广州市白云区兴俊杰服饰厂（刘R）
2023961	时尚特种宠物养殖场
2023968	万享供应链管理有限公司（深圳分部5）
2023971	永利华粘合剂有限公司
2023972	上海虎桥国际物流有限公司(深圳5分部)
2023973	上海虎桥进出口有限公司（深圳5分部）
2023981	深圳互市国际（中国）货运代理有限公司
2023987	得友鑫货架
2023991	深圳市七彩专显科技有限公司
2023998	深圳市源航电子材料有限公司
2023999	kc家族。
2023829	广东桦榕物流有限公司
2023844	广州涵春轩投资管理有限公司总部
2023907	霸途揭秘1040
2024001	&amp;lt;script&amp;gt;alert&amp;#40;&amp;quot;浅兮&amp;quot;&amp;#41;&amp;lt;/sc
2024011	佛山易拓廖万梅
2024012	东莞大岭山灌浆防水补漏公司
2024020	盛德宇绑定厂
2024023	东莞望牛墩灌浆防水补漏公司
2024033	东莞樟木头灌浆防水补漏公司
2024041	沙井激光打标
2024045	深圳市三三一电子有限公司 （杨秀玉）
2024048	东莞勤福电热设备有限公司
2024066	深圳福永灌浆防水补漏公司
2024075	广州市荔湾区方夏家电清洗服务部
2024091	深圳市康捷登科技有限公司（深圳工厂）
2024095	广州诚音铭电子科技有限公司(红豆）
2024120	上海虎桥国际物流有限公司华南深圳总部
2024139	广州欧诚电子有限公司
2024146	中国店配网河北站
2024147	广州市广诚化工有限公司(张先生)
2024151	中国店配网澳门站
2024180	保护伞公司
2024186	深圳市你的科技有限公司销售
2024192	深圳市善知科技有限公司市场部
2024213	中山鑫泰自动化设备有限公司
2024214	广州金特异汽配有限分公司
2024223	东莞昊丽服装有限公司（张志豪）
2024228	深圳市九阳电池有限公司（陈晓露）
2024237	中国店配网重庆站
2024238	东莞冯佰宋食品加工厂
2024249	亿鑫源照明
2024253	东莞市富鸿数码科技有限公司（业务部）
2024044	深圳市巡洋国际物流有限公司广州分公司（小陈）
2024270	冯佰宋食品代工厂
2024273	东莞市森诺金属有限公司（陈小姐）
2024289	上海虎桥国际物流有限公司xj6
2024290	东莞市桥头亿新电子有限公司
2024312	广州云熙雨服饰贸易有限公司
2024319	深圳市威可特电子科技有限公司业务部胡艳容
2024333	深圳小角度科技
2024337	广州嘉惠皮具有限公司
2024343	科美清洁设备有限公司
2024344	朗之时隔墙有限公司
2024345	友明工程机械配件有限公司
2024348	广州市顺源财税咨询有限公司
2024351	广州市番禹区东永动漫产品开发部
2024355	广东钊越五金
2024360	香港百鸿拍卖行
2024368	深圳市福田区双锡宝业电子商行
2024376	深圳市恒浩伟业科技有限公司（曾先生）
2024378	越达科技彩印数码打印机
2024379	永骏精密压铸制品有限公司
2024387	磐球亚洲拍卖行有限公司
2024389	广州军诚企业管理咨询有限公司（广州区）
2024393	广州博威包装制品有限公司(销售部）
2024395	居得安智能科技股份有限公司
2024397	深圳市其利顺光电有限公司（深圳区）
2024401	卡帝门窗123
2024411	深圳市索视很小科技有限公司
2024412	清远市驰亚交通设施工程有限公司
2024421	上海亚纵电子
2024370	磐球国际拍卖行有限公司
2024404	香港百鸿国际拍卖行有限公司
2024429	广州畅影时光7D影院
2024434	中山市合辉塑料加工场
2024442	东莞市昶博电子材料有限公司(业务员:钟小姐)
2024443	深圳鸿景家电维修中心
2024447	2014新政策深圳公司注册 660元起注册公司
2024449	新大西洋机械设备有限公司
2024453	晟煜电子回收
2024458	兴宁力邦广告装饰
2024459	广州宝丝迪化妆品有限公司
2024460	广州御藏展览拍卖有限公司（赵总）
2024465	广州交易会协办单位
2024470	嘉能五金有限公司
2024473	中柏高分子有限公司雷生
2024476	深圳市逸协电子有限公司（朱）
2024478	微信奢侈品
2024489	佛山马赛克装饰厂
2024497	南方微电有限公司
2024498	越达科技平板彩印
2024500	宏达移民顾问有限公司
2024513	广东威特隆科技股份有限公司（彭先生）
2024523	万付电子科技有限公司
2024534	深圳市恒华通润滑油有限公司（刘艳）
2024536	梦想光金科技
2024537	Venpole Eletrical Appliance Co.Ltd
2024543	广州市意林枫服饰有限公司
2024548	深圳市中南海安消防装饰工程有限公司（华中地区）
2024558	中山市管家婆软件公司
2024559	广州圣柏雅生物科技有限公司《艾魅妍》
2024562	深圳澳华伟业电子有限公司（亚太地区）
2024563	名师名课网
2024564	深圳成凯丰实验室装备有限公司1
2024577	博商网络营销培训学院
2024601	广州坤耐建材有限公司（小张)
2024603	深圳专业PPT制作设计公司
2024604	广州市锐星游乐设备有限公司销售部
2024607	广州盖力威帮商贸有限公司
2024611	广东宏达通信IDC
2024614	深圳市大为光源有限公司（曾宪楠）
2024620	深圳中电南方电力设备股份有限公司（黄小姐）
2024627	东莞市中外运国际快递有限公司
2024638	深圳市兴裕隆机电设备有限公司（张志茹）
2024641	深圳市亚成物流有限公司
2024649	中国艺术品展览拍卖有限公司（广州御藏）
2024655	广州市科捷办公设备维修中心
2024659	深圳宝安灌浆防水补漏公司
2024671	深圳市安厦科技有限公司（总部）
2024689	晶彩工艺厂
2024695	深圳市肯达信企业管理顾问有限公司（钟欣）
2024703	东莞市石龙精益仪器工具经营部
2024718	深圳市巨龙兄弟实业有限公司Jessica
2024725	东莞礼品订制有限公司
2024731	广东双宝气杆集团有限公司
2024737	中山市美嘉源灯饰厂（张三）
2024739	雪丽姿化妆品有限公司
2024747	佛山禅城鸿宇不锈钢金属加工厂
2024752	深圳市好希望科技有限公司（毛小姐）
2024761	深圳市华太电子有限公司（罗州）
2024763	佛山市高嘉货架有限公司
2024639	中山市坤诚干燥架厂
2024664	深圳御宝轩艺术品管理有限公司（熊）
2024771	广州花城汇清洁服务有限公司
2024783	深圳汇付通商贸有限公司
2024789	东莞市朗日电子科技有限公司(华南)
2024798	深圳市肤丽姿美容护肤咨询有限公司
2024802	佛山市力马喷砂厂
2024805	华诺服饰有限公司
2024806	东莞市成坤防护用品有限公司
2024807	深圳市韩润国际货运代理有限公司
2024820	广州市泰全化工有限公司拟
2024824	东智电源插线厂
2024862	深圳市巨海坤科技有限公司-产品专案中心
2024870	中山市至泰家具有限公司
2024886	滤中滤开水器i
2024906	滤中滤开水器v
2024910	shenzhen topchances trade co.,ltd
2024912	广州怡佳展览服务有限公司（陈乐）
2024916	东莞市国亿服饰辅料有限公司（小玉）
2024921	jeha technology group
2024948	东莞市正扬包装印刷有限公司（王元功）
2024950	摩圣汽车深度保养
2024976	广州鸿亿信息科技有限公司
2024977	深圳英伦文体娱乐有限公司
2024980	东莞市爱美造型有限公司
2024988	深圳韦美软装装饰设计有限公司
2024991	Brand7750 watches factory
2025005	潮安县家家福不锈钢制品厂
2025010	深圳市思美泉生物科技有限公司(远成）
2025046	深圳四海翔天进出口有限公司（华南区）
2024790	美供云供应链（苏州）有限公司
2024923	东莞市浈颖机械设备有限公司米饼机直销部
2025050	广州汛果环保科技有限公司（黄伟）
2025064	深圳市惠创快捷电路有限公司
2025071	深圳龙岗灌浆防水补漏公司
2025081	深圳市易绿科技股份有限公司
2025082	上海虎桥国际物流有限公司华南深圳分部
2025083	东升科技园
2025089	深圳市易绿科技有限责任股份公司
2025094	深圳市航世科技有限公司（刘湖兴）
2025104	佛山肯富来水泵（东莞销售)有限公司
2025131	广州雅淇电子科技设备有限公司
2025138	五金脱漆厂
2025165	金源标牌厂
2025167	深圳市豪万盛电子设备有限公司
2025178	广州卡诺电子科技有限公司--业务部
2025179	思水宝 (中国) 陶瓷水务有限公司
2025185	深圳市伟诚通电器商行
2025189	深圳市洛奇自动化喷砂设备有限公司
2025193	智翔捆条厂
2025194	广州市彩江舞台灯光设备有限公司
2025196	惠州市麗得光電科技有限2
2025204	广州新塘灌浆防水补漏公司
2025205	罗先生(个人)
2025207	广州灌浆防水补漏公司
2025208	东莞专业PPT制作设计公司
2025211	深圳松岗灌浆防水补漏公司
2025222	深圳市宝安区石岩永鹏卡板厂木卡板
2025229	东莞市致一音响设备有限公司
2025261	上海虎桥国际物流有限公司(深圳9分部)
2025263	江门市大自然化工有限公司(张先生)
2025265	上海虎桥进出口有限公司（深圳002分部）
2025268	海宁市正浩过滤设备有限公司(吴小姐)
2025271	深圳市华耀激光设备有限公司（市场部）
2025298	锐利剪刀厂
2025300	深圳市龙岗区航熠铜铝经营部
2025317	精典网络机柜
2025330	广州鸣一展览服务有限公司（sophieguwen）
2025344	东莞C族机械
2025347	佛山研明热能设备科技有限公司（销售部）
2025349	深圳万通恒信智能设备有限公司（西北地区）
2025351	广州鸿标信息科技有限公司3
2025356	深圳市欧阳华斯电源有限公司新
2025367	星火宝石有限公司
2025370	深圳嘉视宝有限公司（深圳地区）
2025380	danzao toys co.,ltd
2025385	东莞钰立服饰辅料有限公司
2025396	深圳市大族三维科技有限公司（总部）
2025400	广州洁宝集团有限公司
2025411	中国店配网黑龙江站
2025414	中国店配网西北站
2025417	深圳市深度物流石龙仔营业部
2025452	溢洋光电（深圳）有限公司（中国）
2025454	深圳市凯健奥达科技有限公司（华南地区）
2025457	上海虎桥国际物流有限公司xj7
2025466	shenzhen minan smart technollgy co,ltd
2025467	东莞市鹏达电子设备【朱永兴】
2025475	广州市柏海科技电子有限公司
2025477	文培国际教育集团
2025491	娃娃娱乐展城
2025494	Safety国际安规认证EMC电磁兼容测试
2025458	生利金融集团
2025499	universal-star pu decoration co.,ltd
2025509	广州诚邦化工科技有限公司（华南地区）
2025523	深圳市鑫冠宇达电源科技有限公司（深圳总部）
2025541	深圳市新天池环保节能设备有限公司销售部
2025550	香港凯润化妆品有限公司
2025555	深圳市森本显示科技有限公司（黎生）
2025581	工厂测试请忽略
2025601	深圳市卡力士汽车应急启动电源
2025611	情农花开情趣用品
2025616	东莞市桓宇贸易有限公司（王芷欣）
2025620	灵创照明灯饰有限公司网
2025626	深圳市威尔晟光电有限公司(华南)
2025636	淄博哪里有衣服批发厂家
2025641	广州姿势蒂化妆品有限公司
2025642	深圳提坦科技有限公司市场部
2025643	青岛女式羽绒服批发厂家
2025644	莽龙通讯设备有限公司
2025645	专做POWER电源芯片
2025648	旗兴服饰有限公司
2025651	郑州哪里有羽绒服批发厂家
2025664	深圳市宝安区西乡乐云天电子商务商行苏乐
2025671	输赢塑胶原料有限公司
2025673	中山双囍照明有限公司
2025698	深圳市甲天下中空板制品有限公司（业务部）
2025700	广州市金雨紧固件有限公司
2025701	中山市亿利沙发翻新厂
2025518	广州诈骗传销公司
2025556	广州腾易达国际货运服务有限公司
2025667	诚德国际艺术品展览服务有限公司
2025711	怡来TTT
2025716	东莞市佳捷洗涤用品有限公司（万江区）
2025726	厚街一通防水补漏公司
2025727	深圳市弘腾电子科技有限公司
2025757	广州雷神电气制造有限公司（leishen）
2025764	益华进出口有限公司。
2025785	佛山红色古都
2025791	广州铨聚臭氧科技有限公司（华中地区）
2025793	东莞市天霖纸业包装有限公司
2025800	佛山市顺德区创世纪实业有限公司（销售）
2025808	深圳御宝轩艺术品管理有限公司（陈经理）
2025811	广州市番禺区绿怡环保设备从
2025818	广州远方物流服务有限公司
2025820	雅兴首饰厂(施生)
2025826	东莞天霖纸品印刷厂
2025828	儒品文化传播有限公司
2025831	佛山新叶包装有限公司
2025843	深圳市龙雅印章有限公司布吉营业店
2025844	中山市品良照明有限公司
2025854	深圳美迪宝电器制造有限公司
2025855	广州展柜出租公司
2025863	汕头晶彩工艺厂
2025864	开平启帆织造有限公司-营业部
2025867	大华高周波机械设备
2025870	Shenzhen Unionpeak Technology Co., Ltd. （华南地区）
2025887	雪丽姿化妆品
2025891	深圳宝安区沙井唯德堡陶瓷厂
2025741	雁荡公司123
2025773	广州中怡拍卖有限公司
2025866	Orient source HK
2025901	东莞大岭山货物托运公司
2025908	Honeycomb Luggage comany
2025910	佛山市谜莎建材有限公司
2025926	广东花生信息科技有限公司营销中心
2025927	珠海华盛不锈钢、电焊工程公司
2025932	深圳市烽途货运有限公司
2025941	广州诚德国际展览服务有限公司（胡）
2025955	广州市天弼洋贸易有限公司
2025965	香港彩音设备越达科技有限公司
2025966	中国国旅深圳公司港澳部
2025971	东莞市硕信电子科技有限公司（Eric）
2025972	深圳市百汇越达科技彩印机设备有限公司
2025978	深圳市海清华鑫珠宝有限公司
2025980	深圳市你好漂亮印刷设备厂
2025988	深圳市新天池太阳能热水工程销售中心
2025993	深圳魏湾皮具有限公司
2025995	佛山市禅城区四通盛管件经营部
2026005	深圳市益友实业有限公司张益民
2026011	深圳市西谷制冷设备有限公司（业务经理）
2026019	深圳琥固珀加固材料公司
2026023	深圳市喜拓贸易有限公司（李喜忠）
2026035	东莞市海邦国际进口公司
2026037	麻涌防水补漏公司
2026045	佛山市豪祺漆有限公司
2026048	华永诚国际进口物流供应商
2026049	冯佰宋生产厂家
2026089	深圳市欣希电子科技有限公司（电商）
2025902	贾斯汀风湿专科
2026059	广州市虎桥威盟国际物流
2026065	广州市华永诚进口报关报检公司
2026095	东莞常平金澳机械有限公司
2026107	齿轮箱驱动组件
2026118	高价电缆回收
2026119	广东普宁东北荣宽物流公司
2026135	精典网络监控机柜
2026138	深圳市迅航星辰国际物流有限公司(VIVIAN)
2026142	奢华皮具有限公司
2026146	广州飞鹅电器有限公司
2026148	东莞市迈尔广告有限公司
2026151	广州及石雨园林水族用品有限公司
2026161	深圳市荣清金属材料有限公司
2026174	东莞市展跃机电设备有限公司
2026184	深圳市欧英源绝缘塑胶制品有限公司
2026201	聚焦伟业牛帅帅
2026221	东莞市黄江利鑫金刚石工具有限公司
2026235	惠普切割机
2026244	广东三友金属材料公司
2026250	帆达金属表面加工
2026252	快乐节能环保科技有限公司
2026257	虎门一通防水补漏公司
2026262	深圳市源升庆科技有限公司（王生)
2026263	东莞市东城盈旺日用品商行
2026271	深圳市奕东电子有限公司（小间距）
2026272	深圳市莱斯进口塑胶材料有限公司
2026275	东莞石碣防水补漏服务公司
2026280	广州乐邦皮具批发包包
2026101	深圳雅嘉标牌
2026223	俊豪标牌厂
2026281	东莞市蓬盛达绝缘材料有限公司
2026284	广州乐邦皮具批发包包皮带
2026288	深圳市华熙光电
2026290	腾飞科技有限公司（华南地区）
2026292	深圳市好好玩电子科技有限公司
2026323	深圳盛莱美箱包皮具有限公司（赵小姐）
2026338	国际快递_国际物流_国际小包_深圳市信诚顺通国际货运代理有限公司
2026351	祥云达LED自动化设备
2026355	广州冠美服装辅料有限公司（华南地区）
2026358	深圳市永骏精密压铸模具有限公司市场部
2026370	立讯检测实验室
2026376	中山市安禾电子实业有限公司1
2026383	惠创快捷电路板深圳有限公司
2026385	深圳天溯计量检测南山业务部
2026398	上海品牌羊毛衫厂
2026413	塑料检查井厂家
2026419	沙井人才市场（辉煌人才市场）
2026420	深圳市聚人成电子材料有限公司(李S）
2026426	深圳成凯丰实验室装备有限公司（华中地区）
2026427	深圳市毅智创新科技有限公司（刘丹凌）
2026435	中国店配网江门站
2026438	深圳市金和昌五金拉链有限公司（华南地区）
2026439	凯美投资管理服务有限公司
2026442	中国店配网上海分站
2026450	深圳市大憨熊游乐设备有限公司(杨生)
2026478	喜拓电子科技
2026480	麻辣掌门麻辣香锅加盟管理有限公司
2026483	深圳聚焦饰品
2026484	匯航中港物流有限公司（東莞分公司）
2026486	广州嘉佰丽防水涂料 厂
2026488	卡视渼专业音响
2026494	河源市环保防水补漏公司
2026507	深圳兴邦伟业电子有限公司（粤）
2026523	拼接屏、监视器厂家
2026528	深圳市远航威电子科技有限公司
2026533	东莞市速达精密压铸有限公司
2026546	FEITA东莞市非泰电子有限公司
2026555	傑宏酒店用品
2026558	Newlytrend Industrial Co., Limited
2026559	东莞市优刷网络科技有限公司钟斌
2026573	深圳市鑫彩晨科技有限公司（总部）
2026575	深圳市凯利同创电子
2026576	老战友店
2026581	东莞市艾立克机械制造有限公司（华南地区）
2026590	广州鸿标企业信息科技有限公司白云办事处
2026591	东莞万千塑胶原料商贸有限公司
2026592	东莞鹏程物流有限公司
2026597	狂时代配件
2026601	广州市意尚珠宝首饰有限公司
2026602	广州鸿标企业信息科技有限公司
2026604	前景服饰商行
2026613	中国店配网湛江站
2026616	东莞市塘厦东鑫润滑油经营部
2026633	电子加工 专业帮定
2026638	中山市民众海利不锈钢管直销部
2026655	深圳市果尔佳防水工程有限公司（赖生）
2026669	哪里有春季服装批发厂家
2026671	深圳市酷我生活电子有限有限公司
2026675	哪里有冬季外套批发厂家有限公司
2026631	汉村炸鸡加盟管理有限公司
2026678	南京服装批发厂家有限公司
2026679	惠州市良达电子科技有限公司
2026687	创中华集团
2026699	LIGHTLINK CO.,LTD
2026703	好运来装修
2026711	好机有阿有限公司
2026712	粤宝胶粘制品有限公司
2026741	佛山市具力科技事业有限公司
2026746	东莞市信易塑胶机械有限公司
2026750	东莞启典拉丝厂
2026752	深圳市科宇长鸿净化设备有限公司-销售部
2026757	d-sub连接器_优质d-sub连接器_优联康d-sub连接器
2026762	回收手机ic芯片
2026769	萌之家韩流品牌亲子装
2026770	东莞市科恵工业材料有限公司
2026772	深圳市鸿峰五金电子有限公司（松岗地区)
2026788	广州矩东网络科技有限公司
2026797	贝斯特燃气输配设备（广东）有限公司
2026799	科誉诚电子商行
2026808	三鑫琥珀工艺
2026811	广州龙卓机械有限公司(邓华)
2026813	东莞市精创五金有限公司 (谭小姐）
2026825	奥德拉电子有限公司(中国)
2026828	珠海市拱北生龙纸业有限公司胡婷
2026853	滤中滤开水器a
2026860	东莞市日康实业有限公司(唐先生)
2026871	乐惠通体验中心
2026719	永邦铁氟龙公司
2026738	深圳娱乐牌具生产厂家
2026749	东莞福华健康体检中心
2026883	浦迪实业投资有限公司电商部
2026897	冯佰宋经销商
2026900	金明皮革皮业
2026903	冯佰宋批发商
2026907	冯佰宋供应商
2026919	深圳市逸协电子模块有限公司
2026949	东莞雨鸣精密机械有限公司
2026952	深圳市名华文具有限公司
2026967	阿俪达女鞋
2026978	深圳市兴顺安科技有限公司事业部
2026982	东莞市腾辉净水家电工程公司
2027004	深圳顾通科技有限公司业务部
2027006	福兴l隆五金电子（惠州）有限公司
2027007	长沙食堂承包|广州食堂承包|康衡餐饮管理有限公司
2027016	广州德龙自动化设备有限公司薛斌
2027018	中山有行企业胶类制品有限公司（何小姐）
2027020	深圳市台鸿机械设备有限公司销售部
2027026	中山市康泉净水有限公司
2027031	深圳市毅宁亮照明有限公司（张流祥）
2027035	广州番禺市桥雅迪电动车专卖店
2027036	中山用友软件有限公司
2027037	丽华刷业有限公司
2027053	粤港天福五金电子（惠州）有限公司
2027065	鹤山市捷力空压机经营部
2027068	广东省东莞市质量监督检测中心
2027071	微信女装一手货源
2027080	东莞市韵翔塑胶五金制品公司
2027089	华虹电子设备厂.
2026876	深圳牌具 深圳阿明牌具公司
2026995	永亨皮具小
2027102	烟花楼成人用品
2027104	艺宝轩天然琥珀
2027105	珠海飞翼广告
2027121	东梵服装才
2027136	佛山市升强电子科技有限公司6
2027147	豪信塑胶材料有限公司
2027172	广州市力克建筑材料有限公司（销售部）
2027178	伟康达电子科技有限公司
2027187	订制 设计 生产
2027199	广州市白云区人和东标泰达商行
2027214	深圳唯坷隔音材料有效公司
2027220	广州市东雅清洁服务有限公司
2027240	深圳市丰和液压元件有限公司
2027249	赶集网东莞分公司
2027259	佛山市信誉防水补漏有限公司
2027260	佛山市永上不锈钢有限公司【永上李凯】
2027264	东莞市配角木制品厂
2027269	琳琅满木灯饰厂
2027274	深圳市晟祥货运代理有限公司
2027278	广州铭怡电子科技有限公司（销售部)
2027284	深圳市亿特朗科技有限公司（杨生）
2027289	东莞江诚自动化设备有限公司
2027308	广州贝伽电子科技有限公司（总部）
2027310	广东中联车队
2027326	广州市赛达检测技术有限公司（杜先生）
2027330	深圳博讯通智能科技有限公司（市场部）
2027333	深圳凯强力科技有限公司（华南地区）
2027336	汕头强磁工厂
2027342	深圳市创富焱仓储设备有限公司
2027350	广州创能汽车电子有限公司
2027351	滤中滤开水器1
2027352	深圳利源特进出口公司
2027354	深圳市丰特科技有限公司（光纤熔接机）
2027357	正旭五金电子（东莞）有限公司
2027363	合赢五金冲压加工厂
2027364	深圳久晟光学
2027370	广州意成展览策划有限公司
2027393	深圳市创凌世纪科技有限公司(1)
2027428	广州快龙进出口国际物流有限公司(陈先生)
2027440	深圳市睿轩世纪科技有限公司
2027445	中国店配网河北站站
2027446	广州欧奈进出口有限公司（销售）
2027447	东莞市通宇化工机械设备
2027459	深圳市百尔盛净化设备有限公司销售部
2027460	东莞市海统机电实业有限公司Andy
2027464	东莞健凡服饰商贸有限公司
2027484	深圳市海德利家具有限公司销售部
2027485	广州鸿祥装修公司87561356
2027494	东莞城旗模切有限公司
2027498	深圳市建滔科技有限公司1
2027500	中国店配网江苏站
2027508	东莞渡甫手袋厂
2027510	梦定成真滴
2027513	永亨皮具有限公司
2027514	广州铭典机械设备有限公司（李经理）
2027515	深圳百事特体育用品有限公司（王小姐）
2027523	北京时尚女装批发厂家邮有限公司
2027530	中国店配网山西站
2027531	最便宜的女装批发网厂家
2027387	深圳牌具销售有限公司
2027539	深圳服装批发厂家有限公司
2027543	广东二手通信器材回收公司
2027545	景辉输送带制品有限公司
2027547	深圳市柏盛科技有限公司（市场经理）
2027569	黑锦汽贸有限责任公司
2027576	广州艺投投资管理有限公司（华中地区）
2027591	广州市不锈钢网厂家
2027621	fasvgo梵森菲格
2027622	深圳市广宁股份有限公司（热能表）
2027631	广州汇顶贸易有限公司（田航宇）
2027638	天高微科技电子有限公司
2027652	天下子科技有限公司
2027655	深圳市赤道科技有限公司（总销售经理）
2027658	容冠不锈钢设备有限公司
2027668	顺发33电子有限公司
2027670	深圳亚新亚电子有限公司2
2027671	Mingshi chairs manufacturing co.,ltd
2027678	去电号码任意显
2027685	诚泰达科技有限公司（李伟）
2027698	艾伦代购平台
2027705	深圳市光科照明（华南大区总部）
2027708	壹家人餐饮管理服务有限公司华南运营中心/广州总部
2027712	广州瑞泰物流有限公司（广州瑞昊国际货运代理有限公司）
2027716	深圳市裕祥光电有限公司谭s
2027718	深圳市浩霸电池有限公司  （龙华地区）
2027719	东莞李记地坪机械有限公司
2027732	佳信海外服务集团公司
2027738	顺德电商泉之源
2027756	深圳市众聚信息咨询有限公司（袁工）
2027769	江门顾家家具有限公司
2027832	辉远模具塑胶制品有限公司
2027841	深圳市顺弘企业管理顾问有限公司
2027843	沉淀硫酸钡厂家
2027847	中山恒丰塑件制品厂
2027849	腾讯企业邮箱
2027854	滤中滤开水器11
2027866	东莞好友网络营销有限公司
2027874	东莞市博学文化传播有限公司（郝贞）
2027876	广州鹰豪汽车配件有限公司（胡海）
2027879	广州韵煌电子科技有限公司（西南部）
2027889	广州市金凯迪家居用品有限公司(小谢）
2027891	金贵妃首饰
2027905	广州胜效广告有限公司-主营专业派单
2027910	广州新胜利自动化设备有限公司
2027925	深圳重型货架厂
2027927	奢饰品代理批发贸易公司
2027930	佛山市三水区雅美佳复合材料有限公司
2027945	金力堡健身俱乐部
2027956	AKOK爱卡仁
2027961	广东青华模具学院
2027969	花式足球演出 务18122151649
2027981	广州江龙工业控制技术有限公司
2027988	凯达国际物流代理有限公司
2028007	东莞菲林回收公司
2028021	东莞市真邦电子商务有限公司
2028025	广州市恒熠舞台灯光设备厂
2027774	深圳市宇世同创广告有限公司（华中地区）
2027821	广州鼎荣文化发展有限公司（华南地区）
2027901	广州代人体检
2027932	广州宇晖电子科技
2028028	深圳市宝安区石岩依女王服装厂
2028032	东莞万丰菲林回收公司
2028039	广州菲林回收公司
2028046	誉洋制衣厂
2028051	市展鹏防水补漏有限公司
2028056	深圳市恒艺电子科技有限公司
2028057	Vcake尚诺西饼公司
2028059	亿金美电子有限公司
2028061	Guangdong Shunde Changsheng Industrial Co., Ltd.
2028069	香港魔方洗发水总代理
2028077	深圳新宝利纸品主限公司
2028079	佛山市鸿驹塑胶材料有限公司
2028090	深圳市恒泰富复合材料有限公司（张先生）
2028102	广州森派客家居用品有限公司旗下奢华品牌
2028108	广州市番禺科腾工业有限公司(AID)
2028114	兄弟打印机公司广州分公司华普维修部
2028116	深圳倍特精密工业邮箱公司
2028128	大朗台荣精密机械制造有限公司
2028132	【执法记录仪】深圳市卓炜视讯科技有限公司
2028133	上海虎桥国际物流有限公司(深圳10分部)
2028137	东莞兴达金属回收公司
2028151	广州泉乐净水有限公司-泉自达营销中心
2028152	健邦汽车用品
2028154	深圳市宏博达科技发展有限公司
2028165	东莞优睿特自动化设备有限公司，迪森机电设备有限公司
2028167	大笨象数码印花制品有限公司(东莞市)
2028170	香港益能国际有限公司（中国地区）
2028173	东莞市兴达大型机械设备烤漆喷涂厂
2028181	深圳市立讯产品技术服务有限公司（刘玲）
2028194	深圳市安征行科技有限公司（厂家）
2028212	f佛山市金弘德不锈钢有限公司
2028215	香港伊美生物科技有限公司
2028222	深圳市果尔佳防水工程有限公司（市场部）
2028223	sz环宇航科技有限公司
2028236	中山美嘉源灯饰厂（一）
2028251	（中国高端车棚）深圳市柯洛比新型建材有限公司
2028288	中国圆塑（东莞）模具咬花有限公司
2028293	深圳专业产业168
2028308	广州市盛康机电工程有限公司
2028316	柳州服装批发厂家有限公司
2028323	东莞服装批发厂家有限公司
2028336	广州虎桥威盟国际物流进口报关公司
2028337	常熟服装批发厂家有限公司
2028340	东莞市荣夏防水补漏有限公司
2028344	寰球投资有限公司
2028354	深圳市虹阳彩印机械设备有限公司
2028361	Grace stage lighting equipment factory
2028402	谦诚不锈钢制品有限公司
2028406	航盛运通物流有限公司（华南）
2028408	鼎盛纺织品有限公司
2028418	云深有限公司
2028431	史密斯（美国）电器有限公司
2028467	深圳最大的公司
2028544	广州力帆筛网有限公司
2028570	中国店配网福建站
2028666	中国店配网云南站
2028678	消泡剂 广州双越实业
2028745	宏达电池有限公司
2028755	（冰蓄冷空调）深圳市华南精工制冷设备有限公司
2028480	广州升月进出口贸易有限公司（广州总部）
2028766	万达康wonder core收腹机
2028774	深圳市岂为时代科技有限公司（周茂鑫）
2028783	广州柏俐臣化妆品有限公司（全生）
2028793	智能工厂企业
2028794	爱迪.奥斯照明工程有限公司
2028797	美国圣维诗科技
2028804	深圳市虹阳数码科技有限公司（世界工厂网）
2028812	富華电子有限公司
2028813	深圳海誉光通信科技
2028816	深圳市集四海技术有限公司
2028823	深圳菲林回收公司
2028828	美迪斯电梯江西办
2028831	鼎力源科技1
2028836	广州市金耀光电科技有限公司(销售部）
2028838	美迪斯电梯惠州办
2028856	东莞市全风机电设备有限公司
2028875	东莞佛尔盛机电科技有限公司
2028876	鼎力源科技2
2028882	深圳市宝安区西乡乐云天电子商务商行(苏乐)
2028889	东莞市冯佰宋加工厂
2028891	深圳好的皮具有限公司(华南)
2028900	好莱福塑胶材料有限公司
2028901	中山创瑞测绘仪器建筑书店
2028937	深圳市创晟贸易有限公司（左先生）
2028951	广州致力顾问有限公司
2028957	东莞市民星灯饰有限公司(小王）
2028968	广州市恩洲照明有限公司(小黄）
2029002	东莞汇瑞胶业有限公司（谭青竹）
2029018	深圳市唯坷隔音材料有限公司
2029022	东莞市升远包装材料
2029023	日东电子发展（深圳）有限公司(华南地区）
2029025	quickly net
2029027	东莞市石碣金赞五金电子制品厂-线圈
2029035	深圳市城特润滑贸易有限公司
2029037	东莞霖威包装有限公司
2029040	天奥自行车有限公司
2029043	广州企业家木制品有限公司
2029044	顺源打井公司
2029064	双合立模具厂
2029066	佛山市顺德区冷雨自动门科技有限公司（销售部）
2029072	深圳市纳冠达科技有限公司（张荣昌）
2029106	艺缘皮具行
2029107	香港嘉悦国际
2029113	印度抗癌药
2029132	仁冰阁翡翠珠宝
2029138	中国店配网辽宁站
2029144	慧典教育国学机有限公司
2029145	7车会汽车美容连锁加盟机构
2029147	广州杰邦国际物流服务有限公司
2029151	东莞市泰莱自动化科技有限公司（李静）
2029159	东莞市高埗高艺五金制品厂DG
2029173	深圳市思特克电子技术开发有限公司业务部
2029174	ref444-company
2029214	东莞市红日网络技术公司
2029217	学车之星汽车驾驶模拟器招商总部
2029218	广州祥海国际物流有限公司
2029223	广州市新中信纺织有限公司
2029243	深圳市天机电子有限公司（梅子）
2029244	广州祥海国际货代有限公司
2029227	深圳皇辰电子（白生）
2029248	深圳市龙兴机械科技有限公司（罗）
2029257	深圳市源凯盛塑胶材料有限公司
2029263	东莞市幸运印花材料有限公司（广印牌）
2029264	工厂企业食堂承包，各种食材蔬菜配送
2029266	深圳市崇尚电子设备有限公司
2029268	东莞市天鑫五金制罐有限公司
2029276	深圳市恒太邦职业培训中心
2029300	广州市浩业天诚科技有限公司
2029302	Dexing associates inc
2029313	广州震华物资回收公司
2029332	惠州精睿植毛厂
2029335	鞍山锐达激光集团广东营销中心
2029337	广州震华物资回收公司（蓝先生）
2029339	千秋万载统江湖
2029342	chamall精品鞋
2029343	北京华泰恒通石油化工投资有限公司
2029355	深圳市义木环境艺术设计工程有限公司
2029356	福泽机电有限公司
2029361	阿萨德实打实
2029397	东莞市正艺幼教喷画
2029436	珠海名科电子科技有限公司技术
2029440	广州工程宝有限公司（广州地区）
2029458	弘蕊印刷包装有限公司
2029474	深圳市顺兴发礼品包装制品有限公司（蒋R）
2029477	广州快龙进出口国际物流有限公司(陈)
2029503	东莞鑫福鸿金属材料行（分公司）
2029505	广州一流展览服务有限公司（华南地区）
2029510	深圳市中亿通达科技有限公司（采购部
2029325	聚贤网络公司
2029340	深圳白光扑克隐形金花眼镜
2029511	切割仪器治疗仪器进口方法流程
2029512	在水一方品牌策划有限公司（汕头总部）
2029525	广州欧芙诺美容仪器设备有限公司
2029539	深圳健竹生物科技有限公司（华南区）
2029553	天昱移动通信有限公司
2029555	广州市冠鸿机械设备有限公司总部
2029562	惠州市金乐盾新材料科技有限公司（华南地区）
2029563	鹏程招商集团
2029577	深圳市捷豹自动化有限责任公司(汪宁）
2029583	海雁库存商行
2029584	深圳市诚百航卫浴挂件不锈钢拉枝料有限公司
2029587	深圳市深信信息技术有限公司（王生）
2029590	深圳斯福尔科技有限公司（消防）
2029615	深圳市康福特花园家具有限公司分公司
2029628	Shenzhen Wanscam Technology Co.,Ltd.
2029629	恩琪图文123
2029646	深圳春辉祥科技有限公司《总部》
2029649	gc111-company
2029657	骚亮去买表
2029673	代理番禺注册公司 番禺代理记帐
2029679	深圳市立讯产品技术服务有限公司（华南地区）
2029681	深圳思博特光电照明有限公司
2029686	徐州服装批发厂家有限公司
2029691	成都服装批发厂家有限公司
2029693	东莞市光鑫电子有限公司(王丹)
2029698	众都服饰经营部
2029699	中山纸塑制品厂家
2029708	广东中检三鼎产品检测认证公司
2029709	七斗云商城
2029663	南方魔术娱乐《中国》
2029711	深圳市兴科隆锂电池充电器有限公司
2029717	深圳阿辉娱乐
2029718	太原服装批发厂家有限公司
2029720	埃菲寝具有限公司
2029722	七度设计摄影
2029759	余姚菲利特华南办
2029774	海龙国际搬家
2029779	句容紅旗瓷料有限公司
2029800	全国维迈招商加盟中心
2029804	二手吊机叉车机械进口流程
2029808	深圳市优派专显科技有限公司(华南区）
2029811	宝安哪里有牌具店
2029815	惠州菲林回收公司
2029816	美思缇日化有限公司
2029818	花费多少
2029827	深圳市西域尚品贸易有限公司
2029840	深圳市利恩达科技有限公司（张生）
2029862	揭阳振兴滴塑厂
2029864	广州市华鑫工商登记代理有限公司
2029867	广州鸿标信息科技有限公司5
2029868	东莞市满得地坪机械
2029869	中国店配网江西站
2029871	反渗透纯水机进口操作流程手续
2029872	宏宇五金饰品有限公司
2029873	广州鸿标信息科技有限公司6
2029874	幸运印花材料有限公司_广印牌
2029877	点赞家居有限公司
2029882	广州鸿标信息科技有限公司7
2029886	广州鸿标信息科技有限公司8
2029893	Howell Done Electronics Technology Co.ltd
2029903	福田哪里有牌具店
2029909	东莞市领誉国际货运代理有限公司(海陆空)
2029913	广州市联科软件有限公司（广州总部）
2029914	vivi68昕薇日韩服装
2029915	中国店配网吉林站
2029917	广州祈颜化妆品有限公司总部
2029931	深圳市华南天城（HNTD）配件有限公司
2029937	东莞市商誉信息科技有限公司（袁小姐）
2029941	中国店配网潮州站
2029945	广州嘉涂丽建材防水有限公司
2029946	广州颂礼礼品深圳办事处
2029951	galuminium group co.,ltd
2029983	东莞华科精机有限公司(松山湖)
2029986	广州圣亚数码科技有限公司
2030003	香港南洋国际艺术品拍卖有限公司
2030014	东莞市筑巢系统信息技术有限公司
2030017	深圳私假网
2030018	深圳市今为激光设备有限公司（黄先生）
2030022	中山菲林回收公司
2030024	卓健贸易有限公司
2030027	广州好运来大件运输
2030034	深圳市富斯特焊接设备有限公司
2030037	佛山菲林回收公司
2030045	深圳市维塔斯科技有限公司（零售部）
2030056	增城菲林回收公司
2030073	Shenzhen Leyong Lighting Co.,Ltd
2030080	广州金本机械设备有限公司营业部
2030091	东莞市力天机电设备
2029922	广州市捷速物流有限公司
2030052	深圳市鑫庆邦国际货运代理有限公司
2030109	广东名冠玩具有限公司
2030118	潮流更衣阁有限公司
2030131	江门菲林回收公司
2030132	深友锂电车
2030139	珠海菲林回收公司
2030146	河源菲林回收公司
2030152	韶关菲林回收公司
2030162	深圳爱动力科技有限公司（Arvin）
2030179	龙树钢木门公司
2030180	广州壹佳动漫科技黄先生
2030184	广州宏硕展览展示货架厂
2030186	Zhongshan Zhongyi Office Furniture Co., Ltd.
2030193	麦兜男女时装批发
2030195	广州优淇汽车用品有限公司
2030200	广州天助网（陈旭）
2030207	东莞市聚鑫膳食服务有限公司
2030213	佛山市三水区金华恒管业有限公司深圳办事处
2030218	珠海飞翼3d打印服务
2030231	鸿正精密五金塑胶零件有限公司
2030278	经蓝动漫科技
2030282	校园世纪风
2030290	顺德菲林回收公司
2030292	埃克森美孚（中国）投资有限公司深圳销售部
2030295	宝安菲林回收公司
2030297	香港寻珍本草药材开发有限公司
2030298	东莞市翔宇人才资源开发有限公司劳务派遣系统管理部
2030302	从化菲林回收公司
2030304	龙岗菲林回收公司
2030147	广西南宁资本运作内幕
2030191	麦佳基餐饮管理有限公司
2030305	佛山顺德林兴防水补漏工程有限公司
2030310	Hdcplayer Technology Co.,Ltd
2030313	福田菲林回收公司
2030315	罗湖菲林回收公司
2030319	佛山顺德区顺居防水补漏工程有限公司
2030323	番禺菲林回收公司
2030325	东莞市永信电线制品厂。
2030361	嘉兴隆白铁通风设备工程
2030369	维迈全国招商加盟中心
2030372	锡山休闲家具有限公司
2030379	广东兴特五金制品厂
2030388	汕头市光赫照明电器加工厂
2030389	深圳市易烹餐饮策划管理有限公司
2030392	依路佑妮（时尚女装）
2030404	佛山鑫委螺丝总汇
2030411	深圳市腾邦酒业有限公司
2030412	厚街通防水补漏服务公司
2030420	南山菲林回收公司
2030424	哪里有棉衣批发厂家有限公司
2030427	哪里有批发女装的厂家
2030428	盐田菲林回收公司
2030432	八号印相馆婚纱摄影
2030433	花都菲林回收公司
2030435	东莞市恒信电子设备厂
2030437	黄埔菲林回收公司
2030442	海珠菲林回收公司
2030320	昌达利工业气体常平经销部
2030402	广州嘉友发展公司
2030406	广州嘉友发展有限公司
2030407	广州嘉友发展有限公司托运
2030454	佛山市顺德区乐从群艺五金家具制品有限公司
2030457	门窗DIY
2030470	萝岗菲林回收公司
2030472	天河菲林回收公司
2030473	白云菲林回收公司
2030482	深圳市宝安区福永镇切削液有限公司
2030487	接收外发商
2030503	精准网络营销
2030508	揭阳金鑫钢珠滑轨机械厂
2030509	广州奥格尔展览有限公司（华南区）
2030513	淘宝店铺依妆盛世
2030518	廉江市金环点钞机专卖
2030519	江苏南京1040正面报导
2030557	微启 照明
2030567	深圳市蓝盾环保科技有限公司招商部
2030586	广东省河源市鸿泰源太阳能热水器厂家
2030593	中山市小榄镇固耐斯装饰工程部
2030615	广州大立隔断（屏风）装饰工程有限公司
2030626	中山斯派莎克阀门厂
2030648	合肥服装批发厂家有限公司
2030650	苏州服装批发厂家有限公司
2030651	找便宜的衣服批发厂家
2030663	深圳美翔塑胶厂
2030678	谁让你只知道
2030686	深圳市远银航空服务有限公司
2030698	东升科技无限公司
2030460	曼加里卫浴
2030486	电话规范化
2030488	广州嘉友物流托运公司
2030569	昌达利工业气体厂
2030699	Eusens Control System
2030704	深圳市源泉钻井钻井有限公司
2030717	亮点沙发翻新
2030724	聊天室制作科技
2030732	科技网站制作业务
2030734	聊天室科技
2030741	广东腾飞金属材料有限公司
2030744	基督教福音表
2030752	深圳万福卷钉批发
2030753	深圳市兄弟盛鑫壳体
2030755	珠海市中海南联化工有限公司(惠州分部)
2030762	广州市衡瞬康体设备有限公司
2030763	罗定市乐恒汽车维修厂
2030764	广州市衡瞬康体设备有限公司（业务一）
2030766	南沙菲林回收公司
2030769	虎门菲林回收公司
2030770	长安菲林回收公司
2030804	深圳市源茂手袋有限公司
2030805	中国店配网浙江分公司
2030813	佛山市南海区国鉴装饰材料经营部
2030814	深圳扑克三公扫描仪厂家
2030822	卷边机会城精造机械厂
2030832	手机皮盒生产
2030841	万享供应链管理有限公司深圳虎桥
2030849	天津服装批发厂家有限公司
2030726	聊天室出租
2030727	WWW.98KJ.NET
2030728	聊天室多人视频聊天室
2030796	www.1122
2030850	中山欧朗金属制品有限公司（南方地区）
2030854	深圳申世电子商务有限公司
2030857	广东女装在哪里批发
2030883	水素面膜总代理
2030886	洗之达人（集团）有限公司
2030907	广州煌佳铁艺装修有限公司
2030943	邻家国际时尚皮具
2030949	广东水素贸易公司
2030950	深圳纳米汗蒸房专业装修安装公司
2030960	广东鑫鸿泰集团轴承五金有限公司
2030963	鸿达联合玩具厂
2030967	广东鸿泰岗亭实业有限公司《华南地区》
2030979	东莞大朗专业皮具加工铲皮
2030980	广州贸易有限公司（琶洲会馆）
2030987	自然光灯饰有限公司
2030989	广州灵童动漫科技有限公司
2030995	新会区睦洲镇传森五金加工场
2031010	深圳市零壹电子科技
2031014	玖昌电子五金制品有限公司
2031018	中国店配网北京分站
2031021	广州市微冠机电有限公司（发电机出租）
2031036	东莞凯智塑料制品厂
2031051	广州百鸿艺术品展览有限公司（薛永权）
2031062	广东东升金属材料有限公司
2031064	广州灵童动漫科技有限公司0001
2031068	松岗鸿途激光加工厂
2030914	景秀进出口贸易有限公司
2030947	深圳市易达福瑞化工有限公司（深圳地区）
2030992	深圳御宝轩艺术品管理有限公司（深圳）陈俊
2031063	深圳御宝轩艺术品有限公司(陈）
2031070	东莞创亿电子设备制造厂
2031080	北海商会商务
2031082	美乐购有限公司
2031095	从化有用工作室
2031104	HK MICROCHIP ELECTRONIC Co., LTD
2031106	广州灵童动漫科技有限公司
2031123	格瑞斯运动用品有限公司
2031124	广州思埠生物科技有限公司（思忆）
2031129	广州市衡瞬康体设备有限公司（业务1）
2031131	广州市衡瞬康体设备有限公司（业务2）
2031134	东莞市石碣防水补漏公司
2031136	东莞市茶山防水补漏公司
2031137	东莞市中堂防水补漏公司
2031139	兴盛达能源有限公司
2031144	阳江市江城开发五金工艺刀具厂（傅明礼）
2031158	东莞市景意防静电科技有限公司
2031160	东莞市道滘科铭防静电设备制品厂
2031166	佛山市顺德区铭菱电器实业有限公司（曾庆文）
2031179	东莞市胜凯瑞电子有限公司
2031191	佛山市南海区里水盈丰机械厂
2031194	深圳市智恒金瑞科技有限公司（西北地区）
2031196	肇庆芙永铝业
2031197	深圳市南山区舞与轮比轮滑专卖店
2031208	ziyue co.,ltd
2031214	中国店配网茂名站
2031215	广州市福亿纺织
2031220	深圳天翔绿能电器有限公司（华南地区）
2031234	天御浩业有限公司
2031238	深圳市净源德康新能源设备有限公司孙生
2031241	潮汕建筑模板厂
2031247	冯佰宋食品经销商
2031248	龍藤天下藤木家具
2031252	广东万泓石化
2031254	冯佰宋食品厂家
2031255	中山市南头镇荣信省模抛光厂
2031256	深圳沙井鸿展科技（抄数）设计有限公司
2031259	东莞冯佰宋食品经销商
2031261	深圳市弘利鑫精密金属制品有限公司
2031262	金硕维CNC
2031264	深圳市艺事达灯饰有限公司
2031269	法国官方将开设
2031270	东莞雅菲仿真植物有限公司(小邵）
2031278	佛山市新顺诚货运公司
2031291	广州批发牛仔裤的厂家
2031296	天津市鹏意摩托车贸易有限公司【崋中地区】
2031299	服装批发厂家拿货网站
2031302	地摊服装批发货源
2031304	小魏车行汽贸
2031305	鸿运来清洁服务公司
2031340	广州傲来皮具
2031347	HT烫金纸
2031354	广州市房屋补漏防水有限公司
2031355	大朗依淳针织服装厂
2031356	深圳前海蓝天碧水有限公司（黄天格）
2031376	安帝娜有限公司
2031378	慧领冠通美容化妆美甲学校
2031385	佛山市南海区创辉铝材加工厂
2031388	深圳市晶致创享科技有限公司（朱威）
2031391	东莞西田弹簧机械有限公司
2031393	森普亚克力
2031394	广州宏达电子科技有限公司（中国）
2031397	东莞市极乐机械有限公司（林小姐）
2031411	潮州市鸿运玻璃上片台机械有限公司
2031414	深圳市铭翔威电子科技有限公司（肖生）
2031417	中国店配网河北分站
2031422	会更好科技
2031427	中山市依诺磁砖
2031443	佛山市望达物流有限公司
2031453	沙井松岗福永公明龙安消防器材销售部
2031460	勤进达塑胶电子有限公司
2031476	深圳力和胶带制品有限公司
2031479	翰林金属材料有限公司
2031485	祥和展览服务有限公司
2031490	亲亲浪漫屋
2031498	东莞市寮步奕利木工刀具厂
2031506	东升无线公司
2031511	广州枫叶心语网络科技有限公司
2031519	凤利毛衣批发
2031558	深圳市晨祥绝缘材料有限公司
2031562	大健康品牌百顺集团
2031563	纽崔莱专卖店
2031576	gz best hope company ltd
2031578	百医百顺生物科技有限公司
2031582	BL柏琳橱柜专卖店
2031586	鼎好服饰商行
2031588	深圳深望达防水补漏公司
2031591	星星坐在月儿弯
2031603	汕头市欣源塑胶制品
2031468	深圳市利亚顺电子科技有限公司(华中地区）
2031607	红叶电子有限公司（梁生）
2031611	深圳市沙井防水补漏公司
2031612	罗定市泗纶镇香韵竹蒸笼有限公司
2031615	rmk electronics co., ltd
2031616	沙井菲林回收公司
2031622	深圳市艺铭电子科技有限公司
2031648	鹤山市雷森温控卫浴
2031660	佛山瓦棚阁楼搭建
2031665	高要市金利镇兴磊五金加工厂
2031681	广州炯炯侠动漫科技有限公司（罗芳）
2031700	力度灯箱厂
2031710	深圳港粤艺术雕塑厂
2031734	乐佳塑料制品厂
2031742	公司名称 广州市誉宣工艺品有限公司
2031746	深圳御泽天投资有限公司（深圳地区)
2031747	佛山峰帆铝业有限公司
2031753	深圳市虹彩检测技术有限公司（环境检测）
2031773	科比特电子厂
2031776	东莞市航希电子科技有限公司（邬先生）
2031783	Shenzhen Fantacy Electronic CO LTD
2031787	广州嘉达利化工有限公司 （华中地区）
2031789	东莞愿兴五金废铜废料回收
2031791	中国店配黑龙江站
2031798	深圳市瑞泰照明科技有限公司
2031801	东莞市长胜刀具翻磨公司
2031802	美尔家门业
2031808	通辽服装批发厂家有限公司
2031809	上海虎桥进出口有限公司（深圳005分部）
2031810	中山小榄艾普斯照明有限公司
2031673	聚宝盆收藏有限公司
2031813	衣服批发市场货到付款工厂
2031822	地摊女装批发货到付款
2031826	立信塑胶原料有限公司
2031828	深圳亚德宇电子商行
2031835	深圳市龙岗区欧朵拉服装商行
2031836	佛山市莱立雅小花砖腰线厂
2031842	中山市坦洲镇多能激光
2031843	广东豪庭狗场
2031844	东莞市大岭山物流运输公司
2031846	强顺包装材料厂
2031850	梵古汇皮具公司
2031851	厚街菲林回收公司
2031853	东莞健凡服饰
2031858	石碣菲林回收公司
2031863	佛山嘉达墙纸实业有限公司
2031865	广州市颜彩印刷有限公司（项延亮）
2031870	大朗菲林回收公司
2031873	板式家具德夫曼
2031877	寮步菲林回收公司
2031879	东莞市清溪昌顺工艺品厂1
2031881	深圳侨临科技有限公司
2031883	深圳市宝安区西乡幸运草皮服饰长
2031890	茶山菲林回收公司
2031899	深圳市时代中视科技发展有限公司1
2031905	道滘菲林回收公司
2031907	深圳蛇口玫琳凯化妆品
2031908	成人用品加盟-成人用品代理
2031909	广东松湖塑机
2031917	深圳市丰科机械有限公司（正名用）
2031880	东莞市清溪昌顺工艺品厂1
2031922	深圳市迪纳照明有限公司
2031926	荣利佳鞋业有限公司
2031927	东莞市企石信展电子设备经营部
2031936	广州美龙电子科技有限公司柳先生
2031940	Shenzhen Lucky8 Electronics &amp;amp;amp; Technology L
2031953	佛山展宏钢结构有限公司
2031963	深圳市巨人建材有限公司（华中地区|）
2031966	SUN SHARING LIMITED
2031967	深圳市开普泰电子有限公司（陈路）
2031972	中国店配网天津分站
2031981	中付电子支付pos机
2031982	广州尊藏国际展览有限公司
2032006	深圳市奔隆贸易有限公司
2032009	广州星辰亚克力有机玻璃制品厂
2032012	深圳祥和净水设备有限公司分公司
2032031	明智印刷公司
2032033	港扬音响广州二手音响回收
2032034	广州市鑫光演出器材有限公司（张春风）
2032041	东莞市万江顺发家具厂
2032042	深圳市倍测科技有限公司（龙华实验室）
2032043	广州市番禺区东环永恒恒电子产品店（陈雄）
2032047	云浮市创新恒安门业有限公司
2032053	深圳市科维晶鑫科技有限公司总部
2032057	薇莎莎美体内衣
2032065	东莞永瑞机电有限公司(黄江社贝)
2032069	广州致欣生物化妆品有限公司
2032076	深圳市龙华新区油松北路泉森创业园B栋606
2032095	广州鸿禧工坊
2032096	富东产品设计有限公司
2032099	可可Keke
2032100	泓旺光电子有限公司
2032101	广州市迅速达物流有限公司
2032102	国际货运代理（华中地区）
2032112	中堂菲林回收公司
2032121	万江菲林回收公司
2032131	高埗菲林回收公司
2032139	香港梦之颜生物科技有限公司
2032147	盈通废旧物资回收公司
2032154	维迈连锁超市加盟
2032157	长江振动盘
2032159	东莞市微网站建设有限公司
2032161	大岭山菲林回收公司
2032162	常平菲林回收公司
2032164	清溪菲林回收公司
2032167	捷泰硅橡胶模具厂
2032168	Leshark(UK)Ltd.
2032194	永特欧化ytoh
2032200	中山市崇德电器实业有县公司
2032203	深圳市褔鑫工艺品有限公司
2032205	深圳卡立方智能科技有限公司（倪礼）
2032214	高丽洗涤用品有限公司
2032222	韩国麦谷电子有限公司
2032223	中山市小榄镇镇声加工部
2032232	龙树集团铝合金门公司
2032238	深圳市天宇彩包装制品有限公司（销售二部）
2032243	中山市一生照明有限公司
2032253	深圳市欧赛激光设备有限公司销售部
2032259	西奥科技（香港）控股有限公司（宋）
2032265	深圳市硕美电子科技有限公司(曾红宇)
2032266	杭州服装厂家直销批发有限公司
2032273	陈安之机构深圳总部
2032275	Dongguan Multi-Leather Co.,Ltd
2032281	中国店配网湖南分站
2032284	江门市阳溢交通设施有限公司
2032287	翰林金属有限公司
2032289	东莞厚街物流运输公司
2032290	深圳市福田区百利金属材料商行（营销部）
2032309	东莞盛世达电子设备加工店
2032311	深圳鑫飞旺电路板厂
2032314	能者橡胶制品有限公司（华南地区）
2032315	东莞市万侯自动化科技有限公司（市场部）
2032320	佛山市顺德区安华科技有限公司（安检门生产厂家）
2032325	广州录美视听科技有限公司
2032326	碎石桩施工队
2032327	广州华东电器设备有限公司
2032332	连锁经营行不行
2032334	劲帆电气设备有限公司
2032336	深圳市嘉佳康生物科技有限公司
2032339	深圳市合众源会展有限公司 （广州分部）
2032355	龙树门业集团
2032364	东莞金固通电子科技有限公司（长安地区）
2032367	清远石英矿业供应
2032369	佛山市禅城区依利达包装器材有限公司（西樵地区）
2032370	唐佳塑胶公司
2032386	佛上市万川铝制品有限公司
2032390	云浮市驰亚交通设施工程公司
2032399	广州市斯特享电子有限公司(袁生)
2032410	中国店配网梅州站
2032411	旭日电子轻胶
2032423	义乌服装厂家直销批发网
2032424	深圳市深兴龙包装制品有限公司1
2032432	中山市精威包装机械有限公司 业务部
2032436	世纪新城网络10
2032456	韩琪网络公司
2032462	B.A MATERIALS, INC.
2032474	广州凯美投资管理服务有限公司
2032477	广州市大汉营销策划有限公司
2032480	广州华玉清洁公司地板打蜡部
2032489	深圳艾雷激光科技有限公司（吴维）
2032491	陕西哪里有冬季棉服批发厂家
2032492	东莞煜利达模具配件有限公司
2032511	四会市森普有机玻璃板材有限公司（深圳龙华分公司）
2032514	沙田菲林回收公司
2032523	深圳安益二手废料回收公司
2032526	广州精兴合金工艺品有限公司
2032528	东莞市佑立五金有限公司（华南地区）
2032531	佛山市格兰特动力设备有限公司（邵先生）
2032533	洪梅菲林回收公司
2032551	中国店配网江夏站
2032554	深圳市博研商用设备有限公司(闵小姐)
2032557	望牛墩菲林回收公司
2032570	鼎立兴沙发厂
2032580	广州格泰金属制品有限公司
2032581	广信中国连锁
2032584	麻涌菲林回收公司
2032585	深圳市沙迪科检测设备有限公司
2032587	深圳市越达彩印有限公司销售部
2032589	广州超能体育用品厂
2032596	中山茂硕电子科技有限公司（东升地区）
2032599	东莞市清溪远恒五金制品厂业务部
2032600	佛山市富赢电器有限公司（佛山总公司）
2032612	深圳市家佳明光电科技有限公司（国内市场部）
2032613	石龙菲林回收公司
2032614	广州艾格平面摄影13316203231
2032615	李建学婚姻家庭挽救中心
2032632	广州水针无纺布制品有限公司（陈生）
2032635	塘厦菲林回收公司
2032637	金索力科技有限公司
2032658	YS Ceramic Co.,Ltd
2032660	惠州立宇电池科技有限公司
2032661	深圳超卓新科技发展有限公司（外贸部）
2032663	台山市欧亚時裝有限公司
2032668	潮安县沙溪镇熙旺五金塑料厂
2032671	东莞赢迪利起重设备有限公司(启光)
2032678	深圳华图测控系统有限公司(魏生）
2032679	广州荣僔包装材料有限公司
2032683	惠州市金百年太阳能水塔制品厂
2032686	深圳市微普三维科技有限公司
2032696	伊斯美美容科技有限公司
2032698	广州龙树钢木门公司
2032708	深圳市瑞吉思科技有限公司（赵小姐）
2032712	东莞市海顺制冷设备有限公司（李生（
2032714	香港德赞国际实业有限公司华中
2032720	莱茵医疗整形
2032722	联强不锈钢门业
2032728	深圳诗曼芬服装有限公司
2032735	光影传奇电子科技有限公司（相女士）
2032737	盧琳實業有限公司
2032739	肇庆建筑模板厂家
2032745	广西建筑模板厂家
2032761	东莞市拓鑫机械设备有限公司
2032763	深圳市鑫光灯饰有限公司（徐天宇）
2032773	开水器滤中滤
2032787	深圳前海鸿泰供应链服务有限公司
2032804	海达仪器抗压试验机
2032805	慧典播经机科技有限公司
2032809	广州维纳企业管理有限公司
2032813	恒红珠宝有限公司
2032817	三维板工厂直销【匠筑】
2032823	中山建筑模板厂家
2032827	东莞盈德电子有限公司（市场部）
2032836	迈创彩印机械有限公司（mr张）
2032840	广州市增城保昌建筑材料加工店
2032844	广州市腾卓机械设备制造有限公司
2032854	深圳牌具加盟店
2032856	广州市丽虹广告制品有限公司（小狼）
2032857	艾梦思服装贸易有限公司
2032862	东莞市汉武纸业有限公司
2032868	广州拓普斯光电
2032884	鹤山市雷森温控卫浴广东
2032885	英美吉品牌设计策划机构
2032886	深圳市骏鼎达科技有限公司（刘旋）
2032889	子向营销渠道有限公司
2032890	广州安尚秀化妆品有限公司
2032891	东莞市博华机电设备有限公司（国贸部）
2032897	广州威凯商贸有限公司
2032899	东莞市永佳机械设备有限公司（华北地区)
2032913	誉品翡翠淘宝店
2032744	广州兄妹皮具公司
2032933	深圳玫琳凯(青姐）
2032936	深圳市泰兴尔电子有限公司（周芳）
2032942	佛山市友瑞通科技有限公司
2032956	广州乐邦包包啊锋
2032960	永皓广告气模喷绘
2032964	深圳市鼎全圣科技有限公司
2032974	企石菲林回收公司
2032978	凤岗菲林回收公司
2032979	深圳市九零人科技有限公司
2032980	石排菲林回收公司
2032984	为了创业梦
2032986	深圳市蘩昌顺贸易有限公司
2033004	东莞市鑫邦涂装净化有限公司
2033015	深圳市山木电子设备有限公司（吴进）
2033017	深圳市吉迈尔科技有限公司（张小柯）
2033029	中国店配网山东分站
2033034	中国店配网浙江分站
2033048	研拓利科技通道闸有限公司
2033066	佳耐华便利店设备
2033087	广万达照明《小韦》
2033177	潮安县彩塘光兴不锈钢五金厂
2033190	广州市丽琪科技有限公司
2033252	广州恒达展览服务有限公司
2033284	广东神马信息技术有限公司(华南地区）
2033318	珠海祥瑞木箱包装制品有限公司
2033331	中山誉耀铝材销售部
2033364	广州杰旭展览策划有限公司（江）
2033014	东莞市吉丽文具有限公司（华南地区）
2033055	澳泽烘培加盟招商
2033297	向尚珠宝设计培训中心总校
2033395	惠创快捷电路板有限公司（深圳区）
2033403	中国店配网韶关站
2033464	诚德铝制品有限公司
2033475	东莞昶博材料有限公司杨先生
2033483	深圳阿尔法商品服务有限公司
2033484	广东具尚贸易有限公司
2033555	中国店配网广州站1
2033570	深圳市喜洋洋有机玻璃制品有限公司业务部
2033578	捣蛋鬼电子贸易
2033601	东莞茶山冯佰宋有限公司
2033614	东莞茶山冯佰宋食品厂
2033618	广州市海纳展览展示器材有限公司（小万）
2033634	中山市百顺玻璃烤弯模具厂
2033658	广州乐邦高仿包包
2033668	海圣祥俊显微电子科技有限公司
2033674	深圳市迪纳照明有限公司（宋紫微）
2033692	毕升科技宝贝棒玩具厂
2033695	潮州市唯宝陶瓷有限公司
2033696	INGENIOUS INTERNATIONAL CO.,LTD
2033698	深圳市远传电子科技有限公司（龙岗地区）
2033706	深圳雪荞食品有限公司招商
2033724	羊城汽配商店
2033726	惠州市采购之家废旧物资回收有限公司
2033730	佛山市乐从力盛办公家具厂
2033753	深圳越达宏业彩印科技有限公司
2033767	深圳盛华乐旅科技有限公司（华南地区）
2033777	广州必捷印花纸有限公司（厂家）
2033534	深圳英伦魔术娱乐牌具有限公司
2033585	东莞茶山冯佰宋公司
2033623	广州超幻娱乐用品有限公司
2033799	东莞市万江正达货运部
2033869	深圳万丰机械回收公司
2033927	深圳市飞度投资有限公司
2033972	珠海风行者电动独轮车
2033976	深圳市翔发光学玻璃制品厂
2034021	广州乐邦批发包包
2034036	飞哥鞋业旗舰店
2034038	深圳市臻芯电子有限公司
2034039	百得胜衣柜
2034040	深圳市南利物资回收有限公司
2034046	广一泵业集团有限公司销售部
2034047	东莞行珍旺标牌责任有限公司
2034050	中山市兴源光电科技有限公司
2034055	深圳OCA光学胶供应商
2034057	东莞市粤一阀门贸易有限公司
2034063	广东顺德尧舜电器集团有限公司
2034065	成都冬季牛仔裤批发厂家
2034067	泰国顺发国际有限公司
2034070	广州市番禺区东永动漫产品开发部
2034080	OBADA SEMICONDUCTOR LIMITED(021)
2034095	佛山登固铝艺
2034114	深圳市泰兴尔电子有限公司(周芳)
2034118	丰晶科技股份有限公司(华南地区)
2034120	東莞市吉田机械有限公司
2034121	汕头市澄海区盛源印花厂
2034125	广州甲状腺
2034128	黄江菲林回收公司
2034129	东莞市环仪仪器科技有限公司（华南地区）
2033975	广东企业管理研究所
2034146	广东甲状腺
2034149	哈尔滨冬季棉服批发厂家
2034153	桥头菲林回收公司
2034158	广州道奇服饰有限公司
2034159	肇庆市鸿天纸箱厂
2034165	广东省永拓家具软件有限公司
2034166	广州蓝氏茶业有限公司
2034172	东莞市菲林回收公司
2034176	深圳市超康科技有限公司（招商部）
2034180	东莞市艺丽塑胶制品厂
2034182	惠州慧翔自动化系统有限公司
2034186	东莞宏程.路佳物流有限公司
2034189	深圳良友福音科技有限公司张进
2034197	樟木头菲林回收公司
2034201	TECXANS SPLENDOR STRING  FACTORY
2034217	广州市卡诗化妆品有限公司大中华市场部
2034219	东坑菲林回收公司
2034229	广州润金富隆商行
2034234	深圳市乐邦利电子有限公司
2034240	横沥菲林回收公司
2034242	ANDORCH安蒂黛斯有限公司
2034245	深圳市源河照明有限公司
2034257	深圳市捷成安科技有限公司（观澜总部）
2034258	艾芘儿玩具厂
2034262	广州解放军四二一有限公司
2034264	东莞市默诺克实业有限公司（梁肖英  区域经理）
2034268	深圳市启帆通讯设备有限公司
2034279	中山市卓特灯饰加工厂
2034283	广州解放军四二一专业
2034286	深圳市翼虎安防电子有限公司
2034177	香港鸿达国际物流有限公司  中华地区
2034288	深圳诣阔控制卡
2034299	劲杰打印耗材有限公司
2034313	阳江市永昭五金刀剪有限公司
2034316	深圳市北测检测技术有限公司（Sophia）
2034330	广州女子yy
2034339	时尚ing
2034344	东莞市佳瑞塑胶材料有限公司
2034358	包凯丽皮具
2034365	深圳市靖邦电子有限公司销售部，别燕妮
2034384	深圳市北测检测技术有限公司(华南区）
2034389	广州波谱展示设计有限公司(姚小姐)
2034395	深圳市富盛复合材料有限公司（华南）
2034396	七彩舟摄影
2034404	深圳全亮光源（朱小姐）
2034414	佳昇纺织加工厂
2034415	广州女子妇科
2034423	成峰得科技有限公司
2034430	艺秀舞蹈培训
2034436	何生堂护肤品
2034441	汇通激光快速成型有限公司
2034448	天鸿美容器械
2034457	红宫馆红木家具厂
2034458	深圳市顺路发电子有限公司销售部
2034462	广州市嘉宝饮食管理服务有限公司(营销总部）
2034470	FengMin Electronic Co.Ltd
2034480	深圳市鑫一隆工艺五金制品有限公司
2034505	东莞安益源（安利源）线材加工厂
2034516	湖南维迈日用品有限公司
2034296	广州甲状腺专科
2034521	佛山市金彩福不锈钢制品厂
2034522	深圳金鑫热流道科技有限公司
2034526	汇点-新摄汇
2034531	东莞市天极电子有限公司
2034550	聚和宠物繁殖场
2034552	深圳提坦科技有限公司销售部
2034556	丽莎微商团队
2034561	深圳市威力特绝缘材料有限公司
2034562	东莞市菱电冷却设备有限公司华南地区
2034574	深圳市武哥服饰有限公司
2034577	广州市迁顺搬家有限公司
2034580	龙华菲林回收公司
2034588	艳阳天艺术气球
2034591	松岗菲林回收公司
2034597	东莞市欣诚纸制品有限公司
2034602	福永菲林回收公司
2034604	dsub连接器_优质dsub连接器_优联康dsub连接器
2034606	一大  国隆
2034608	广州市衡瞬康体设备有限公司（业务5）
2034614	深圳市托微克科技有限公司乐光宝
2034623	深圳创鑫峰自动化科技有限公司
2034632	博一文化产业集团
2034639	旭日鞋业有限公司
2034642	珠海亮点沙发翻新
2034646	深圳市捷宇投资发展有限公司(刘经理）
2034665	广兴轮胎批发总汇
2034527	恆達國際貨運有限公司
2034559	广西钦州资本运作好做吗
2034605	霸王悠闲公司
2034613	撒谎撒悠闲公司
2034669	广州康洪机械设备有限公司
2034671	东莞市雅菲仿真植物有限公司（广东地区）
2034686	东莞市吉泰包装胶垫厂
2034709	嘉力欣塑化有限公司门市部
2034716	CBD家居有限公司
2034722	深圳市森大亚克力板材有限公司（销售总部）
2034725	深圳市华明微电子有限公司游亚强
2034729	东莞市昌正特殊钢有限公司
2034731	深圳市恒峰達模特道具展示用品有限公司
2034737	香港优美泰科技有限公司(深圳)
2034756	鑫隆铝角码合页生产厂家
2034779	东莞市瑞鹏自动化设备有限公司
2034781	广州祥和展览服务有限公司
2034787	惠通彩印公司
2034813	按时发生的该发的是公司
2034814	深圳市吉丰光电有限公司（华南地区）
2034816	三相文化chuanbo
2034821	网络分析仪进口办理
2034826	广东思柏线缆实业有限公司
2034828	比亚迪电动叉车
2034835	广州市图艺广告机产品有限公司
2034888	深圳市宝安区中艺摄影工作室
2034890	佛山讪志明广告有限公司
2034894	凿岩空心取芯钻头进口办理
2034900	东莞市天兴印刷厂
2034922	裁断机进口手续办理报关
2034941	东莞市精威盛实验设备有限公司(费）
2034953	中国店配网广西分公司
2034955	金辉金属废料回收
2034957	自愿业1
2034960	东莞市欧阳光电科技有限公司（苏先生）
2034962	中国店配网山西分公司
2034973	地摊批发网货到付款
2034997	深圳鼎丰电路技术有限公司
2034999	广东林安防水建材有限公司
2035010	广州磐众数码科技有限公司（广州地区）
2035020	深圳市嘉士缘机电设备有限公司（华南）
2035042	德临珠宝饰品
2035047	东昇激光有限公司
2035052	中国店配网越秀站
2035057	冠宇户外照明灯饰厂
2035061	深圳市华荣联合模型有限公司（沙盘模型）
2035063	开水器厂滤中滤
2035064	清远中原户外广告工程有限公司
2035068	深圳长兴照明实业有限公司1
2035069	深圳市和兴健电子有限公司--张生
2035088	悠美美妆·
2035101	广州威特斯商贸透色有限公司
2035106	深圳市标王工业设备有奶公司
2035108	中山市格瑞特电子科技有限公司
2035124	沈阳服装批发厂家有限公司
2035126	港华装订器材（东莞）有限公司
2035128	勵創發展有限公司
2035154	江西大圣塑料光纤有限公司小董
2035156	深圳大唐国际艺术品投资管理有限公司（卢霜）
2035166	深圳市众凯源橡塑制品有限公司（余田）
2034978	金明连锁经营业
2035078	新锐餐饮策划906
2035164	广州永亨皮具公司
2035179	广州市三友行厂
2035180	广茂粘胶制品有限公司
2035182	网上批发服装在哪里找厂家
2035185	深圳市坤鑫国际货运代理有限公司（paul）
2035188	广州娱乐出千有限公司
2035193	佛山市福斯达塑胶材料有限公司
2035295	深圳代人体检机构
2035395	佛山市金常来不锈钢制品有限公司（陈瑞权）
2035486	广州鸿瑞汽车维修设备行
2035517	汕头市益兴清通公司
2035518	深圳市金宫技防科技有限公司
2035529	佛山市金彩福不锈钢制品厂销售部
2035539	shinehi欣希
2035559	佛山市斯维尔绝缘材料有限公司
2035604	深圳市顺程实业有限公司（黄冲）
2035656	龙祥兴玩具模型
2035702	广州典丰期货配资公司（深圳）
2035706	广州水之乐设备有限公司
2035733	耐斯龙光纤光缆（中国）有限公司（深圳）
2035747	深圳市平湖艺林图文广告设计
2035762	深圳市亿达丰华光学制品有限公司（华中地区）
2035786	东莞福琪达工艺品有限公司（2）
2035789	深圳市文达五金制品有限公司（张运桥）
2035791	广州可德数码科技有限公司（林小姐）
2035795	佛山市顺德区千金不锈钢实业有限公司
2035799	惠创快捷专业PCB打样 40元 SMT钢网制作 60元
2035803	鑫隆日盛广告设备
2035258	物美股份有限公司
2035568	康莱医疗器械配件店
2035781	广州汉科润滑材料有限公司（华南地区）
2035834	深圳市华人堂大药房
2035880	深圳市万利印刷有限公司（张先生）
2035884	黛莱美---带来美更带你美
2035947	东莞市珍葆电器科技有限公司（业务部）
2035994	深圳邦特斯特会员管理软件
2036014	Shenzhen Cube-Union Technology Co.,Ltd
2036016	山西红酒波维多酒业有限公司
2036035	建业手机批发
2036050	深圳市聚缘隆光电科技有限公司
2036057	深圳市西电自动化有限公司总部
2036074	凯恩斯锁业
2036076	广州领航汽车用品有限公司
2036114	中山市黄圃镇瑞厨电器厂(东北地区）
2036139	深圳市华高芯源科技有限公司（华东地区）
2036149	深圳市CTS肯达信企业管理顾问有限公司
2036193	深圳市富志高包装制品有限公司
2036211	深圳市顶点软件有限公司
2036244	东莞市骏旺自动化科技有限公司
2036245	深圳市精英达科技有限公司（华中地区)
2036268	逗客食品有
2036293	广州驰金特种玻璃有限公司2104
2036295	广州翔雅纺织品有限公司
2036297	深圳市海欣月电子科技有限公司
2036319	中山对圣视电子厂
2036374	佛山市平圣化工有限公司（何敏珊）
2036378	广州搜狗广告代理有限公司
2036382	深圳安德生印刷设备有限公司技术部
2035954	深圳博世教育培训
2036000	网资团队哪个最好（全国）
2036270	广州鑫枫文化传媒广告公司
2036395	麦多商城系统
2036396	深圳大诚光驰数码科技有限公司（深圳区）
2036409	深圳市天尊科技有限公司（销售部）
2036418	乐邦皮具公司GZ
2036422	上海虎桥国际物流有限公司（Alice1）
2036447	【数码显微镜】深圳市法尼奥科技有限公司
2036458	大鑫二手注塑机
2036463	广州励天文化传播有限公司
2036465	信风汇智科技有限公司
2036474	深圳市城市魅力服装批发有限公司
2036480	阳江飞尚汽车用品
2036485	阿萨德前往大四的
2036486	惠州易博自动化设备有限公司
2036490	广州鱼美人游戏设备有限公司
2036496	深圳市美生电子实业有限公司
2036497	深圳市兴辉光电有限公司（丁生)
2036500	活石艺术马赛克
2036501	深圳市韩景元电子有限公司（销售部）
2036502	上海明乾物流有限公司华南区
2036504	润丰塑料制品
2036531	东莞市鼎创文具
2036539	哎哎kaishui
2036552	深圳立鸣自动化设备有限公司
2036556	深圳威特尓润滑油有限公司(深圳分公司）
2036561	岳峰钢材公司
2036583	（深圳地区）虎桥威盟国际物流有限公司
2036585	广州拓威天海国际货运代理有限公司
2036586	深圳市永兴鑫科技有限公司营销部
2036587	拓威天海国际货运代理有限公司
2036472	深圳市丽滔科技有限公司
2036593	唯乐饰品五金
2036604	未来实业餐饮集团有限公司（华南）
2036607	广州丽琪美容设备有限公司
2036619	晋宏舞台灯光设备厂
2036621	合肥北城自愿业【老总】
2036625	深圳市深华敏电路有限公司
2036631	展裕皮革有限公司
2036643	珠海市中海南联化工有限公司(惠州公司）
2036645	广州欧雅丽信息技术有限公司
2036652	欧帝罗有限公司
2036675	美妍灯饰1688
2036676	广州怡宝桶装水公司
2036686	三一塑胶材料有限公司
2036687	中山市威锐照明科技有限公司
2036696	深圳市瑞宝源科技有限公司（蓝小姐）
2036707	自由采购者
2036708	广州新工业轴承有限公司
2036717	弘捷照明灯饰
2036724	普宁市海德鹏防静电服手套厂
2036732	深圳市优连电子五金制品
2036733	佛山市联镒钢铁有限公司总厂
2036743	广州厨之源农产品有限公司
2036760	广州鼎利喷绘有限公司
2036765	梦想的家族
2036774	如果天天融会贯通好
2036775	中国制造物
2036635	Amigo Medical Systems
2036757	宏博平台网络
2036777	南宁普罗旺斯资本运作
2036778	北部湾1040工程纯资本运作
2036785	冬诚电器数码有限公司
2036787	康融电子有限公司
2036795	深圳市南霸科技有限公司总部
2036799	东莞市诚宜电子科技有限公司
2036802	康顺手袋厂（mary）
2036806	深圳北测检测技术有限公司（李院生）
2036819	东莞大岭山物流运输公司
2036827	东莞市常平莆兴模具钢材经营部
2036829	广州市卓奇教育咨询有限公司
2036830	广州卓美纸业有限公司业务部
2036839	东莞市广润塑胶原料
2036841	广州百鸿艺术品拍卖有限公司
2036869	博隽进口物流公司
2036891	深圳市祥光科技有限公司（珠三角）
2036935	广州市玖龙仓纸业有限公司（肖峰）
2036946	sz绿硕科技
2036950	博仕康科技有限公司
2036983	欧德来贸易（深圳）有限公司
2037002	滚齿机进口办理过境
2037026	深圳市沃尔德电子有限公司（深圳地区）
2037041	深圳威特尔润滑油有限公司 （0）
2037043	中国店配网安微站
2037054	中国店配网宁夏站
2037058	制鞋机设备进口操作办理
2037066	广州蓝态保洁服务有限公司（珠三角区）
2037067	芙永铝材厂
2037100	臭氧发生器进口操作办理
2037121	广东叁六网络科技有限公司（钟小姐）
2036779	贵州贵阳金阳世纪城连锁经营
2036780	广西百色资本运作
2037128	杜鲁门金博文文具
2037144	深圳阿尔法商品检验有限公司（华南）
2037178	惠州市惠城区远大钢材经营部
2037227	广州曙光汽车配件
2037271	俏十岁有限公司
2037304	深圳市房利美广告有限公司华东
2037350	汕头市联创通显示技术有限公司
2037366	香港DPI
2037410	奥玲OREN
2037446	新雅包装有限公司《小林》
2037448	东莞市朗诺净化科技有限公司寇小姐
2037476	开水器滤中滤i
2037480	广州建悦国际物流集团
2037487	深圳市喜拓电子
2037505	广州市奥图美诗化妆品有限公司
2037511	晨露工艺制品经营部
2037514	绵阳博大棒
2037530	智能停车场系统设备生产厂家
2037534	广州万信达物流有限公司《华中地区》
2037540	深圳市启路物流有限公司
2037544	比南山茶疗科技有限公司
2037553	迈驰在线有限公司
2037563	广东省吴川市金海虾笼有限公司
2037598	昌胜礼品装饰厂
2037649	耐尔密防水厂家
2037662	深圳市丰技工业设备有限公司（方亮）流水线；自动化；组装线
2037681	佛山市顺德区乐从协裕剪板五金加工厂
2037720	Shenzhen Fire-Wolf Electronics Factory
2037373	撒发发哀悼
2037602	金博士教育（西乡校区）
2037731	远鑫预应力锚索有限公司
2037738	广州周轩明星经纪公司
2037747	广州永亨皮具工厂
2037765	汽车配件信息网
2037782	广州金钰阳光电器有限公司张飞
2037807	深圳市哲睿有限公司（销售部）
2037811	深圳金鑫热流道公司
2037814	中国店配网河源站
2037834	深圳市龙岗区平湖镇惠捷机械设备经营部
2037852	深圳市宝安区西乡锐界玩具商行
2037861	广州市鑫澳康科技有限公司（华南）
2037889	灯饰监控摄像机
2037892	东莞市志尚气动工具有限公司
2038002	东莞浩发电子有限公司
2038048	魅诗轩服饰鞋包批发
2038121	广东互易科技有限公司（广东地区）
2038126	武汉服装批发厂家有限公司
2038174	哪里有保暖内衣批发厂家
2038176	表壳龙翅加工
2038190	鹤山市广明源照明电器有限公司（俄语区）
2038254	深圳市倍测国际检测科技有限公司
2038286	深圳市凯威检测技术有限公司姚美华
2038289	cfa么么哒
2038294	浙江羽绒服批发厂家有限公司
2038324	深圳名航进出口有限公司
2038326	美通(香港）旅游有限公司
2038335	广州宥林家具有限公司
2038349	广州星语心愿模特经纪公司
2038397	广州卓越动漫科技有限公司
2037829	彩雅丝印科技有限公司
2038419	深圳市连讯达电子技术开发有限公司（lwx）
2038423	美通旅运港澳游
2038436	广州盈超包装材料科技有限公司
2038483	东莞市盛发立塑胶玩具制品有限公司（游生）
2038538	深圳市深风达科技有限公司网络销售部
2038565	深圳市盛世佳联有限公司（中心城）
2038576	深圳市蓝之韵科技有限公司(华南地区)
2038600	网店加盟代理
2038613	深圳市戈瑞辐照科技有限公司（保安区）
2038620	甘老师美甲化妆培盘发训学校
2038681	海光国际物流（东莞业务三部）
2038685	深圳市富鑫通推拉教学板厂家
2038700	一准在回头
2038722	畅联派智能手表
2038723	广州家美日用制品有限公司
2038683	钱贷网（www.moneydai.com）
