1863308	亮万宇包装公司
1863741	成都虎桥国际进出口贸易有限公司
1863786	正泰生物生物集团
1865063	成都市朝晨礼品有限公司
1866860	成都洗刷刷科技石材养护有限公司
1867249	成都尚隔玻璃隔墙有限公司
1867803	原创魔芋工厂
1868256	四川昂渤设计顾问有限公司小魏
1868531	实验高压釜专业定制有限公司
1868728	成都最好的装修公司
1868982	成都世库塑料托盘有限公司
1863742	成都虎桥国际进出口贸易有限公司
1870395	成都会员短信有限公司
1870554	成都天一展览有限公司李进
1872501	四川鑫利达皮个伞业有限责任公司
1872540	四川科德节能环保技术有限公司
1872656	成都万康展柜货架厂
1872816	四川省青龙镇卓月金属制品加工有限公司
1873589	明通集团成都鑫明通起重吊装服务有限公司
1873636	成都乐泰胶水经销商有限公司
1873770	私人加工厂绵阳地区
1873874	成都老东家橱柜有限公司
1874109	成都华鑫运业有限公司
1874508	智高兄弟五金有限公司
1874648	成都迈得科技有限公司销售部
1875264	成都北苍粮库粮油有限公司
1875784	上海定盛机械有限公司四川分公司
1875924	乐富支付西南分公司
1875962	成都四方联众无纺布袋厂
1876069	四川天融集团
1876410	遂宁市安居区常理乡沿河村狮子山酒厂
1876559	成都市永威消防设备有限公司
1876626	成都等静压石墨制品有限责任公司
1876949	古蔺品成水泥制品厂
1878056	四川享拓工业设备有限公司
1878279	上海享滤净化科技有限公司成都办事处
1878302	成都奥兰多体育发展有限公司西南销售
1878341	方快锅炉成都奥源热能科技有限公司
1878494	成都绿狗网科技有限公司
1880488	沐浴春天园林景观工程有限公司
1880987	成都中闽塑胶有限公司
1881890	木语·帝森整体家居有限责任公司
1881899	地中海生物质锅炉成都分公司
1882909	成都源峰茶叶有限公司
1883404	环宇石材异型加工厂
1884422	成都禹艺箔艺装饰工程有限公司
1884865	成都森木源宏森仿古中式家具有限公司
1885478	德阳ktv苶楼沙发订做维修厂
1887652	河北质诚电缆有限公司
1889398	深圳盒子支付有限公司四川盒子支付分公司
1889427	成都泰生法兰金属制品有限公司
1890735	成都蓝鲸环保科技有限公司
1891232	川豪装饰——温江最好的装修公司
1891810	成都久强丝网制造有限公司市场部
1892020	四川成都顺祥丝网制造有限公司
1892138	深圳盒子支付有限公司四川南充盒子支付公司
1892217	公司名称：成都市鸿铭液压机械有限公司
1892484	隆兴土陶有限公司
1892564	四川省攀枝花市祥艺广告策划公司
1893041	成都竹阳科技有限责任公司张
1893534	四川金企阀业有限公司
1893618	江油市仟兴商贸有阴公司
1893768	四川蜀俊汽车用品有限公司
1893787	蜀都宏兴包装制罐公司
1893931	成都电动吊篮制造有限公司
1894861	成都东星电碳厂
1895328	恒枫木业厂
1895697	中国四川成都华艺数控设备有限公司
1896400	成都市熙臣美业家私厂
1896828	成都上汽红岩陕汽一汽二汽营运车销售有限公司
1896934	崇阳镇龙泉冶炼厂
1896960	成都飞达彩钢结构工程有限公司
1897241	新源峰茶叶有限公司
1897311	三崃制漆厂
1897704	四川自贡方达草绳厂
1897802	苏州斯文克精密测量设备有限公司成都办事处
1894771	成都合众联分析仪有限公司
1897911	四川省山棕棕制品有限公司
1898068	成都艾普乐空压机配件有限公司
1898445	玉环盾江机械有限公司驻四川办事处
1900493	四川国网迈腾电力科技股份有限公司
1900580	迪香殴香水有限公司
1901499	福建中瑞电气有限公司绵阳分公司
1902990	东莞市永林电子有限公司成都办
1903017	北京千禧福临珠宝首饰有限公司成都加工
1903946	成都斌余科技有限公司
1905385	北京中和测通仪器有限公司成都办事处
1905838	成都宏扬灯杆厂
1906207	成都幻想家石膏制品厂
1906375	博一恐龙模型生产厂家
1906538	成都市酷呗数码科技有限公司
1906608	成都海普泵业有限公司业务部
1907327	四川冠美康建材有限公司
1907443	成都好运建筑丝杠厂
1907543	西南雨晨科技有限公司
1907934	四川金信自动化装配有限公司
1908063	成都畅源自动化设备有限公司温控器部
1908142	成都澜谷科技发展有限公司
1908092	成都仁民专业灭鼠公司、专业灭白蚁公司
1909044	成都市超越模具有限公司
1910166	愉航专用雨刷厂
1910292	眉山东坡小邹保洁服务公司
1911043	成都智然自动化设备有限公司
1911053	成都机读卡公司吉瑞通
1911226	甘肃玛雅永超资产投资管理有限公司四川分公司
1911358	成都市指引人标识标牌有限公司
1911480	非洲新天海公司
1912149	成都中联万家建材有限公司
1912942	四川中鼎金属科技有限责任公司
1912968	成都忠简本册厂
1908616	四川省南充市南部县荆润农化有限公司
1915503	成都天驰代驾服务有限公司
1915976	彭州顺意矿产品贸易有限公司
1915994	南县华鑫活性炭有限公司驻成都销售部
1916126	四川中鼎金属货架有限公司
1916757	成都富鑫木业贸易有限公司
1916950	成都明达焊材有限公司
1917541	北京诺尔信公司成都分公司
1917973	成都鑫佳首邦商贸有限公司
1918270	济南华银试验仪器有限公司成都办事处
1918948	成都龙腾盛世商贸有限公司
1915617	成都振峰电气有限公司
1921015	东莞大川机械有限公司成都分公司
1921042	江苏河马井股份有限公司成都办事处
1921799	成都圣西朗光电科技有限公司总部
1921840	元度家居汇川豪装饰温江分公司
1921856	冬虫夏草供给公司
1922500	岳池县镇裕镇酒厂
1922538	亮彩塑料藤条厂
1924114	成都恒瑞再生资源回收公司
1924636	四川群吊电动葫芦贸易公司
1925283	琴王电动车销售有限公司
1925466	崇州市锦江会群水泥制品厂
1926041	四川省顺源钢结构活动房有限公司
1926135	禄园土陶厂
1926582	成都友邦恒泰建材有限公司巨石合作伙伴
1927795	四川省三台县天富装修有限公司
1928943	上海浩爽实业有限公司成都分公司
1929033	四川鑫丰物资回收有限公司
1929264	内江市春晓电气设备制造有限公司
1929817	四川就亿机械有限公司
1929999	眉山小周保洁清洗服务有限公司
1930005	资中县远翰碎石厂
1930825	川北平基科技农业有限公司
1931137	成都神雕带锯床带锯条厂家直销
1931554	青川正良山珍商贸有限公司
1931861	香港美丝国际软装设计有限公司
1932041	成都市雅迈电动车有新公司
1932423	成都虎跃钢板钳销售公司
1932489	成都鑫君诚贸易有限公司
1933478	成都世纪瀚瑞商贸有限公司
1934296	都江堰最好装修川豪公司
1934372	大川木制拖把头厂
1934635	四川成都新顺世投资有限公司
1934677	成都兴汇塬装饰建材有限公司
1936342	甘肃阿尔康实业集团
1936478	四川标筑装饰工程公司X
1936498	宜宾春秋展览展示制作有限责任公司
1936533	成都天邦胶粘制品有限公司
1936695	四川御泰商务私家调查公司
1936999	四川正科风机制造有限公司
1937364	自贡大安和平永田村黄砂厂
1938315	成都优美会娱乐管理有限公司
1938712	上海登贤粘胶制品有限公司成都办事处
1939257	什邡丰达机械厂
1939330	百艾软包有限公司
1940228	旭阳冬模具有限公司
1940238	旭阳冬吸塑模具有限公司
1941006	成都羽东电气科技有限公司
1941316	成都小七吊装有限公司
1942437	四川生态木木塑地板厂家
1942797	成都一墨数码科技有限公司华中区
1943872	广东美度装饰设计有限公司成都公司
1944053	成都市泰王塑胶制品有限公司
1944482	四川省资阳市某优质机械工厂
1945066	武胜香烛纸品加工厂
1945137	四川成郫县彭兄弟粮油分装厂
1945545	四川巴中聚盈建筑劳务有限公司
1945631	宾点桶装水厂
1945942	四川胜睿彩色压印地坪厂
1946427	成都同力达裁断机制造有限公司
1946531	上海虎力高压油泵厂
1946571	四川成都好运多水族鱼缸制品有限公司
1946613	四川迈格尔无机涂料公司
1946772	四川华体照明科技股分有限公司
1947989	深圳市莱雷科技成都分公司
1948024	深圳市蓝宇网络技术有限公司.成都办事处
1948112	成都源来新能运开发有限公司
1948136	四川零点自动化系统有限公司销售部
1948318	沁馨茗茶茶叶公司
1949027	成都鹏宝科技有限公司
1949453	成都扬丰线缆有限公司
1949766	成都兢峰地暖安装有限公司
1949901	四川思凯达机械设备有限公司销售部
1950256	成都帝一新技术有限公司
1950458	四川星火打包机械有限公司
1951644	希达城建建筑工程有限公司
1947297	昆明信红粘合剂有限公司成都分公司
1952819	成都凯威胶带设备有限公司
1953240	轩鹏陶瓷厂
1953313	四川华为钢铁有限公司板材销售部
1953433	四川华为钢铁有限公司钢管销售现货中心
1953521	成都市亮点彩钢扣板厂
1953644	盐边县誉强选矿设备厂
1953739	台湾天烨机械有限公司成都分公司
1954214	幕凯风工贸有限公司
1955388	四川腾亿金属护栏制造有限公司
1955916	东莞市金源精密五金制造有限公司成都分公司
1955954	四川省署标房地产有限公司
1956287	成都瓦博士建材有限公司
1956882	成都吊索具起重滑车设备有限公司
1953270	正大光明集团
1956909	鑫和健康管理咨商贸询服务有限责任公司
1957579	渝天服饰加工工厂
1957630	成都粽子月饼批发团队公司
1957740	四川蜀标房地产经济开发公司
1957820	成都成就数控科技有限公司
1958095	龙苍沟野生蔬莱厂
1958690	成都鹏达起重机有限公司
1961145	健强陶瓷釉料厂
1961583	成都三冠体育用品有限公司
1961932	射洪爱尚装饰工程有限公司
1962794	厂家指定电器售后维修服务公司
1963046	成都弘亚源净化劳保有限公司
1963825	成都寳赢建材有限公司
1963999	成都战骑文化建设有限公司
1964911	四川兴源电力器材有限责任公司
1965037	四川中建锦程升降设备有限公司
1965205	电器售后网络报修公司
1966621	联特塑胶制品成都有限公司
1967158	四川敏儿姐进口日用品有限公司
1967476	成都弘飞干洗机设备有限公司
1967816	四川爆破水袋包装厂
1968525	成都天然乳胶枕头加盟有限公司
1968775	成都回春数据恢复有限公司
1969343	四川眉山恒源厨具厂
1970619	郑州奥迈奇电子科技有限公司
1970685	四川高旺科技股份责任有限公司
1971350	四川成都新意建材责任公司
1971843	北京创耀恒祥通信技术有限公司成都办事处
1972114	四川竹莱洁竹纤维制品厂
1972116	广州建软软件技术有限公司四川分公司
1972185	成都市同展数控模具有限公司
1972944	成都远洋弱电安装工程有限责任公司
1973334	迪香欧香水厂家
1975086	威远金鹰安防电子有限公司
1975116	成都廢舊物資回收公司
1976026	上海至茂电子科技有限公司四川分公司
1976035	不告诉你有限公司
1976329	成都美亿家墙布批发商贸有限公司
1976425	成都恒源印务广告有限公司
1977269	成都天逸美家装饰材料有有限公司
1977846	芦山县古木艺苑乌木工艺厂
1978857	珙县天森建筑劳务有限公司
1978883	成都康辉医药化学有限公司
1979174	西南钻机和空压机租赁有限公司
1972817	成都恒源印务广告有限公司
1979647	富顺县紫琳加工厂
1980080	成都齐荣达物资有限公司
1980621	橘子工厂画材
1980920	四川机麻遥控器批发公司
1981183	成都华正塑料仓包装厂
1981581	四川省达县木头乡红旗村农产品科技有限公司
1982951	成都康弘展柜货架厂
1984614	华途软件有限公司成都办事处
1984920	成都珂美_成都浩纯仪器设备有限责任公司
1985064	四川省花重酒业有限公司
1985934	成都业之峰装饰i工程有限责任公司
1986024	成都名诚广告制作厂
1986060	追银坊有限公司
1987079	成都星星淘宝时装定制厂
1987221	生漆世家有限公司
1987303	成都友邦桥梁检测车租赁有限公司
1987546	成都蜀都笔记本电脑抵押回收有限公司
1987881	朝春台球桌制造厂
1988088	高新区力邦汇建材工程有限公司
1988624	成都低温冷库冻库安装有限公司
1988856	成都鸿昇机械制造有限公司
1992611	成都誉佳财务管理有限公司
1992700	成都市龙顺发农业开发有限公司
1992819	成都创帅天下科技有限公司
1993188	成都科然环保设备有限公司
1993205	惠州市诚兴模具钢有限公司
1993574	成都精绘装饰工程有限责任公司
1994063	老A科技加密狗复制有限公司
1994423	成都横海贸易有限公司
1994518	四川星火包装流水线有限公司
1995166	世界敬企公司
1996266	四川省南充市完美文化管理有限公司
1996353	四川省巴中市巴州区金玉纸厂
1996509	深圳大为世纪科技有限公司绵阳分公司
1996665	成都市森航牧业有限责任公司
1998479	眉山市东坡区罗师线切割加工厂
1998480	蓝月靓服装有限公司
1998884	成都鸿钛裁断机制造有限公司
1998924	峨眉爱君家政服务有限公司
2000242	乐山市科林广告有限公司
2001256	草根完美自由创业公司
2001362	成都凯迪石英石厂
2001739	遂宁尚家暖通工程有限公司
2002015	成都诚鑫荣不锈钢制品有限公司
2002167	成都聚鑫木业有限公司
2002430	仿古秀浴室柜工厂
2003916	宜宾无限春秋文化传播有限责任公司会展服务事业部
2004019	成都瑞年输送设备有限公司
2004129	四川思凯达机械设备有限公司销售一部
2004453	南部县格力中央空调销售有限公司
2004559	海归驿站留学回国咨询服务公司
2005182	成都颖丽装饰材料有限公司销售部
2005353	泸州市川予安不锈钢厂
2005496	成都易荣石化贸易公司
2006311	吉瑞通网上阅卷系统公司
2006472	成都添彩电子设备有限公司尹生
2006777	丽尔水族用品有限公司
2006789	成都市FF豪车租赁有限公司
2007523	遂宁市利达机械设备租凭有限公司
2007610	成都千蜀园林绿化有限公司小尹
2008183	成都紫阳电子科技发展有限公司rjx
2009629	四川胜睿仿石地坪厂
2009754	成都蓝凤翔淘宝服务有限公司
2009778	横飞一星公司
2009981	西安天正电力科技有限公司成都分公司销售部
2005894	成都康尔乐医药科技有限公司
2011500	上海虎桥进口有限公司成都分公司
2012291	浙江宏泰电子设备有限公司成都办
2013005	成都洁美诚‭各种石材翻新护理结晶处理保洁清洁公司
2013110	成都洁美诚清洁保洁服务有限公司
2013262	成都市宜菲尓家具有限公司
2013438	东莞默诺克实业有限公司成都办事处
2014173	四川蜀旺科技有限公司1
2014414	深圳菲欧特科技有限公司彭经理
2014918	虎桥进出口有限公司成都分公司
2015294	四川省宜宾市鸿鑫窗饰智能遮阳制品有限公司
2015902	成都兴辉轮胎贸易有限公司
2016226	开尔文冷冻技术有限公司
2016350	四川一毛智控科技有限公司
2016388	峨眉山天良性制药有限公司
2012905	七夕米线总部有限公司
2017025	成都新百伦工厂店
2018692	德阳沙发订定做沙发批发厂18683874885
2018756	成都大林儿童家具厂
2019890	成都泰杨舒适家科技公司
2020508	成都晴天泵业有限公司
2020882	成都维缤软转有限责任公司
2021186	成都海森玻璃棉有限公司
2021283	成都乾扬礼品公司
2021363	蓝凤翔网络服务成都分公司
2021409	成都董集明室文化传媒有限公司
2021787	高新区星火封口机械有限公司
2021983	锦天翔伞业有限公司
2022003	眉山晋源蜜柚包装厂
2022375	聂小倩羊发公司
2022746	成都美莱生活服务公司
2025036	成都土壤氡浓度.空气权威检测公司
2025200	成都瑞祥数控工具有限公司
2025725	成都立创管道有限责任公司
2025788	四川每日乐科技有限责任公司
2025852	四川欧雅斯木业有限公司
2026134	成都专业PPT制作设计公司
2026211	百U特服针织有限公司
2027520	成都澜谷科技有限公司销售部
2029099	成都星火包装机械设备有限公司
2029383	成都春熙路LED广告有限公司
2029575	四川眉山市奥奇威橡塑新材料厂
2029665	四川天府食舫文化传播有限公司
2030149	四川环球智达科技有限公司
2030188	铭志建筑加固工程有限公司
2030802	宏发土猪养殖厂
2031796	上海冠龙集团川渝销售部
2032050	成都昱睿科技邮箱公司
2032264	四川澳卡喷码机械有限公司
2034491	四川成都富有德卫生间隔断厂家
2034860	乐山龙呤工程机械有限公司
2035147	四川清野道路交通有限公司
2036860	四川省格辉阳电气有限责任公司DQ
2039168	遂宁智诚软件科技有限公司
2039820	四川寓景仿真茅草有限公司
2039945	成都世腾农业发展有限公司
2041867	四川艾弗森汽车贸易有限公司分公司
2042534	双虎家私总工厂
2043417	四川广盛耐磨材料有限公司
2032952	四川奇人面业有限公司
2042544	四川渐进工程有限公司
2044006	法国今斯雅盾集团实业有限公司
2044807	成都青羊区博盛集团
2044847	新13246668811张三
2044862	四川方松开
2045016	景红柠檬1982
2045131	成都宏鹏宇建机管件
2045525	柏思特造价实战技能培训中心
2047355	中英合资湖北好博塔苏斯展览有限公司成都分公司
2047564	成都市智润水景园林公司
2048541	绵阳市振华科技有限公司销售部
2049784	北京希恩机械设备有限公司成都分公司销售一部
2045123	新世纪公司米蓝推荐
2050380	成都股票配资公司
2050456	东莞市必杨贸易有限公司
2050589	北川强氏生态农业开发有限责任公司
2051564	松本电工电器实业有限责任公司
2054309	四川省成都市巨人五金制品厂
2055776	成都套現公司
2055855	成都友邦桥梁检测车租赁有限公司
2056981	北京东方华智咨询有限公司四川分公司
2057056	四川鸿钛裁断机制造有限公司
2058060	隆昌县文秀陶厂
2058171	都江堰市华腾机械热处理有限公司
2058723	四川成都星火贴标机生产厂家
2058739	宜宾牛仔裤批发厂家有限公司
2058765	成都牛仔裤批发厂家有限公司
2058772	内江服装批发厂家有限公司
2058781	乐山服装批发厂家有限公司
2058841	资阳服装批发厂家有限公司
2058886	成都女式棉衣批发厂家
2058911	上海洛克邦机械有限公司
2059025	西安天正电力科技有限公司成都分公司总经销
2059333	四川炫宝智远科技有限公司
2059414	成都亚尼斯阳光房公司
2060219	达威斯工程机械有限公司
2060509	四川省成都市富鸿齐胶辊制辊有限公司
2060542	自贡荣县鸿运土陶厂
2060549	成都市安卓消防电子有限公司
2060898	成都凯润腾达服饰有限公司
2062867	成都龙胜管道疏通有限工厂公司
2063299	深圳市喜视科技开发有限公司四川分公司
2063368	成都泰杨科技有限公司网络部
2064302	广州市汉恒电子科技有限公司成都办事处
2060335	成都精雕国际装饰工程有限公司
2064779	成都精雕国际装饰公司
2066382	成都市永美链条链轮有限公司
2066698	广州间为网络科技有限公司
2066921	成都虹吸排水管道建筑材料公司
2067419	成都祥如旅游汽车租赁有限公司
2067558	成都王子非标自动化设备有限公司
2067791	四川俊川波形护栏科技有限公司
2067960	德阳互利油罐厂
2068061	成都双流大林儿童家具厂
2068256	四川财富构件有限公司
2068546	成都天溯计量检测技术有限公司
2068813	成都丽氏外贸公司
2069812	成都泉驻电子科技有限公司
2070453	宜宾市翠屏区盛世春秋吸塑字穿孔字超薄灯箱制作工厂
2071212	四川厨房自动灭火装置公司
2071278	冰箱不制冷专修公司
2071573	成都嘉信冷库工程有限公司
2072238	南充市劲迪科有限公司
2073213	成都振川辊压机械设备有限公司
2074144	成都私人调查公司
2075037	实力绣花厂
2075202	郫县石头梦雕塑有限公司
2076872	上海九口袋实业股份有限公司成都分公司
2076998	宜宾市盛世春秋广告公司纸杯纸碗厂
2077250	成都万峰盛世商贸有限公司
2077258	南京源动力餐饮管理咨询有限公司
2078165	成都汇成钢铁有限责公司
2078166	宜宾县商州镇炳兴小学校
2078514	成都泰杨舒适家暖通公司
2078573	成都天宝龙建设工程有限公司
2078681	卓奇控股集团
2078826	菏泽牡丹区英格玛机械设备有限公司成都办事处
2079432	四川蜀帝职业有限公司
2079535	成都精雷喷砂喷铝加工厂
2075628	攀枝花路明科技有限公司
2080423	成都中佳信集团
2080696	成都市温江区佳顺广告有限公司
2080767	杭州华银视讯科技有限公司成都办事处
2080798	成都誠德通信科技有限公司
2081438	南充澳斯贸易有限公司内贸部
2081627	澳洲留学论坛
2082124	成都杜维西服定做有限公司
2082755	成都优格瑞德科技有限公司
2083855	四川卓诚一品家装管理咨询公司
2084034	成都互宜物联科技有限公司
2084551	新公司13246668811
2084589	四川零点自动化系统有限公司市场营销部
2085214	四川鬼点子企业营销策划培训有限责任公司
2085574	志刚精密机械厂
2088277	成都圣仕达清洁技术环保有限公司
2088300	安岳县预制水泥管厂
2088431	四川溜索代理
2088495	绵阳首尚雾森科技环保有限公司
2088910	成都宏康美容用品有限公司
2089065	四川丹臣电力工程有限公司
2090726	泰州市金盛不锈钢有限公司
2087100	宜宾珊瑚铭牌厂
2091158	成都源轩家私有限公司
2091792	成都集美生活装饰工程设计有限公司
2093479	德阳黄道酒业有限公司
2094087	武汉登奇机电技术有限公司西南办
2094371	东玉会通发展有限公司
2094831	台湾荃葳工业有限公司西南销售部
2095306	重庆绿冠商贸发展有限公司成都分公司
2095347	南充天文路桥劳务有限公司
2096819	鑫冠诚科技{深圳}有限公司
2097009	宜宾新起起重机械厂
2097023	四川呢迪瑞机电设备有限公司
2097095	广东盈顺澳电器实业有限公司
2097799	安岳鲜柠檬批发有限公司
2098524	成都王记餐饮连锁有限公司
2099240	四川骆电电子有限公司市厂部
2099624	四川长宁鹏洪竹木加工厂
2100266	成都亨得利大通管业有限公司
2100536	四川成都德昕生物科技有限公司
2101527	四川省恒锋废油脂处理有限公司
2102522	古藤集团有限公司
2102809	成都好爱菲餐饮服务有限公司
2103042	彭州胜天商贸有限公司
2104336	黄达印花衣柜专业加工厂
2104769	成都凯利舞台桁架厂
2104779	成都格律是企业管理有限公司
2105239	成都市斯的克防静电设备厂
2105285	成都博景文化传媒有限公司
2105345	成都市盛欣鞋材贸易有限公司
2105660	成都芝麻开花数字技术有限公司销售部
2105733	成都市掌上明珠家具责任有限公司
2105932	成都源码标识技术有限公司王孟金
2105952	四川艺达相框十字绣有限公司
2106201	四川渡缘电子商务有限公司
2106311	四川渡缘电商有限公司
2106369	成都渡缘电子商务有限公司
2106541	成都精雕国际装饰有限公司
2106572	成都精雕国际广告有限公司
2106606	成都河图暖气工程有限公司
2107045	广元草根商盟科技有限公司
2107251	自贡家欣家政有限公司
2105985	精雕国际品牌运营集团
2107681	四川省峨眉山市双辉生态有机肥有限公司
2107855	四川非煤矿山机械设备有限公司
2107860	逸马顾问国际集团
2108197	四川新三板普金投资管理有限公司
2109138	成都从盛科技有限公司王先生
2109958	安县花荄镇尚佳壹玖陆捌火锅城
2110100	成都清山大件吊装有限公司
2110183	四川锋豪机械有限公司
2110341	四川妙师餐饮连锁管理有限公司
2110537	达州市凤仪安防有限公司
2110573	四川省成都市守金欧式构件厂
2111157	四川防滑绿色绝缘毯制造厂
2111198	四川中恒融创投资集团有限公司广安分公司
2112386	成都致力精密机械有限公司
2112473	成都世纪天晟金属制品有限公司西南地区
2112932	联合一百艾尔思生态家电集团
2113683	成都华博国际展览有限公司
2116410	世纪竹帘有限责任公司
2116504	什邡市恒达包装实业有限公司
2116946	成都思雷广告制作有限公司
2118019	成都蜀川印章有限公司
2118108	徐丹肃宁昌盛针织厂
2119424	绵阳千道网络公司
2119599	欧兰娜鞋厂
2119657	成都雅图仕职业装定做公司
2120331	四川防爆手拉葫芦设备有限公司
2120421	德力网络投票公司
2120994	郫县宏达石材有限公司
2121227	成都市青白江区清泉天人养老助老服务股份有限公司
2121231	武胜县洪莉四通汽车租赁有限公司6
2121370	四川亨利建筑加固工程有限公司
2121676	雅安荥经多目传媒
2122006	四川金诺城贸易有限公司
2122148	成都馨韵沙发制造厂
2122792	成都市中联矿山机械配件有限公司
2123427	成都宏森古典中式仿古家具有限公司
2123467	四川奥星防水工程有限公司邓
2123506	成都市富和石膏装饰材料有限公司
2124006	重庆哲迅公司成都分公司
