2091567	揭阳仲兴塑料机械厂
2092673	佛山市陆锋金属建材有限公司广州分公司
2092677	佛山市陆锋金属建材有限公司深圳分公司
2092706	广州孚姆实业股份有限公司
2092709	广州好蝶化妆品生物科技有限公司
2092714	深圳市浩升旺再生资源回收公司
2092740	佛山创益磁业新材料发展有限公司
2092743	深圳市嘉睿轩自动化设备有限公司生产部
2092750	河南滤中滤开水器商用
2092757	东莞市荣腾模具钢材经营部
2092760	深圳市嘉睿轩自动化有限公司市场部
2092797	深圳博洛尼整体家装体验馆
2092819	东莞菲妮卡服饰
2092828	众联数据服务有限公司广州公司
2092833	鸿海船木家具厂
2092676	东莞市东升地坪材料有限公司惠州工程分公司
2092826	广州优顺达国际货运有限公司
2092849	深圳柏斯福商贸有限公司
2092851	东莞一休网络科技有限公司总部
2092857	广州菱泰自动化有限公司李小姐
2092869	广东优诺塑胶材料有限公司
2092872	深圳泰美姿化妆品有限公司
2092885	深圳市恒鑫立德电子经营部
2092898	东莞注礼堂商标印刷丝印部
2092916	深圳市玖零皓科技有限公司部门
2092949	深圳市广隆集团
2092959	东莞市凯格精LED设备有限公司
2092974	ZhuhaiDaeiLightingCo.,Ltd
2092980	佛山市顺德区盛世群力包装印刷有限公司佛山总部
2093030	深圳市益达安电子科技
2093032	南海力丰集团
2093039	深圳市新姿堂贸易有限公司
2093061	乐从君和国际家居城
2092855	宝缇嘉高仿皮具
2093113	佛山市南海区洪昌聚发机电阀门有限公司2
2093114	深圳市南山区益熙五金灯饰配件
2093141	深圳浙动机械设备有限公司华南
2093151	香港保驰豪车大包围
2093176	冯润冷冻食品
2093207	东莞市炬呈文化创意有限公司李刚
2093249	深圳市正凯钟表加工厂
2093272	广东佛山市南海欧驰门窗厂
2093293	中山市石岐区竹林居环保清洁服务部
2093307	香港卡诺莎酒店用品有限公司
2093366	狮子王船木家具
2093387	东莞市奥明精密弹簧有限公司
2093430	广州布莱特皮具有限公司
2093449	广州紫馨橡塑制品有限公司
2093451	广州宏达橡胶厂
2093456	深圳市易安讯通信科技有限公司
2093467	江门好得力包装有限公司
2093478	东莞市雅帮塑胶有限公司
2093480	金奥KTV支架股份有限公司
2093492	东莞市亿慧塑胶原料有限公司
2093545	深圳市华洁仕卫浴有限公司
2093568	深圳市昇沐科技有限公司
2093517	深圳市徐世祥广告有限公司
2093610	广州市天河区大观军恒机械配件经营部
2093617	广州市佳鍀立机械科技有限公司
2093640	佛山市声动文化传播有限公司
2093692	东莞市恒昊塑胶制品有限公司销售部
2093702	卓众猎头有限公司
2093755	深圳市多丽工艺礼品有限公司林峰
2093756	亚西亚银饰批发网
2093772	东莞市塑缘塑胶导电防静电
2093773	深圳惠环球富邦国际货运代理有限公司
2093774	广州家安爱尔化妆品厂
2093791	伊派生态门
2093800	简妮雅家居品牌
2093614	深圳市安华达科技有限公司销售部
2093780	深圳远大印刷有限公司陈
2093823	东莞市海雅五金饰品有眼公司
2093849	江门市江海区昌胜卡板木箱制品有限公司
2093853	广州马会夜总会广州马会酒店会所广州马会俱乐部广州马会KTV
2093868	广州市宝霓美汽车用品有限公司广州分公司
2093879	依丽莎成人用品
2093901	博邦诚光电手机防水
2093906	深圳遥观蓝海照明器
2093913	深圳市佑毅光电有限公司
2093914	i亿佳玩具
2093916	菁英世家不锈钢橱柜
2093961	中山市诺曼迪电子科技有限公司广州分公司
2093985	广州裕丰润滑油有限公司
2094004	澳洲别敏深圳咨询中心
2094038	东莞市贝拓机械厂
2093854	林逸个体经营
2094065	深圳市星砾科技有限公司
2094135	新会会城科腾不锈钢制品有限公司
2094146	深圳市山川电解设备有限公司
2094147	广东省房屋安全检测鉴定机构
2094160	深圳市品晟盈电子商行
2094169	华强北专业维修门禁锁
2094178	广东省江门市蓬江区五福三街19号首层
2094187	国美花边工艺厂
2094196	深圳市百一光电科技有限公司首页
2094255	中山市名品水族用品有限公司
2094275	江门天达卡板木托盘木箱加工厂
2094286	广州大圆机械设备有限公司销售部
2094303	广州市花都区狮岭鹰之歌箱包厂
2094330	深圳市鹏城九九电器维修有限公司
2094385	深圳御科视讯有限公司
2094386	佛山市金辉銘不锈钢有限公司
2094388	广东大榕树信息科技有限公司武汉办事处
2094393	广东旺货达贸易有限公司
2094405	东莞祥发宝开关制品厂
2094427	广州天河玫琳凯工作室
2094430	阳江市远达工艺厂
2094435	东莞鑫辉间棉厂
2094439	惠州市永金属物质回收有限公司
2094444	广州市番禺数码印刷数码快印菲林输出有限公司
2094452	深圳市永创宏诚实业有限公司
2094433	精诚微型摄影机
2094462	翔霖磁材加工厂
2094472	广州红帆国际货运代理
2094481	时尚一族靓女服饰
2094523	东莞市精准通检测服务有限公司销售部
2094631	山东省科隆颜料厂
2094634	深圳新添润印刷设备有限公司
2094637	佛山尚硕定制家具有限公司
2094658	深圳市领德辉科技有限公司alice
2094671	东莞市大朗镇英展衡器有限公司
2094564	鹰通国际危险品货代有限公司
2094677	惠州市宝鑫达实业制品有限公司
2094688	惠之良品服装批发
2094721	锐丰喷涂烤漆厂
2094752	深圳市科唯佳科技发展有限公司段小玉
2094781	广州俪宝展国际
2094802	东莞广拓工艺品树脂原材料有限公司
2094803	深圳是邦尼展示用品有限公司
2094820	深·广世锦国际进出口有限公司
2094824	深圳市鸿升行电子商务一下公司
2094840	刘新弟+个体经营
2094870	汕头顺利清通公司
2094899	广州易玛国际物流有限公司小王
2094913	开元3D个体经营
2094921	广州鼎博皮具有限公司
2094961	广州麦盾安全设备有限公司业务部
2095010	佛山金大洋不锈钢有限公司文小姐
2095013	广东佛山家品耐力板
2095016	广州宏达空气过滤材料有限公司
2095036	东莞樟木头金牛家电制冷维修公司
2095061	优科家电服务
2095079	深圳市欧雷浦照明科技有限公司销售部
2095086	广州市番禺区石楼聚精美服装辅料加工厂
2095095	深圳市众联数据服务有限公司广州分公司
2095101	广州形动影视
2095126	伊派生态门李先生
2095129	广州俪宝艺术
2095150	姿色成人用品商城
2095178	深圳市众诚鑫电子有限公司冷华丽
2095192	怡佰颜化妆品公司
2095209	红门智能科技股份有限公司深圳分公司
2095211	深圳毅能达智能卡制造有限公司金融事业部
2095219	中山市小榄镇万顺隆五金工具商行
2095233	英伦爵士壁纸公司
2095241	深圳市思迈微电子有限公司销售部
2095250	深圳市旺旺电动卷闸门有限公司
2095283	恒兴盛精密五金制品厂
2095317	广州市舒雪儿服饰有限公司
2095370	广州舞风灯光音响租赁有限公司
2095384	深圳市速牌科技有限公司邓先生
2095389	全国十佳化妆品OEM/ODM厂商
2095399	达兴沐足KTV用品
2095405	泵阀英才网
2095415	成泰光电集团
2095419	鹏博士电信传媒有限公司长城宽带有限公司
2095442	安德斯防水材料有限公司
2095455	潼胜电子科技有限公司
2095582	惠州市永升废品回收公司
2095607	广东吉子服饰有限公司
2095622	樊柄言个体经营
2095626	明荃狐臭净
2095633	麦广钊+个体经营
2095643	深圳欣创宏图科技有限公司华南区
2095651	東莞釆升電子有很公司
2095655	恒之宝珠宝镶嵌公司
2095678	香港朗顺贸易有限公司
2095680	中山市櫻寶电器科技有限公司
2095703	丰裕五金牙套工具
2095719	广州植美村化妆品有限公司
2095743	小嘟嘟书店
2095745	广州思梵办公家具厂
2095785	佛山市南海区齐发隆机械设备厂
2095837	广州盛大布业
2095854	深圳市国兴印刷厂
2095872	深圳市艺星纸品印刷厂
2095964	广州市海珠区唯侃通讯器材经营部
2096017	东莞市万江辰锐刀具厂
2096031	广州市美印数码设备有限公司
2096035	东莞诚辉工控
2096051	东莞市华新电子科技有限公司11
2096066	宋飞兰个体经营代理
2096076	茂名云商软件公司
2096083	中山一象门禁电锁五金制品厂
2096089	佛山大沥恒源铝材有限公司
2096096	阳江市辉昂塑料制品有限公司
2096111	北京金铭时代租赁公司
2096115	360华南地区总代理
2096119	深圳市国大有机硅有限公司
2096147	辉逊电子科技有限公司
2096148	广州永益服饰服装辅料厂
2096191	康之宝不锈钢有限公司
2096199	锦坤达物流清关公司
2096209	广东玉竹缘珍禽种苗繁育基地
2096240	顺发化工原料回收有限公司华南地区
2096259	四会市宜塑环保塑料厂
2096264	新势力超级微营销教程
2096160	深圳市浩敏安防科技有限公司销售部
2096299	新沣纸巾厂
2096300	广州弘发包装公司
2096302	东莞市塘厦诚鑫磨具加工
2096303	有感觉时尚商城
2096327	佛山市高低压成套配电柜动力开关设备厂家有限公司
2096357	力善建材经营部
2096365	佛山市双建包装材料有限公司
2096382	相诚数码专营店
2096389	中山承大镀铬棒厂家
2096409	凤岗宁致窗帘店
2096466	金凤吸塑发光字厂
2096577	德润打包场
2096324	东莞万江鹏程物流
2096468	佛山市南海区大沥天祥货运服务部
2096598	万鸿皮艺有限公司
2096607	豊盛空压机
2096618	普宁市景扬广告制作有限公司
2096654	揭阳市揭东区新亨镇森发刨花板厂
2096655	佛山陶然乐器贸易公司
2096656	百合纯洁有限公司
2096668	亿发环保通风工程
2096676	AQ个体经营
2096680	愛勇森蓝有限公司
2096693	新时代环保无尘通风空调
2096701	广州市历程汽车冷媒空调冷媒用品公司
2096729	顺鑫电脑针织制衣厂
2096733	爸爸去哪儿总公司
2096741	中山歐樣展銷中心
2096796	广州瑞鸿展览服务有限公司蒋萍萍
2096834	艾丽哲实力品牌
2096837	古巷盈洁洁具厂
2096882	美芯时代LED灯饰
2096952	刘小姐的个体经营
2097003	香港米娅集团服饰有限公司
2097024	中国著名品牌驻华南办事处
2097035	微祥微昂贸易有限公司
2097057	东莞市川井机械设备有限公司周小姐
2097064	钟萍萍个体经营
2097081	中山市鼎鸿工艺品有限公司
2097087	潮安县美利不锈钢制品厂
2097088	锐丰家私胶粘企业
2097107	雯蕙数码城
2097131	东莞市亿圣塑化有限公司
2097029	罗浮山公墓
2097061	深圳大宗商品投资有限工资
2097162	深圳市锐垒科技有限公司
2097188	东莞市威贤商贸有限公司
2097210	CCS深圳康来士标准测试技术有限公司
2097216	F零零玖排气技研腾源汽车改装用品有限公司
2097240	广州英希饰品有限公司
2097244	上海铨宏热能设备工程有限公司华南分公司
2097253	香港骏诚商务有限公司杨先生
2097272	深圳市明悦防窥膜有限公司
2097312	上海虎桥国际物流有限公司9540
2097321	koko首饰
2097407	南山互联易速递
2097430	意大利.托斯卡纳专业音响
2097393	中山市中胜丝印蚀刻铭牌厂
2097449	广州百胜激光科技有限公司
2097553	广州泉祥不锈钢水箱厂
2097557	深圳市越达彩印科技有限公司冯生
2097575	盐山县金达机械防护有限公司
2097595	潮品汇年华馆
2097611	广州华天VPN网络科技有限公司
2097645	广州姚至卡套有限公司
2097668	五福园林绿华
2097672	松下贴片机板卡及马达维修
2097683	佛山市南海区唐亚良乳猪店
2097698	惠州专业LED广告制作服务商
2097708	东莞市绿风体育设施有限公司
2097785	T+0实时到账pos机
2097786	深圳小产权房网
2097797	庞宗媛个体经营
2097806	东莞市清润胶粘科技有限公司
2097842	千贝家具、网吧桌椅专业生产厂家
2097844	广州力雕电子设备有限公司张晓妮
2097879	人人派单公司
2097881	三长江机电有限公司江冰怡
2097919	慕施国际化妆品公司
2097923	新威泰拉手
2097930	深圳安博源科技有限公司业务部
2097945	广东飞扬实业集团设备有限公司
2097972	振鸿五金焊接
2098022	中国店配网东莞区
2098088	极奢品集团
2098110	深圳市凯意光电有限公司隆先生
2098155	深圳市舒思盾科技有限公司销售部
2098168	广州富元工业设备有限公司
2098172	深圳市舒思盾科技有限公司销售一部
2098173	盛合国际台湾专线
2098186	深圳市联诚发文化传媒有限公司
2098191	深圳市日曜电机有限公司
2098205	深圳市安厦通科技有限公司
2098217	广州e美特美容仪器有限公司
2098220	惠州市博罗县福润润滑油有限公司
2098229	深圳市诚嘉源电子经销部
2098239	非梵大理石瓷砖
2098003	汕头市南华职业技能培训学校
2098278	鎌钲兴业股份有限公司
2098301	深圳市轻迈自平衡有限公司
2098309	深圳恒利表业《潘生》
2098318	东莞市宏耀塑胶原料经营部
2098320	韶关英诺维锁业有限公司
2098354	广东安盾实业投资有限公司安徽分公司
2098355	深圳市靖龍光电有限责任公司
2098372	广东顺德万诺机械有限公司
2098413	广州中远汽车冷媒有限公司
2098476	金仑印刷厂家
2098479	深圳远航电子邮箱公司
2098486	腾云伟业电子有限公司
2098500	盛大游艇水上用品有限公司
2098501	睿丽名品皮具
2098507	深圳戈德酒业贸易有限公司
2098325	深圳御宝轩国际拍卖展览展销公司
2098572	深圳市凯威检测技术有限公司NO.1
2098581	豊盛螺杆式空压机
2098626	佳人相恋情趣用品
2098634	朵丽丝代理
2098637	广州锐意电镀厂
2098641	澳通科技娱乐用品有限公司
2098649	佛山贝豪生化科技有限公司HB
2098669	中山市鑫星电子工程部
2098736	深圳优色专显科技有限公司谭先生
2098769	小荷品牌特卖网
2098815	东莞市昊发电子有限公司汪
2098817	广州千变触控
2098829	广州一三五气模制品有限公司
2098885	上海虎桥国际物流有限公司9541
2098896	上海虎桥国际物流有限公司9542
2098904	万享供应链管理有限公司9529
2098908	万享供应链管理有限公司9530
2098931	广州市花都区英朗培训中心
2098970	东莞市凯棋电子设备有限公司
2098981	中山市三乡镇昌泰服饰店
2098992	广州增城市朱村镇中远冷媒公司
2098993	深圳市嘉斯铭科技有限公司1
2099004	广州鸿祥装饰公司87561356
2099030	美莱雅美容仪器厂
2099088	广州展航物流有限公司《陈生》
2099177	佛山市鑫升力机械设备有限公司佛山工厂
2099179	深圳市长方捷电子科技有限公司个体生产商
2099187	广州市远翔包装制品有限公司内贸部
2099188	深圳市兴宏远电子塑胶制品有限公司
2099198	广州市领航汽车冷媒空调冷媒公司
2099241	佛山市豪绅堡门业有限公司
2099310	广州鹏誉商务服务有限公司东莞恒信易貸分公司
2099311	深圳市汇旭同创电子材料有限公司
2099329	深圳市飞创物流有限公司
2099350	张远平个人经营
2099425	广东省东莞市精工胶辊制造有限公司
2099439	东莞市鄂渝纸业有限公司
2099457	东莞市凯福机电有限公司业务部
2099461	深圳市环宇航科技有限公司王晓白
2099127	广州凯恩皮具贸易公司
2099467	原色服饰手绘
2099474	BC无线固话基地
2099480	中山市小榄镇乐群木业
2099495	广州鹏程五金行
2099496	广告衫大王有限公司
2099537	广州千禧红金龙鱼苗批发
2099539	锡场华清林伟芝木材供销部
2099563	广州市精诚丝印标牌厂
2099571	东莞58同城网
2099575	东莞市常氏精密机械有限公司
2099604	贤雅印花厂
2099606	净果国际广州亲亲我贸易有限公司加盟商城粉色梦香
2099615	深圳市奥迅光电有限公司
2099625	东莞市螺旋风管厂
2099632	深圳市龙岗区南湾港雄注塑配件部
2099634	广州市益兴彩印厂
2099676	启航线切割加工
2099704	深圳奥圣科技发展有限公司黄萍
2099711	欣向荣胶粘制品
2099752	广州佳德保温材料有限公司
2099767	深圳市镭宇激光科技有限公司市场部
2099801	俄快通俄罗斯专线物流有限公司
2099824	中山市宏达焊材有限公司
2099837	中国锐派科技有限公司
2099857	奥昆集团电子商务部
2099887	东莞市益达漆包线有限公司
2099904	东莞市华兴胶粘带包装设备厂
2099950	苍皓五金加工
2099970	东莞市虎门菲妮卡服饰有限公司
2099986	深圳市逸扬科技电子有限公司
2100022	精度雷雕加工
2100036	众联支付有限公司广州
2100052	东莞市合星电子有限分司
2100056	王先生+个体经营
2100060	深圳博邦诚光电有限公司总部
2100067	深圳是中兴达知识产权运营有限公司
2100072	深圳市华仕电动门有限公司
2100074	一品一灯饰配件厂
2100085	名品一线有限公司
2100098	东莞市锦圣塑料厂
2100128	包罗万象集团
2100141	东莞市江南体育游乐设施有限公司华南地区
2100163	高智高牌泰力胶囊
2100167	国际快递EMSDHLTNTUPS
2100205	AIDE化妆品
2100209	1314520潮流馆
2100240	德国海涛空气净化设备有限公司
2100247	木马皮具有限公司YY
2100268	深圳市东诚空压机设备有限公司
2100281	澳门华夏东方展览拍卖有限公司
2100293	东莞市虎门杨伟媚服装店
2100303	专业批发宝岛魔皂中华神皂
2100314	深圳市耐极扣五金科技有限公司
2100340	佛山市顺德区三长江机电有现公司
2100359	海外代购商城
2100376	香港嘉速国际物流有限公司小李
2100423	东莞市华宝模具冲孔厂
2100461	诚德国际广州艺术品交易中心
2100502	广州新晔网印机械有限公司
2100511	珠海市众诚信东风货车汽车贸易有限公司
2100513	深圳成峰德科技股份有限公司
2100515	广州圣得隆包装有限公司
2100558	广州市永发五金模具厂
2100562	深圳市豪瑞斯全自动清废机有限公司
2100563	东莞市坚盾石墨制品有限公司
2100571	深圳市盛格特有限公司
2100595	深圳市冠泰装饰集团设计研究院
2100614	广州小宝皮具有限公司
2100617	尚感成人用品有限公司
2100645	中衡磁材陈
2100652	深圳市斯蒂文电源有限公司
2100660	东莞市丽辉废品回收公司
2100663	广州中科汇大互动录播有限公司
2100655	深圳市龙华新区观澜鑫洪达手袋辅料加工厂
2100674	格润博尔电气自动化
2100701	东莞易鑫精密机械有限公司
2100721	深圳市联信泓科技有限公司业务部
2100727	东莞市圣鑫金属材料有限公司
2100728	怡和汽车改装
2100736	吴丰淡水鱼肉
2100738	深圳大型小产权房
2100743	广州丰泰挖掘机配件有限公司
2100750	深圳市铭兴土建防水有限公司
2100806	广州市旺远电工器材有限公司梁
2100815	深圳市迪沃斯电器科技有限公司
2100830	深圳凯诚兴科技张飞
2100876	深圳市兄弟制冰系统有限公司钟宇
2100883	东莞市亮琦内衣辅料有限公司
2100895	梅州市日日顺防水装饰工程有限公司
2100993	深圳光明新区顺利水泥制品经营部
2100997	2015深圳殡仪及墓园博览会
2101000	富强防水防腐工程部
2101028	艾丽哲女装
2101036	猎人国际保镖公司
2101053	滤中滤公共开水器
2101091	深圳市中测通检测认证有限公司
2101109	广州荔众家电维修
2101117	深圳市赢德尔电子有限公司
2101120	东莞市大显仪器设备有限责任公司
2101140	众联支付1
2101157	天蕾木业公司
2101170	广东旭天集团
2101201	台式开水器
2101243	深圳市环东国际货源代理有限公司
2101162	深圳美丽华糖烟酒公司
2101299	惠州市金稻谷数控刀具配件有限公司
2101307	上海虎桥国际物流有限公司9543
2101350	北京精雕网
2101364	东莞市海希精密机械商行
2101406	佛山泰豪废品回收公司
2101421	深圳市常丰激光刀模有限公司《杨先生》
2101528	滤中滤企业开水器
2101424	广州特高特国际货运代理有限公司
2101589	东莞市长安纵恒模具钢材经营部长安分部
2101599	东莞市寮步万宇建材店
2101604	东莞市荣恒机械科技有限公司金明财
2101623	广州帝博展览服务有限公司景珂
2101624	香港鸿运达国际物流有限公司
2101625	广州共盈废铜回收公司
2101640	广鑫地毯展销部
2101645	广汽丰田合信南城店
2101653	好巨源西餐家具厂
2101656	敖微科技
2101676	电子IC总汇
2101677	广州好顺货运代理有限公司
2101679	深圳市福运税务代理有限公司
2101690	广东中山鑫禾服装修色有限公司
2101707	深圳礼品润信达有限公司
2101642	东莞常平仪琳化妆培训学校
2101709	楠洋电子科技有限公司白瑶
2101761	广州市黄埔区力鑫纸品加工厂
2101788	广东织唛商标厂
2101795	深圳市新安粤顺五金电器照明批发
2101833	江门宝莹漆化工有限公司
2101843	东莞市创彩包装材料有限公司1
2101922	东莞市塘厦永成化工有限公司
2101969	深圳市吕诚科技有限公司
2101970	深圳市新添润印刷机械设备有限公司
2101999	万桥国际进口物流有限公司
2102000	深圳市快节奏科技有限公司
2102012	广州中宝光缆有限公司－刘冬
2102035	禾亿鑫照明有限公司
2102053	戚Qiqi
2102067	三工开泰激光
2102069	广州恩赐财税管理有限公司
2102131	广州点金广告有限公司1
2102137	触派科技公司市场2部
2102141	触派电子市场4部
2102165	河南台式开水器
2102189	深圳宝凤泽科技有限公司
2102156	贵化胶肽润滑剂
2102216	深圳市是峦峰实业有限公司
2102221	触派电子市场2部王星
2102229	东莞市寮步柏合手袋厂
2102258	台式开水器厂家
2102274	佛山市财鑫不锈钢材料有限公司
2102291	郑州台式开水器
2102325	深圳施贝德科技有限公司营销部
2102350	RD创意礼品工作室
2102381	欧陆天花东莞办事处
2102386	广州同宏信息科技有限公司李美容
2102394	惠州市惠东鸿福春联工艺厂
2102459	尊玛家具有限公司吴镇彬
2102463	深圳市享德美科技有限公司
2102482	深圳金蓝盟管理咨询有限公司涂工
2102504	广东台式开水器
2102512	深圳市圣蓝公共饮水设备
2102547	广东省深圳市中广芯源科技有限公司国内
2102556	河南全自动开水器
2102567	吉彩礼合包装厂
2102582	深圳施贝德科技有限公司营销二部
2102615	深圳市龙润彩印机械设备有限公司/陈生
2102625	深圳市净水年华科技有限公司总部
2102666	燕丰数控设备有限公司0818
2102687	深圳大为世纪科技有限公司分公司
2102697	卓美特五金厂
2102699	深圳金隆美发产品公司
2102700	广州市雅顺装假材料有限公司
2102740	广州罗汉松苗木场
2102775	东莞市聚典摄影工作室
2102734	广州市尚雅品牌服饰发展有限公司
2102796	赛母特展示广告公司
2102799	东莞闽南无纺布袋厂
2102810	蓝凤翔网络商家服务工作室
2102829	新联兴亚克力
2102830	承兑银行汇票贴现买断包装户出租
2102832	江门阳光家居用品有限公司
2102833	惠州市匡欧科技发展有限公司
2102846	新加坡拜尔国际纹绣传播机构
2102887	深圳市嘉睿轩自动化设备有限公司总部
2102905	易富服饰制衣厂
2102931	深圳越达宏业科技有限公司销售五部
2102939	东莞立邦刷新服务
2102953	深圳有感觉电子商务有限公司
2102964	深圳市腾达伟业电子商行
2102982	金雀牌振动器
2102986	惠州市惠阳区富力兴包装材料有限公司
2102989	朱生元+个体经营
2102990	广东赛丽工业材料有限公司
2102995	佛山市金弘德不锈钢企业有限公司
2103008	办理中国著名品牌！
2103013	中山市佳力仕流水线设备经营部
2103028	佛山市鸿运玩具厂
2103029	广州业达精品皮具
2103035	龙勋个体经营
2103036	深圳市鹏达屏蔽材料有限公司
2103040	领梦卡盟科技有限公司
2103041	AG娱乐社区
2103069	深圳市日月光全息防伪标制品厂
2103087	广州申悦贸易进出口有限公司
2103116	伟发太阳蓬
2103130	东莞市泽昊实业有限公司〔李生〕
2103145	中山市蜻蜓涂料厂
2103175	深圳市金宝佳电机有限公司
2103181	广州市孚帮塑料制品有限公司销售
2103283	深圳市菲格斯机电设备有限公司王小姐
2103319	中山市古镇现代照明电子厂
2103166	狮岭丝印之家
2103302	广州天成电子牌具开发公司
2103332	万家乐)官方售后《深圳万家乐热水器维修中心
2103398	华博胶袋子厂
2103405	金诚水资源探测工程队
2103409	名车改装天地
2103436	深圳琦瑞水电安装公司
2103472	深圳市社保宝安服务代办处
2103478	远帆电气+个体经营
2103504	广州市白云区太和丰和货运市场进源货运部
2103511	广州穗昱电梯有限公司
2103539	广州原单奢侈品手袋厂
2103552	深圳唯美未来科技有限公司
2103586	深圳市迈创盛世实业发展有限公司
2103589	深圳电气科学研究所
2103424	英美吉品牌设计策划学院深圳龙岗校区
2103610	广州索速电子科技有限公司销售部
2103613	广州原生态冷媒有限公司
2103680	东莞市千亿实业投资发展有限公司
2103694	佛山市伟锐机械设备有限公司
2103708	上海泛微网络科技股份有限公司泛微华南业务运营中心
2103733	深圳学车新电子科技有限公司学车之星
2103745	广东琪晟干燥剂制品厂
2103753	广州诚誉酒业公司
2103804	广州鑫昌源展柜厂
2103807	广州市灵通清洁服务有限公司
2103840	东莞市利耐模具有限公司
2103841	博大皮边油
2103848	东莞市禧隆蒸品厨具设备有限公司
2103877	深圳市仁昊宏科技有限公司
2103885	珠海番石榴种植基地
2103901	广州市菱蒙皮具有限公司
2103918	东莞紫罗兰辅料有限公司
2103920	深圳市宏之捷电路有限公司
2103922	中山比克门禁
2103962	美斯达胶粘材料有限公司
2103968	广东潮越五金工贸
2103972	聪乐五金制品厂
2103996	广州金喜路鞋业
2104002	广州正味农产品有限公司
2104008	卓越鹏发物流有限公司
2104098	碣石阿烈电单车
2104191	广州市指南针会展服务有限公司照明事业部
2104203	多咔特包装有限公司
2104281	深圳市佰合供应链有限公司
2104295	广州健特电子有限公司销售部
2104322	东莞市伊恩电动机械科技有限公司华南区
2104326	优之诚童装品牌
2104329	广州市番禺区雅冠服装印花加工厂
2104358	凯迪电子辅料制品厂
2104372	深圳虹望奈喜美电器有限公司陈娇萍
2104405	深圳市欧视卡股份有限公司
2104414	东莞桥头鑫美夹板装饰材料店
2104418	中山市昊琪科技照明有限公司
2104464	深圳中钜铖国际商贸有限公司华南地区
2104481	广州典创座椅有限公司王艳
2104488	东莞市合讯纺织有限公司{lyh}
2104498	中山市中邑模型设计制作有限公司
2104520	深圳博邦诚科技有限公司华南
2104524	金信业门业有限公司黄英
2104610	东莞市祁隆胶业有限公司
2104619	广州华达螺杆
2104655	东莞市盛达水箱有限公司
2104514	哈尔滨新中新电子股份有限公司二线华南
2104528	广州莱智企业咨询有限公司
2104689	好有米马赛克旗舰店
2104750	致美陶瓷展具
2104756	广州零度乐器制造有限公司
2104782	上海强赛纸塑科技有限公司黄江分公司
2104793	深圳市金輝鸿泰投資咨询有限公司
2104827	深圳市科友电路技术有限公司业务部
2104845	昆山樱花智能电器有限公司
2104929	深圳市天诚工程安全材料有限公司
2104934	广东紫葳珍禽种苗繁育基地
2104950	深圳市创富环宇物流有限公司
2104969	潮州市南洋印务有限公司
2104819	奥斯邦三防漆有限公司
2104872	招才通劳务派遣有限公司韶关翁源分公司
2104971	佛山市南海区普金灯饰有限公司销售部
2104984	深圳果虫宝宝科技有限公司
2104991	满池厘竹厂
2104994	佛山市南海伟导灯具配件有限公司
2104998	东莞市巨信塑胶原料有限公司
2105027	意广发胶粘剂销售有限公司
2105047	万佳饮料酒业批发
2105162	非标工程灯具定制
2105178	致胜幕墙板配件有限公司
2105208	东莞金德膳食管理服务有限公司
2105217	广东创美印刷包装有限公司
2105220	中山风采展示有限公司
2105221	深圳永恒成电源科技有限公司
2105260	广东埃科宾格节能服务有限公司
2105261	鸿泰精品货架有限公司
2105000	广州车辆抵押借贷有限公司
2105314	广州金弋戈财税公司
2105319	深圳华航软胶制品有限公司
2105333	美国艾科浦国际有限公司广东办事处
2105373	深圳鼎惠丰电子科技有限公司
2105383	英国英伦公爵壁纸墙纸品牌
2105454	东莞市中天自动化科技有限公避开
2105544	广州越狮工业装备有限公司YS
2105569	广东省佛山市花无缺环保建树有限公司
2105364	广州好玩动漫科技
2105554	鵬丽彩印包装有限公司
2105591	台湾品牌尚台自动喷砂机有限公司
2105612	广州市富腾建材科技有限公司邓生
2105614	中国广东省东莞市亚天电子科技有限公司
2105624	深圳市宝安区宝石东路47号安厦科技园
2105627	广州金昌盛科技有限公司氧化镁销售部
2105636	佛山市中顺液压气动密封件有限公司
2105637	潮安县彩塘镇华发不锈钢五金制品厂
2105714	中国店配网广州天河站
2105724	伟世创光学材料有限公司
2105729	广东优多乐有限公司
2105744	深圳市深广联科技有限公司市场部
2105745	东莞市美光真空电镀厂
2105759	东莞西奥科技有限公司华北区
2105763	深圳火麒麟数码印花有限公司
2105774	深圳中电投资股份有限公司CEIEC
2105586	新世纪一团概念雨
2105863	广州百鸿拍卖行
2105884	中山市伯乐雷照明有限公司
2105898	东莞市雄杰仪器设备厂
2105902	中山市安将电子科技有限公司
2105904	深圳市鸿程废品废料回收有限公司
2105907	广州鑫厚化学责任有限公司
2105918	抛光厂－南海集兵顺达抛光厂
2105976	东莞锦腾贸易有限公司
2106009	东莞锌铝合金压铸及不锈钢铸造
2106024	佛山市南海区强牌五金加工厂
2106034	英浩国际香港有限公司
2106035	东莞长安峻荣精密模具配件加工厂
2106052	诱妃服饰辅料加工厂
2106074	深圳市贝莉丝化妆品有限公司销售二部
2105862	广州英喏医药有限公司
2106099	东莞市眯咻兔童装
2106100	佰士奇烘焙学校
2106110	深圳市美商康仕货运代理有限公司
2106130	佛山市晨鸽起重机械设备有限公司
2106138	深圳市斯丹登科技有限公司钦黔辉
2106182	广州飘飘香餐饮培训管理有限公司
2106211	东莞市景固胶粘制品有限公司
2106227	深圳中国好奶妈健康母乳上门喂养中心
2106231	广州电动独轮车实体专卖店
2106267	佛山尚印象建材公司市场部
2106278	专业接脚机模具制造
2106310	广东西门子电梯有限公司
2106334	日隆电子有限公司福建地区
2106382	广州得力芬电子
2106404	触派公司业务部
2106409	河南不锈钢开水器
2106212	深圳市和盛粘结材料有限公司
2106365	香港赛尔嘉国际货运代理有限公司kily
2106372	广州市扬城国际海运
2106421	东莞市吉鸿塑胶原料有限公司
2106422	源鴻興有限公司
2106444	东莞美廉家具
2106496	深圳市旭崇自动化设备有限公司1
2106571	广州仙聚信息科技有限公司背景墙
2106581	广州天隆化妆品有限公司tl
2106585	深圳新百琼时装制衣厂
2106594	潮州市潮安区金石镇美莱五金厂
2106626	广州标榜冷媒汽车用品有限公司
2106631	深圳市富欧电商科技有限公司
2106634	平安达货车出租公司
2106648	深圳鑫瑞斯金属制品有限公司007
2106515	鼎泰隆润滑油批发商行
2106675	广州维莉安护肤品有限公司
2106700	广州东达管道探测工程有限公司
2106713	东莞市富鸿磁业科技有限公司
2106719	广州民扬电子科技有限公司
2106728	深圳陈养生实业有限公司
2106736	广东环球互易有限公司
2106746	佛山市杰巴斯五金制品经营部
2106771	金仕美容器材有限公司
2106777	佛山市宇铠五金塑料制品厂
2106785	东莞市恒创兴石化有限公司
2106804	广州愽远实业有限公司
2106844	湘泰过滤网
2106868	佛山欧雅轩铝合金门窗
2106876	东莞市五本商用电磁炉有限公司
2106900	激洋汽车养护
2106977	广州伟兴美容美发消毒设备有限公司
2107006	广州佑能气动工具有限公司
2107011	佛山市欧润贸易有限公司乔小姐
2107029	佛山市华思乐金属装饰制品体验馆
2107040	佛山市亚铝创展门窗有限公司
2107054	肇庆市友源电子
2107056	广州市旗正劳保消防设备有限公司
2107069	广州佳快美化妆品加工厂
2107083	中山坦洲镇富强电子有限公司
2107097	至尚实木古典家具
2107111	深圳市康源堂进口食材有限公司
2107119	主持市香洲依诺服装行
2107126	广州帝博展览服务有限公司招商部
2107145	深圳市唛多多织唛有限公司
2107157	佛山匠生彩印
2107163	小榄货架厂有限公司
2107235	深圳市典艺坊餐厅家具有限公司
2107238	深圳欧丽科科技有限公司华中地区
2107239	湛江开发区冷冻机配件服务部湛江大冷
2107240	试用一下珠宝
2107250	阿里巴巴广州授权渠道商
2107254	广州笑翻天乐园
2107271	东莞欧景乐厨卫有限公司2
2107282	深圳市瑞诺电子科技有限公司中周生产厂家
2107288	汉慕斯门窗有限公司广州营销中心
2107321	美轮彩色不锈钢有限公司
2107353	深圳三达净水器
2107355	国际名品CBD家居
2107371	郑州不锈钢开水器
2107394	巴朗雪冰淇淋公司
2107396	高州市东岸镇六云小学
2107406	中山市东风镇诚隆五金厂
2107441	深圳市斯雅窗饰装饰材料有限公司
2107444	中青旅广州国际旅行社有限公司深圳罗湖分公司
2107448	卡诗诺品牌化妆品商城
2107190	广州茅台保健酒业有限公司
2107435	香港快件庄进口
2107465	我的梦工作坊
2107467	深圳市宝安区新安龙志健安消防器材经营部
2107474	广州市华南鸿盛吊牌厂
2107480	哪裏有打鳥氣槍買賣qq598576588
2107482	广州全自动麻将机销售中心
2107505	大塘脚手架租售部
2107516	广州博士文教办公设备有限公司
2107541	广东广州生物农药厂家直销
2107560	诚业除尘净化设备公司
2107568	广州明华甜品培训
2107570	广州盛峰物流有限公司华南地区
2107582	深圳市平湖镇色彩手机保护套电压袋加工厂
2107634	广东佛山海之洋五金
2107667	深圳市创捷胶粘制品有限公司
2107668	香港妮芙露限公司
2107706	东莞米折服装有限公司
2107601	雅益彩印有限公司
2107721	名鞋坊体育用品有限公司
2107749	深圳宝联皮表带加工厂
2107750	金稻蒸脸器官方网
2107751	金稻蒸脸器林先
2107770	揭阳创奇电热设备厂有限公司
2107799	广东省佛山市顺德区科卡五金设备厂
2107824	深圳鹏程白癜风
2107836	深圳蓝科精密工具有限公司
2107843	香港新邦注册代理有限公司
2107844	深圳诺胜技术发展有限公司销售部
2107863	上海派瑞特有限公司少
2107873	广州祥翊包装制品厂销售一部
2107885	深圳市易昌隆电子科技有限公司
2107922	广州贝利包装材料有限公司
2107929	东莞雁田意普公司
2107944	东莞直达物流专线货运公司
2107801	芙蓉兴盛刘伟店
2107878	深圳市恒航报关行
2108007	广州市海田国际货运代理有限公司
2108009	深圳市宝安区大浪和顺兴橡塑材料行
2108013	广州市海田国际货运代理有限公司
2108018	广州市海田国际货运代理有限公司
2108106	展翅的雏鹰
2108113	澄海库存玩具批发库存玩具批发公司
2108119	深圳市讯航星辰国际物流有限公司
2108140	佛山市富强防水补漏工程队
2108142	称斤玩具批发称斤玩具有限公司
2108178	东莞臻鸿电镀加工厂
2108188	广州安德斯防水建材有限公司
2108230	深圳创富餐饮小吃培训机构
2108247	东莞市联臻塑胶电子科技有限公司市场部
2108269	广州市海田国际货运代理有限公司
2108312	广州德稻品牌管理集团
2108333	广州市海田国际货运代理有限公司
2108358	深圳卡巴科技郝高峰
2108369	车坛宗师168
2108398	深圳市上博尔奥科技有限公司
2108403	东莞明鑫金属回收公司
2108416	深圳前海首华国际商品交易中心会员
2108424	深圳市振志博瑞科技有限公司
2108486	深圳贝莉丝化妆品有限公司市场部
2108505	安顺康驾驶学校
2108451	广东赢鼎实业有限公司
2108531	东莞市興之扬电子科技有限公司
2108546	金稻蒸脸器总代
2108582	深圳市火星品牌策划设计机构
2108603	东莞宏泽展览装饰有限公司
2108617	广州银行承兑汇票贴现服务有限公司
2108637	广东省佛山市泰丰装饰材料有限公司
2108647	诚泰国际速递有限公司
2108649	广州朱氏汽车冷媒用品公司
2108660	东莞市千积水实业有限公司
2108664	惠州富力粘胶制品厂
2108673	广州市花都区狮岭鸿营旅行用品厂
2108678	中山市富临物流
2108679	冯佰宋五谷有限公司
2108686	东莞市展荣包装材料有限公司梁缘份
2108688	冉富深圳小产权代理销售
2108537	广州市粤佳兴进出口公司
2108715	康盈铝合金门窗
2108741	梅州华固家具维修养护配送安装
2108745	德群鑫电子线材有限公司张
2108748	佛山美亦坚瓷砖有限公司
2108754	深圳雀鸟麻将机安装服务公司
2108758	樱灿节能厨具有限公司
2108761	原单奢侈品批发
2108763	中盛张拉膜结构有限公司
2108764	开平市粤丰五金超市
2108818	荣鑫磨料磨具批发商行
2108862	澄海库存玩具论斤批发
2108885	深圳市恒大兴业环保科技有限公司杭州办事处
2108901	鑫海盛塑胶模具制品厂
2108914	东莞市逸诚玩具制品有限公司
2108824	深圳市博迅达贸易公司
2108921	深圳市诚发胶贴制品有限公司
2108923	澄海库存玩具称斤批发市场
2108926	凌褀国际有限提议本公司
2108954	鹏程无忧工商注册
2108999	深圳市龙华新区龙华绿果之园坚果店
2109009	虎门菲妮卡服饰有限公司
2109021	中国玩具批发市场大全
2109034	深圳市斯努美特科技有限公司
2109089	东莞市祺富家居用品有限公司
2109123	澄海库存称斤玩具大全
2109204	澄海高档库存玩具有限公司
2109208	企程网络营销培训
2109226	库存玩具称斤批发有限公司
2109241	澄海义乌库存玩具批发
2109251	澄海库存积压玩具有限公司
2109259	澄海专业库存玩具批发有限公司
2109271	库存称斤玩具批发商
2109279	佛山市帅强不锈钢工程电动门有限公司
2109283	专业库存玩具称斤卖有限公司
2109289	广东省深圳市天盈通汽车综合服务有限公司
2109295	佛山市日利通变压器有限公司
2109301	称是澄海专业库存玩具批发
2109322	澄海库存积压玩具批发
2109329	东莞市新邦企业事务代理有限公司
2109333	澳琳莱装饰材料有限公司
2109354	全国库存玩具批发有限公司
2109373	澄海库存玩具货源提供
2109382	广东库存玩具批发有限公司
2109379	深圳市车路士企业顾问有限公司
2109403	各种各样的库存玩具论斤称有限公司
2109404	广州双亚模特衣架有限公司新亚模特SIYACN品牌运营中心
2109415	义乌澄海地摊庙会玩具有限公司
2109442	全国各地库存玩具批发有限公司
2109448	澄海库存玩具批发有限公司
2109457	太空1号照明
2109460	库存玩具批发全国总汇
2109466	茶山冯佰宋五谷粉有限公司
2109478	厂家直销早教玩具批发
2109488	澄海最大的库存玩具批发有限公司
2109500	澄海库存玩具批发市场
2109516	灯缘世家有限责任公司
2109520	东莞市虎门旭易达五金制品厂
2109561	中山市比森美容仪器有限公司
2109563	中国库存玩具批发称斤网
2109568	鹤山新力量压缩机有限公司
2109583	澄海稀奇古怪玩具批发市场
2109593	深圳市智敏测控科技责任有限公司
2109596	澄海玩具论斤批发有限公司
2109603	澄海库存玩具论斤批发有限公司
2109621	深圳寰鑫昱达国际贸易有限公司
2109625	深圳市魔法英语有限公司
2109627	深圳市思洛宝有限公司
2109659	广东新奇特创意精品专卖商行
2109671	广州知音国际货运代理有限公司
2109684	广州优迪音响器材有限公司
2109688	深圳众诚鑫电子有限公司销售部
2109698	深圳市流星钻石
2109702	ATC冠准检测
2109749	坚仕力建筑五金
2109784	各种镜片低价出售
2109789	银行承兑汇票贴现企业包装户出租公司
2109792	东莞市虎门贝拓机械厂
2109804	深圳华检检测技术有限公司胡立梁
2109825	中山鑫恒保温材料有限公司
2109852	海恒凯电梯配件
2109876	玩具批发网站大全
2109902	广州鑫宇达服装有限公司
2109904	义乌十元小商品批发
2109919	地摊货玩具批发网有限公司
2109926	澄海儿童玩具批发市场有限公司
2109994	金泰高科外摄像机外壳制造商
2109996	光亮照明科技有限公司国内市场部
2110027	深圳是深洁源科技有限公司
2110040	098餐饮加盟网
2110044	触派一体机厂家
2110057	专卖店断码清货批发
2110066	触派电子一体机科技公司
2110091	深圳市嘉美盛厂房装饰设计有限公司
2110115	ShenzhenYundahongfurnitureCo..Ltd.
2110117	深圳市欣迈宏科技有限公司谭生
2110169	深圳市龙岗区品阳机电设备厂
2110184	深圳立卓科技有限公司[珠三角}
2110216	海欣隆磁铁有限公司
2110225	广辉手袋贸易
2110306	中国店配网珠海区
2110335	佛山铎燕金属材料有限公司
2110357	深圳鼎尚科技有限公司朱解放
2110364	广东恒络金属制品有限公司
2110379	万国草本香港精油有限公司
2110406	东莞市博晖塑胶原料有限公司
2110429	中山市鹏派制衣有限公司
2110436	深圳市三一精工科技有限公司黎小姐
2110453	佛山市博莱思包装机械制造有限公司
2110472	广东微亿金融信息技术服务有限公司
2110493	金鼎弹簧机械厂
2110497	广州高仿手表批发零售公司
2110511	欧莱雪冰淇淋公司
2110530	深圳市奥圣科技发展有限公司分公司
2110535	珠海市联芳电子材料有限公司业务
2110548	广东东莞青华模具学院
2110554	深圳市吾忆线材电子有限公司
2110557	肇庆亚洲三菱电梯有限公司余生
2110563	深圳市旭日致远光电有限公司
2110591	香港凯润化妆品有限公司冯小姐
2110608	深圳迈思特磨具配件有限公司
2110612	广州宏权机械配件有限公司
2110641	东莞旭柏新材料有限公司
2110648	佛山林艺钛金
2110665	佛山欧亚特机械设备有限公司李生
2110676	深圳日成光学有限公司
2110721	最大儿童玩具批发市场
2110738	扬狮微商学院有限公司
2110739	按斤称的玩具批发
2110749	地摊称斤玩具批发有限公司
2110764	广东江门雅特嘉墙纸有限公司
2110765	库存称斤卖玩具有限公司
2110771	深圳市富兴通办公用品有限公司
2110774	最便宜的称斤玩具批发有限公司
2110791	义乌库存玩具批发
2110795	广州万子竹木有限公司
2110797	天沃护肤品之选
2110824	中山市宏达白铁通风设备降温工程
2110828	库存玩具遥控飞机批发有限公司
2110841	腾飞外贸库存玩具有限公司
2110843	佛山市康富沙发翻新厂
2110866	开水器价格
2110875	河南开水器价格
2110880	库存玩具批发厂家直销
2110881	樊友电器塑料机械维修
2110891	广东开水器价格
2110893	揭阳市咏兴鞋材厂
2110902	东莞市诚工机械设备有限公司《华南地区》
2110919	中山市金鼎王灯饰有限公司
2110956	广州鸿辉数码科技有限公司
2110958	广州春夏季服装批发网站有限公司
2110969	深圳市铭通捷运国际物流有限公司
2110997	中山市灵鹰辉打印耗材有限公司3
2111013	触派多媒体展厅设计公司
2111019	触摸屏一体机厂家
2111045	儿童益智玩具加盟
2111049	2元儿童玩具批发网
2110914	广州市展航物流有限公司业务部
2110925	东莞市美贝仕铜材表面处理材料有限公司
2111072	称斤玩具批发有限公司
2111081	广东雅美家防火板建材有限公司
2111085	各种各样库存玩具称斤批发有限公司
2111092	各种各样库存玩具论斤批发有限公司
2111097	各种各样库存玩具按斤称有限公司
2111108	各种各样展厅下架玩具批发
2111125	各种各样玩具论斤卖有限公司
2111126	中山市星明浩科技照明
2111137	儿童玩具地摊批发
2111147	玩具称斤卖有限公司
2111151	鸿景源五金塑料有限公司
2111160	各种各样库存玩具批发有限公司
2111163	深圳市运佳科技有限公司业务部
2111174	汇业金一石投资管理有限公司
2111176	各种各样积压玩具论斤卖有限公司
2111179	广州鸿标信息科技有限公司9
2111180	红妆舞蹈培训机构
2111184	广州鸿标信息科技有限公司0
2111185	各种各样积压玩具论斤称有限公司
2111194	澄海库存积压玩具论斤称有限公司
2111188	中山美格印刷广告有限公司
2111204	深圳澳格热转印耗材
2111205	越达宏业彩印有限公司
2111217	澄海展厅下架玩具论斤卖有限公司
2111239	展厅下架澄海库存称斤玩具有限公司
2111245	广州鸿标信息科技有限公司13
2111259	澄海库存称斤玩具大全有限公司
2111273	澄海最大库存称斤玩具有限公司
2111280	益陶特价砖
2111292	东莞永强烫钻加工厂
2111302	东兴齿轮减速机厂
2111308	澄海库存称斤玩具批发有限公司
2111322	汕头澄海库存玩具批发有限公司
2111337	汕头库存称斤玩具有限公司
2111340	广州恒钻雕刻机械设备有限公司
2111349	澄海库存称斤玩具批发市场
2111369	澄海称斤文具玩具礼品批发市场
2111392	东莞市宝捷机电出租设备有限公司
2111221	北京华泰恒通66号会员
2111409	广州鸿标准科技有限公司
2111412	中上市威乐电器科技有限公司
2111419	全国库存称斤玩具批发市场
2111428	广州市东华奥丽源电子科技有限公司
2111435	深圳市新锐力塑胶制品有限公司
2111529	东莞市马军辉
2111559	珠海市尚百腾服装厂
2111563	杭州金峰电器有限公司深圳办事处
2111599	东莞市汉邦盛泰贸易有限公司
2111651	深圳市鸿安达电缆有限责任公司
2111656	永道建材《小杜》
2111677	佛山欧迈特塑胶有限公司
2111460	千幻娱乐牌具有限公司
2111536	广州市静思数码图文服务有限公司
2111690	深圳市桌曦国际物流有限公司
2111716	深圳市卓曦国际物流有限公司《福永》
2111740	佛山得友鑫仓储设备有限公司
2111766	深圳百丰二手模具回收公司
2111783	贝尔国际香港实业有限公司
2111800	深圳市宝安区观澜新永诚电子经营部
2111816	中陆顺通轿车托运
2111898	广州茂宏物流有限公司
2111905	大亚湾新天地装饰材料行
2111973	广州市海田国际货运代理有限公司9527
2111980	广州市海田国际货运代理有限公司9528
2111987	广州市海田国际货运代理有限公司9529
2112010	惠洲市泓鑫磁业有限公司
2111726	卓曦物流中港出口
2111897	东莞市广威胶粘剂有限公司
2112036	中山市和腾办公家具制造有限公司
2112037	佛山市峰正装饰材料有限公司
2112044	深圳市鸿泰锦悦塑业有限公司
2112070	金美惠纸品印刷包装有限公司
2112080	东莞市伟强流水线设备厂家
2112101	雷克斯曼服装厂
2112106	佛山陶瓷七彩虹马赛克有限公司
2112120	阿德萨达公司
2112131	国创有机硅胶材料有限公司
2112168	深圳市龙岗区远帆钢木家具厂
2112202	广东徕亚精密仪器有限公司
2112219	深圳市鲁顺铭科技有限公司市场部
2112286	东莞市固尔琦包装机械有限公司
2112325	深圳市深飞特科技有限公司销售部
2112340	东莞市宏灏自动化科技有限公司缪东灏
2112347	广州市名客餐厅家具有限公司
2112352	佛山铁汉物流有限公司
2112380	深圳腾博宇科技有限公司
2112385	酷意手机收购集团
2112388	电动滑板车代工厂
2112402	深圳市新程塑胶材料制品有限公司
2112404	广东省中山市钰豪照明灯饰有限公司
2112407	广州肇庆四会大旺空压机车圆数厂家服务部
2112411	广州划痕宝汽车用品有限公司
2112437	卡诗诺网上商城
2112445	裕鸿泰工业胶带
2112452	韵美红木家具批发城
2112585	深圳市东强精密塑胶电子有限公司赵军对
2112600	广州市增城天德锁边机
2112625	代办执照入驻阿里
2112629	香港中怡国际拍卖公司
2112812	欧德派塑胶材料
2112817	正品斯雅护肤品
2112852	汕头欧时策划
2112854	广州市腾效达电子有限公司
2112885	东莞日盛模具厂
2112911	东莞市英明富洋实业有限公司
2112936	佛山深友锂电车
2112948	海迪嘉灯饰照明有限公司
2112959	深圳亚大通利实业有限公斯
2112978	东莞市伟成螺帽厂
2112986	萧门石湾包装印刷厂
2112988	汕头纵横激光科技有限公司
2113007	广得疏通公司
2113020	九乐堂成人情趣用品店
2113021	东莞市振东皮带武汉分公司
2113038	广州吉通汽车用品有限公司
2113057	恒发手工外发
2113064	天之雅塑料制品厂
2113068	深圳市金城集团摩托车有限公司
2113112	东莞市塘厦杰创电子机械设备经营部
2113121	河南企业开水器厂家
2113123	东莞市建生塑料有限公司
2113130	高雅布艺世界
2113144	金稻蒸脸器珠海市
2113155	深圳市百利达电器股份有限公司
2113159	金稻蒸脸器专卖
2113163	哈尔滨新中新华南办事处
2113170	广州市誉川防水建材有限公司JM
2113177	佛山市南海立华国际有限公司
2113196	菲妮卡最便宜服装批发
2113203	菲妮卡服装批发公司
2113207	星驰汽车维修有限工司
2113240	东莞厚街虹彩数码印花厂
2113248	柏丽源时尚护肤
2113250	东莞厚街虹彩数码喷墨有限公司
2113251	王俊锋个体经营
2113259	深圳维莎曼尔家私
2113262	广州林峰门业有限公司
2113276	鸿盛名车世界
2113282	个体经营彭媛媛
2113293	广东宅吉丽建材偶先公司
2113297	东莞乐博琴行有限公司
2113314	李艺庆典演出团
2113220	清远市越阳国际货运代理有限公司
2113316	艾玛仕蓝牙音乐智能球泡灯
2113321	东莞市台茂电子材料有限公司陈金城
2113328	中山钟爱灯头
2113341	饲料机定制饲料机设备厂家
2113345	东莞市隆宇电子有限公司成生
2113350	深圳市宝安区西乡嘉盈达制衣厂
2113383	广东韶关送货安装各种家具
2113389	广州昇辉汽配有限公司
2113441	同样以巩固与快乐
2113459	兴创辉精密刀模厂
2113478	卡诗诺品牌商城
2113579	河南速热开水器
2113606	雄川喷砂材料有限公司
2113643	佛山市汉慕斯门窗有限公司南海办事处
2113357	揭阳市雅之博食品厂
2113652	东莞晋唯电子科技有限公司
2113662	东莞市美顺塑胶电子有限公司业务部
2113673	陨石加工厂
2113701	广东深圳华达挖掘机配件有限公司
2113731	深圳市创健表业有限公司
2113820	深圳市诚和兴精密五金有限公司
2113828	深圳市立圆创电子科技有限公司
2113829	广州钜东网络科技有限公司0
2113838	揭阳市贤芯科技
2113843	深圳高一峰润滑材料有限公司
2113845	广州艾克依制卡
2113859	深圳市龙岗区平湖悦购建材商行
2113909	北京华泰亨通石油化工管理咨询有限公司
2113930	东莞市冯佰宋杂粮有限公司
2113976	名品汇广州皮具公司
2114028	佛山正向物流
2114061	佛山市小蜜蜂医疗器材有限公司
2114107	修罗归雁科技有限
2114125	东莞市长安翔力电子设备经营部
2114141	广州伟正电气设备贸易有限公司
2114064	欧盛威深圳办事处
2114142	清远市松岗水泥制品水泥管厂
2114162	广州酷动广州酷动改装汽配中心
2114184	的得美皮具制品厂
2114187	厂家直销普宁市海德鹏防静电手套厂
2114222	杨世梅个体经营
2114225	深圳市鸿飞电子元器件销售部
2114278	花都鸿发管道疏通公司
2114297	深圳学车新电子科技有限公司驾吧
2114311	广州市武创加香机有限公司
2114323	佛山小蜜蜂科技发展有限公司
2114348	深圳市鸿福星硬质合金厂
2114369	深圳弘扬净水设备有限公司
2114377	广州鼎凡机电科技有限公司
2114384	东莞市虎门电商摄影股份有限公司
2114189	香港洋诚国际物流公司
2114212	香港博和国际医疗
